[I 2026-05-15 08:13:47,950] Using an existing study with name 'leaky-1500' instead of creating a new one.
[I 2026-05-15 12:36:57,591] Trial 4 finished with value: 198.38544973544975 and parameters: {'batch_size': 128, 'gamma': 0.9747967477778238, 'eps_start': 0.8774539194799116, 'eps_end': 0.010148105358508488, 'eps_decay': 2415, 'tau': 0.006113830667703489, 'lr': 0.0008907103659489806, 'num_steps': 10, 'beta': 0.8594851584048661, 'hidden1_size': 16, 'hidden2_size': 8}. Best is trial 6 with value: 201.38153439153442.
[I 2026-05-15 12:36:58,280] Trial 9 pruned. Constraint violated: hidden2_size > hidden1_size
[I 2026-05-15 16:02:10,767] Trial 10 finished with value: 285.8134920634921 and parameters: {'batch_size': 64, 'gamma': 0.9834935948162453, 'eps_start': 0.8961884576217062, 'eps_end': 0.06546619822520527, 'eps_decay': 2871, 'tau': 0.0025652938005001845, 'lr': 0.0007205459645851889, 'num_steps': 10, 'beta': 0.9446727192660566, 'hidden1_size': 16, 'hidden2_size': 8}. Best is trial 0 with value: 341.41502645502646.
[I 2026-05-15 20:09:25,229] Trial 15 finished with value: 388.3944973544974 and parameters: {'batch_size': 128, 'gamma': 0.9705471897568203, 'eps_start': 0.9443792023308348, 'eps_end': 0.04979416248018331, 'eps_decay': 2859, 'tau': 0.009670234044579003, 'lr': 0.0001318111547354475, 'num_steps': 10, 'beta': 0.8731499669948799, 'hidden1_size': 32, 'hidden2_size': 32}. Best is trial 15 with value: 388.3944973544974.
[I 2026-05-15 20:09:26,584] Trial 19 pruned. Constraint violated: hidden2_size > hidden1_size
[I 2026-05-15 22:33:14,378] Trial 20 finished with value: 94.5230687830688 and parameters: {'batch_size': 64, 'gamma': 0.9982986553175666, 'eps_start': 0.9185867597669091, 'eps_end': 0.08611501210035594, 'eps_decay': 2820, 'tau': 0.008428510941805453, 'lr': 0.004714971613596812, 'num_steps': 20, 'beta': 0.8690676521546246, 'hidden1_size': 32, 'hidden2_size': 4}. Best is trial 15 with value: 388.3944973544974.
[I 2026-05-16 04:43:06,648] Trial 22 finished with value: 289.3889947089947 and parameters: {'batch_size': 128, 'gamma': 0.9541090076748145, 'eps_start': 0.9063958519778718, 'eps_end': 0.0755169814336165, 'eps_decay': 1611, 'tau': 0.005137507359846112, 'lr': 0.00031112198110141656, 'num_steps': 20, 'beta': 0.7405598570194677, 'hidden1_size': 64, 'hidden2_size': 8}. Best is trial 14 with value: 486.61894179894176.
[I 2026-05-16 04:43:07,765] Trial 27 pruned. Constraint violated: hidden2_size > hidden1_size
[I 2026-05-16 13:57:27,166] Trial 28 finished with value: 178.30074074074074 and parameters: {'batch_size': 256, 'gamma': 0.9839661524080312, 'eps_start': 0.8333206629790211, 'eps_end': 0.032746252610919686, 'eps_decay': 2178, 'tau': 0.008565688267461272, 'lr': 0.0002096480457275432, 'num_steps': 30, 'beta': 0.8269587345707486, 'hidden1_size': 32, 'hidden2_size': 32}. Best is trial 24 with value: 496.2477777777778.
[I 2026-05-17 00:03:12,422] Trial 32 finished with value: 120.43095238095238 and parameters: {'batch_size': 128, 'gamma': 0.9858035493617806, 'eps_start': 0.9691404049650278, 'eps_end': 0.09943908344344211, 'eps_decay': 1344, 'tau': 0.00839819252165207, 'lr': 0.0002142877752566312, 'num_steps': 30, 'beta': 0.9024002140532009, 'hidden1_size': 32, 'hidden2_size': 32}. Best is trial 24 with value: 496.2477777777778.
[I 2026-05-17 13:15:45,025] Trial 35 finished with value: 388.5096296296296 and parameters: {'batch_size': 256, 'gamma': 0.9805563678604833, 'eps_start': 0.8226934899477644, 'eps_end': 0.037576338658684844, 'eps_decay': 2582, 'tau': 0.009186714593362438, 'lr': 0.00018762850662034728, 'num_steps': 30, 'beta': 0.8160629811224338, 'hidden1_size': 32, 'hidden2_size': 32}. Best is trial 24 with value: 496.2477777777778.
[I 2026-05-17 23:41:11,738] Trial 42 finished with value: 294.07074074074075 and parameters: {'batch_size': 256, 'gamma': 0.9737999321486842, 'eps_start': 0.8510361589942738, 'eps_end': 0.05540390937591287, 'eps_decay': 2315, 'tau': 0.005680884562437568, 'lr': 0.0005602376922055912, 'num_steps': 30, 'beta': 0.9060044768141424, 'hidden1_size': 32, 'hidden2_size': 16}. Best is trial 24 with value: 496.2477777777778.
[I 2026-05-18 02:54:48,949] Trial 46 finished with value: 166.8968253968254 and parameters: {'batch_size': 256, 'gamma': 0.9768383658238299, 'eps_start': 0.8867703701614661, 'eps_end': 0.025249079808740603, 'eps_decay': 1865, 'tau': 0.0010411669124301363, 'lr': 0.0002607551993806848, 'num_steps': 20, 'beta': 0.8644052180131662, 'hidden1_size': 32, 'hidden2_size': 32}. Best is trial 24 with value: 496.2477777777778.
[I 2026-05-18 13:11:15,650] Trial 47 finished with value: 482.3282010582011 and parameters: {'batch_size': 128, 'gamma': 0.9644521927502203, 'eps_start': 0.994723270507495, 'eps_end': 0.02072271785768688, 'eps_decay': 1799, 'tau': 0.007019622346908088, 'lr': 0.00012303552422001838, 'num_steps': 20, 'beta': 0.8485520844982146, 'hidden1_size': 32, 'hidden2_size': 32}. Best is trial 24 with value: 496.2477777777778.
[I 2026-05-18 16:23:29,116] Trial 55 finished with value: 63.58079365079365 and parameters: {'batch_size': 128, 'gamma': 0.9591297503337685, 'eps_start': 0.9300653092108738, 'eps_end': 0.014706689936046126, 'eps_decay': 1732, 'tau': 0.006683614318926648, 'lr': 0.00014732156623892406, 'num_steps': 20, 'beta': 0.8347231498029843, 'hidden1_size': 32, 'hidden2_size': 32}. Best is trial 24 with value: 496.2477777777778.
[I 2026-05-19 01:05:50,435] Trial 56 finished with value: 480.5228042328042 and parameters: {'batch_size': 128, 'gamma': 0.9736908566732274, 'eps_start': 0.8849933073882176, 'eps_end': 0.031191688721065515, 'eps_decay': 1715, 'tau': 0.00615414286601471, 'lr': 0.00012729167450426955, 'num_steps': 20, 'beta': 0.8581754556925949, 'hidden1_size': 32, 'hidden2_size': 32}. Best is trial 24 with value: 496.2477777777778.
[I 2026-05-19 06:12:45,797] Trial 61 finished with value: 274.50121693121696 and parameters: {'batch_size': 128, 'gamma': 0.9695206729244918, 'eps_start': 0.8959444529097675, 'eps_end': 0.07835071157082348, 'eps_decay': 1971, 'tau': 0.0075031692196739965, 'lr': 0.002328371527955241, 'num_steps': 20, 'beta': 0.9278434689148577, 'hidden1_size': 16, 'hidden2_size': 4}. Best is trial 24 with value: 496.2477777777778.
