[I 2026-05-15 08:13:46,058] Using an existing study with name 'leaky-1500' instead of creating a new one.
[I 2026-05-15 13:08:17,642] Trial 0 finished with value: 341.41502645502646 and parameters: {'batch_size': 256, 'gamma': 0.9671411782584761, 'eps_start': 0.9855988773764299, 'eps_end': 0.0880851964956686, 'eps_decay': 2800, 'tau': 0.0034141814403959264, 'lr': 0.0005441505343660594, 'num_steps': 10, 'beta': 0.9631760262165665, 'hidden1_size': 32, 'hidden2_size': 4}. Best is trial 0 with value: 341.41502645502646.
[I 2026-05-15 14:20:31,971] Trial 11 finished with value: 34.45301587301587 and parameters: {'batch_size': 64, 'gamma': 0.9772591374325263, 'eps_start': 0.8983457248433185, 'eps_end': 0.07472637062675283, 'eps_decay': 2976, 'tau': 0.007473431977638629, 'lr': 0.00700529967925151, 'num_steps': 20, 'beta': 0.9154610921041578, 'hidden1_size': 8, 'hidden2_size': 4}. Best is trial 0 with value: 341.41502645502646.
[I 2026-05-15 18:44:23,010] Trial 13 finished with value: 248.8210052910053 and parameters: {'batch_size': 128, 'gamma': 0.9944021072573554, 'eps_start': 0.9975755521916037, 'eps_end': 0.018223454029474534, 'eps_decay': 2444, 'tau': 0.0065020855871434505, 'lr': 0.0004601223288933846, 'num_steps': 10, 'beta': 0.9863732952646178, 'hidden1_size': 64, 'hidden2_size': 8}. Best is trial 0 with value: 341.41502645502646.
[I 2026-05-15 20:50:41,559] Trial 18 finished with value: 119.58931216931217 and parameters: {'batch_size': 64, 'gamma': 0.9505156596132651, 'eps_start': 0.9480773067060603, 'eps_end': 0.06651780946601434, 'eps_decay': 2776, 'tau': 0.003055205930731504, 'lr': 0.0046091641793484335, 'num_steps': 10, 'beta': 0.7935097443520449, 'hidden1_size': 64, 'hidden2_size': 4}. Best is trial 15 with value: 388.3944973544974.
[I 2026-05-16 01:35:34,244] Trial 21 finished with value: 484.30359788359783 and parameters: {'batch_size': 256, 'gamma': 0.9732693815578574, 'eps_start': 0.8876815601887306, 'eps_end': 0.03180257571615765, 'eps_decay': 2178, 'tau': 0.008737911666178346, 'lr': 0.0001595507157440073, 'num_steps': 10, 'beta': 0.9313629967727918, 'hidden1_size': 32, 'hidden2_size': 32}. Best is trial 21 with value: 484.30359788359783.
[I 2026-05-16 09:52:59,022] Trial 24 finished with value: 496.2477777777778 and parameters: {'batch_size': 128, 'gamma': 0.986853080946488, 'eps_start': 0.933883240010149, 'eps_end': 0.0898359926292928, 'eps_decay': 2888, 'tau': 0.006593031048980655, 'lr': 0.00018779300974728957, 'num_steps': 20, 'beta': 0.7794011410482998, 'hidden1_size': 32, 'hidden2_size': 32}. Best is trial 24 with value: 496.2477777777778.
[I 2026-05-16 17:43:53,490] Trial 30 finished with value: 225.67068783068783 and parameters: {'batch_size': 128, 'gamma': 0.9856997247290046, 'eps_start': 0.8269498047768281, 'eps_end': 0.09994628058819795, 'eps_decay': 2171, 'tau': 0.008483109246941064, 'lr': 0.00020522543332965047, 'num_steps': 30, 'beta': 0.8463503414703204, 'hidden1_size': 32, 'hidden2_size': 32}. Best is trial 24 with value: 496.2477777777778.
[I 2026-05-17 06:08:26,219] Trial 34 finished with value: 305.84492063492064 and parameters: {'batch_size': 256, 'gamma': 0.9808031856531534, 'eps_start': 0.9613608016825071, 'eps_end': 0.037844973361189124, 'eps_decay': 1415, 'tau': 0.00756812461511554, 'lr': 0.00021013858567895294, 'num_steps': 30, 'beta': 0.8217628316218654, 'hidden1_size': 32, 'hidden2_size': 32}. Best is trial 24 with value: 496.2477777777778.
[I 2026-05-17 16:32:28,504] Trial 38 finished with value: 421.78253968253966 and parameters: {'batch_size': 256, 'gamma': 0.9802929675982844, 'eps_start': 0.8177441329726004, 'eps_end': 0.05678998579557837, 'eps_decay': 2566, 'tau': 0.00922845717811745, 'lr': 0.00015693025098615526, 'num_steps': 30, 'beta': 0.769073810447708, 'hidden1_size': 32, 'hidden2_size': 32}. Best is trial 24 with value: 496.2477777777778.
[I 2026-05-18 03:37:23,111] Trial 43 finished with value: 285.3791005291005 and parameters: {'batch_size': 128, 'gamma': 0.9670610603998816, 'eps_start': 0.8502185068257648, 'eps_end': 0.09188621792970868, 'eps_decay': 2298, 'tau': 0.007031904091559812, 'lr': 0.0005983905753372897, 'num_steps': 30, 'beta': 0.930907396499005, 'hidden1_size': 64, 'hidden2_size': 16}. Best is trial 24 with value: 496.2477777777778.
[I 2026-05-18 03:37:24,498] Trial 48 pruned. Constraint violated: hidden2_size > hidden1_size
[I 2026-05-18 06:12:25,774] Trial 49 finished with value: 102.37513227513227 and parameters: {'batch_size': 128, 'gamma': 0.9645999912041767, 'eps_start': 0.9969494278530675, 'eps_end': 0.005399405027771836, 'eps_decay': 1853, 'tau': 0.005716828289639865, 'lr': 0.00012859948665156076, 'num_steps': 20, 'beta': 0.883484277719984, 'hidden1_size': 32, 'hidden2_size': 4}. Best is trial 24 with value: 496.2477777777778.
[I 2026-05-18 16:54:09,181] Trial 51 finished with value: 484.7857671957672 and parameters: {'batch_size': 128, 'gamma': 0.9731204328857681, 'eps_start': 0.8022652884063377, 'eps_end': 0.0799084076784723, 'eps_decay': 1748, 'tau': 0.007168559024668559, 'lr': 0.0009549421029888889, 'num_steps': 20, 'beta': 0.9347389465242871, 'hidden1_size': 32, 'hidden2_size': 4}. Best is trial 24 with value: 496.2477777777778.
[I 2026-05-19 00:31:56,980] Trial 57 finished with value: 255.8467724867725 and parameters: {'batch_size': 128, 'gamma': 0.9731754771426141, 'eps_start': 0.8026077633131504, 'eps_end': 0.08082088199365027, 'eps_decay': 1215, 'tau': 0.006086908054693319, 'lr': 0.000761660721356833, 'num_steps': 20, 'beta': 0.9717788335688856, 'hidden1_size': 64, 'hidden2_size': 4}. Best is trial 24 with value: 496.2477777777778.
