[I 2026-05-15 08:13:46,054] A new study created in RDB with name: leaky-1500
[I 2026-05-15 08:13:46,811] Trial 1 pruned. Constraint violated: hidden2_size > hidden1_size
[I 2026-05-15 09:33:40,967] Trial 3 finished with value: 73.02089947089948 and parameters: {'batch_size': 64, 'gamma': 0.9720125125461117, 'eps_start': 0.9381139777494105, 'eps_end': 0.0769075337086056, 'eps_decay': 2266, 'tau': 0.002145536462185062, 'lr': 0.0076482980162518545, 'num_steps': 10, 'beta': 0.7251455712196591, 'hidden1_size': 64, 'hidden2_size': 8}. Best is trial 3 with value: 73.02089947089948.
[I 2026-05-15 10:00:50,855] Trial 5 finished with value: 37.88380952380952 and parameters: {'batch_size': 64, 'gamma': 0.9699639774282889, 'eps_start': 0.8901266826800571, 'eps_end': 0.08137115721470145, 'eps_decay': 1612, 'tau': 0.006846093450901337, 'lr': 0.00011374398817465644, 'num_steps': 10, 'beta': 0.7057491530279085, 'hidden1_size': 8, 'hidden2_size': 4}. Best is trial 2 with value: 121.60740740740741.
[I 2026-05-15 14:06:51,351] Trial 7 finished with value: 292.0948677248677 and parameters: {'batch_size': 128, 'gamma': 0.9886380351810896, 'eps_start': 0.9196258223253635, 'eps_end': 0.06638574006673474, 'eps_decay': 1602, 'tau': 0.006083967148311036, 'lr': 0.00069304577792617, 'num_steps': 10, 'beta': 0.9684539969121598, 'hidden1_size': 32, 'hidden2_size': 4}. Best is trial 0 with value: 341.41502645502646.
[I 2026-05-15 16:42:16,657] Trial 12 finished with value: 111.43973544973545 and parameters: {'batch_size': 64, 'gamma': 0.9917155704981416, 'eps_start': 0.8565999103218082, 'eps_end': 0.04858260489198164, 'eps_decay': 2031, 'tau': 0.005120483450968431, 'lr': 0.003522108714229726, 'num_steps': 20, 'beta': 0.7980437177558866, 'hidden1_size': 8, 'hidden2_size': 4}. Best is trial 0 with value: 341.41502645502646.
[I 2026-05-15 16:42:17,133] Trial 16 pruned. Constraint violated: hidden2_size > hidden1_size
[I 2026-05-15 23:05:07,740] Trial 17 finished with value: 434.1688888888889 and parameters: {'batch_size': 256, 'gamma': 0.9777380775375144, 'eps_start': 0.9895470503374375, 'eps_end': 0.024886939796827733, 'eps_decay': 1924, 'tau': 0.001344872346659282, 'lr': 0.00013292051552065134, 'num_steps': 20, 'beta': 0.8441525016400734, 'hidden1_size': 32, 'hidden2_size': 32}. Best is trial 17 with value: 434.1688888888889.
[I 2026-05-16 04:40:23,016] Trial 23 finished with value: 258.9789947089947 and parameters: {'batch_size': 64, 'gamma': 0.9931582782233586, 'eps_start': 0.8066728223925724, 'eps_end': 0.04239397089114262, 'eps_decay': 1895, 'tau': 0.006374183221142156, 'lr': 0.0025636190497632873, 'num_steps': 20, 'beta': 0.7927416724967197, 'hidden1_size': 32, 'hidden2_size': 8}. Best is trial 14 with value: 486.61894179894176.
[I 2026-05-16 11:19:13,027] Trial 26 finished with value: 309.9173015873016 and parameters: {'batch_size': 256, 'gamma': 0.9533686042804527, 'eps_start': 0.9196648832369617, 'eps_end': 0.06723598556894428, 'eps_decay': 2826, 'tau': 0.003971351480133164, 'lr': 0.0003834568460868453, 'num_steps': 20, 'beta': 0.7148365517673801, 'hidden1_size': 32, 'hidden2_size': 16}. Best is trial 24 with value: 496.2477777777778.
[I 2026-05-17 01:34:18,971] Trial 31 finished with value: 432.28814814814814 and parameters: {'batch_size': 128, 'gamma': 0.9849061915070606, 'eps_start': 0.9688642762280877, 'eps_end': 0.05855091845532251, 'eps_decay': 1384, 'tau': 0.008442584219520011, 'lr': 0.00020413067990664166, 'num_steps': 30, 'beta': 0.8299479469035246, 'hidden1_size': 32, 'hidden2_size': 32}. Best is trial 24 with value: 496.2477777777778.
[I 2026-05-17 09:21:31,132] Trial 37 finished with value: 407.81291005291007 and parameters: {'batch_size': 256, 'gamma': 0.9811583274216502, 'eps_start': 0.8228114296944671, 'eps_end': 0.036367169705863706, 'eps_decay': 2575, 'tau': 0.00927781336253981, 'lr': 0.00017987538983081422, 'num_steps': 30, 'beta': 0.814200252132639, 'hidden1_size': 32, 'hidden2_size': 32}. Best is trial 24 with value: 496.2477777777778.
[I 2026-05-17 17:27:03,823] Trial 39 finished with value: 309.7314814814815 and parameters: {'batch_size': 256, 'gamma': 0.9889091035075466, 'eps_start': 0.8646639943531081, 'eps_end': 0.054682861750376885, 'eps_decay': 2043, 'tau': 0.008983803690138983, 'lr': 0.00010547719217824265, 'num_steps': 30, 'beta': 0.7709673650921239, 'hidden1_size': 32, 'hidden2_size': 32}. Best is trial 24 with value: 496.2477777777778.
[I 2026-05-18 05:23:47,573] Trial 44 finished with value: 464.7736507936508 and parameters: {'batch_size': 256, 'gamma': 0.9760884588771539, 'eps_start': 0.998887090037978, 'eps_end': 0.024681216484121526, 'eps_decay': 1928, 'tau': 0.0058102628580744145, 'lr': 0.0002806980844481815, 'num_steps': 20, 'beta': 0.8504871760160096, 'hidden1_size': 32, 'hidden2_size': 32}. Best is trial 24 with value: 496.2477777777778.
[I 2026-05-18 12:24:52,587] Trial 50 finished with value: 295.31968253968256 and parameters: {'batch_size': 128, 'gamma': 0.9631266586802857, 'eps_start': 0.9073917165356006, 'eps_end': 0.012214166719084277, 'eps_decay': 1489, 'tau': 0.009972515939999925, 'lr': 0.0011607414624442527, 'num_steps': 20, 'beta': 0.8818499487650735, 'hidden1_size': 32, 'hidden2_size': 4}. Best is trial 24 with value: 496.2477777777778.
[I 2026-05-18 20:23:24,016] Trial 54 finished with value: 250.07936507936512 and parameters: {'batch_size': 256, 'gamma': 0.9735530537614849, 'eps_start': 0.8012292092106541, 'eps_end': 0.03367834255568391, 'eps_decay': 1727, 'tau': 0.005997976411771134, 'lr': 0.0001497685405756089, 'num_steps': 20, 'beta': 0.8357394833094083, 'hidden1_size': 32, 'hidden2_size': 32}. Best is trial 24 with value: 496.2477777777778.
[I 2026-05-19 02:28:38,907] Trial 58 finished with value: 196.34126984126982 and parameters: {'batch_size': 128, 'gamma': 0.9689947780776522, 'eps_start': 0.8815778213772895, 'eps_end': 0.0728253355249927, 'eps_decay': 1177, 'tau': 0.006590760781338117, 'lr': 0.002245390031680436, 'num_steps': 20, 'beta': 0.9741661145618399, 'hidden1_size': 64, 'hidden2_size': 4}. Best is trial 24 with value: 496.2477777777778.
[I 2026-05-19 09:11:13,218] Trial 63 finished with value: 381.5877777777777 and parameters: {'batch_size': 128, 'gamma': 0.9698991251664016, 'eps_start': 0.8956969458002875, 'eps_end': 0.0918858857173174, 'eps_decay': 1984, 'tau': 0.00464056519100003, 'lr': 0.00044698385841434555, 'num_steps': 10, 'beta': 0.9485612963430792, 'hidden1_size': 8, 'hidden2_size': 8}. Best is trial 24 with value: 496.2477777777778.
