[I 2026-05-19 12:50:30,036] Trial 67 finished with value: 289.69502645502644 and parameters: {'batch_size': 128, 'gamma': 0.9596739803549241, 'eps_start': 0.8392557798929973, 'eps_end': 0.03024273713162069, 'eps_decay': 2982, 'tau': 0.004917252660500927, 'lr': 0.00046386856051492927, 'num_steps': 20, 'beta': 0.8700093150961756, 'hidden1_size': 32, 'hidden2_size': 32}. Best is trial 65 with value: 496.8.
[W 2026-05-19 15:43:27,985] Trial 71 failed with parameters: {'batch_size': 128, 'gamma': 0.9573725561724136, 'eps_start': 0.813182353124773, 'eps_end': 0.08373361792864399, 'eps_decay': 1490, 'tau': 0.008817284681320705, 'lr': 0.00015576086344603853, 'num_steps': 10, 'beta': 0.9160218684991855, 'hidden1_size': 32, 'hidden2_size': 32} because of the following error: KeyboardInterrupt().
Traceback (most recent call last):
  File "/u/niklas2/intrinsic-memory-SNNs/venv/lib/python3.13/site-packages/optuna/study/_optimize.py", line 197, in _run_trial
    value_or_values = func(trial)
  File "/u/niklas2/intrinsic-memory-SNNs/2_training_and_simulation/train/optimize.py", line 224, in objective
    result = train(
        config=params,
    ...<3 lines>...
        optuna_trial=trial,
    )
  File "/u/niklas2/intrinsic-memory-SNNs/2_training_and_simulation/train/train_fn.py", line 273, in train
    action = _select_action(
        state, steps_done, policy_net, device, eps_start, eps_end, eps_decay
    )
  File "/u/niklas2/intrinsic-memory-SNNs/2_training_and_simulation/train/train_fn.py", line 77, in _select_action
    q_values = policy_net(state)  # forwards SNN, returns [1, n_actions]
  File "/u/niklas2/intrinsic-memory-SNNs/venv/lib/python3.13/site-packages/torch/nn/modules/module.py", line 1775, in _wrapped_call_impl
    return self._call_impl(*args, **kwargs)
           ~~~~~~~~~~~~~~~^^^^^^^^^^^^^^^^^
  File "/u/niklas2/intrinsic-memory-SNNs/venv/lib/python3.13/site-packages/torch/nn/modules/module.py", line 1786, in _call_impl
    return forward_call(*args, **kwargs)
  File "/u/niklas2/intrinsic-memory-SNNs/2_training_and_simulation/train/snn_policy.py", line 159, in forward
    spk2, mem2 = self.lif2(h2)  # output spikes and membrane of final LIF
                 ~~~~~~~~~^^^^
  File "/u/niklas2/intrinsic-memory-SNNs/venv/lib/python3.13/site-packages/torch/nn/modules/module.py", line 1775, in _wrapped_call_impl
    return self._call_impl(*args, **kwargs)
           ~~~~~~~~~~~~~~~^^^^^^^^^^^^^^^^^
  File "/u/niklas2/intrinsic-memory-SNNs/venv/lib/python3.13/site-packages/torch/nn/modules/module.py", line 1786, in _call_impl
    return forward_call(*args, **kwargs)
  File "/u/niklas2/intrinsic-memory-SNNs/venv/lib/python3.13/site-packages/snntorch/_neurons/leaky.py", line 210, in forward
    self.mem = self.state_function(input_)
    ^^^^^^^^
  File "/u/niklas2/intrinsic-memory-SNNs/venv/lib/python3.13/site-packages/torch/nn/modules/module.py", line 1968, in __setattr__
    def __setattr__(self, name: str, value: Union[Tensor, "Module"]) -> None:
    
KeyboardInterrupt
[W 2026-05-19 15:43:28,002] Trial 71 failed with value None.
Search space loaded from: configs/search_spaces/leaky.yaml
Using device: cuda
Resuming study 'leaky-1500' with 4 existing trials

Study: leaky-1500
Neuron type: leaky
Trials: 32
Storage: sqlite:///optuna_studies/leaky-v3.db


============================================================
Trial 4: leaky [16-8] lr=0.0008907103659489806
============================================================
  Episode 50/1500  avg(100): 21.3
  Episode 100/1500  avg(100): 43.7
  Episode 150/1500  avg(100): 90.5
  Episode 200/1500  avg(100): 122.1
  Episode 250/1500  avg(100): 96.4
  Episode 300/1500  avg(100): 90.6
  Episode 350/1500  avg(100): 118.3
  Episode 400/1500  avg(100): 70.5
  Episode 450/1500  avg(100): 79.7
  Episode 500/1500  avg(100): 174.7
  Episode 550/1500  avg(100): 300.9
  Episode 600/1500  avg(100): 401.5
  Episode 650/1500  avg(100): 344.3
  Episode 700/1500  avg(100): 387.6
  Episode 750/1500  avg(100): 495.3
  Episode 800/1500  avg(100): 490.4
  Episode 850/1500  avg(100): 495.1
  Episode 900/1500  avg(100): 500.0
  Episode 950/1500  avg(100): 495.3
  Episode 1000/1500  avg(100): 481.4
  Episode 1050/1500  avg(100): 448.5
  Episode 1100/1500  avg(100): 314.6
  Episode 1150/1500  avg(100): 189.0
  Episode 1200/1500  avg(100): 214.0
  Episode 1250/1500  avg(100): 262.7
  Episode 1300/1500  avg(100): 185.7
  Episode 1350/1500  avg(100): 85.1
  Episode 1400/1500  avg(100): 214.2
  Episode 1450/1500  avg(100): 229.0
  Episode 1500/1500  avg(100): 197.4
Trial 4 done: best_avg=500.0, final_avg=197.4, tail_iqm=199.6

============================================================
Trial 10: leaky [16-8] lr=0.0007205459645851889
============================================================
  Episode 50/1500  avg(100): 17.6
  Episode 100/1500  avg(100): 17.2
  Episode 150/1500  avg(100): 38.7
  Episode 200/1500  avg(100): 97.6
  Episode 250/1500  avg(100): 121.0
  Episode 300/1500  avg(100): 99.6
  Episode 350/1500  avg(100): 107.2
  Episode 400/1500  avg(100): 125.9
  Episode 450/1500  avg(100): 128.9
  Episode 500/1500  avg(100): 135.2
  Episode 550/1500  avg(100): 125.4
  Episode 600/1500  avg(100): 144.2
  Episode 650/1500  avg(100): 166.8
  Episode 700/1500  avg(100): 132.8
  Episode 750/1500  avg(100): 244.0
  Episode 800/1500  avg(100): 362.4
  Episode 850/1500  avg(100): 321.8
  Episode 900/1500  avg(100): 315.6
  Episode 950/1500  avg(100): 341.7
  Episode 1000/1500  avg(100): 319.8
  Episode 1050/1500  avg(100): 220.9
  Episode 1100/1500  avg(100): 196.2
  Episode 1150/1500  avg(100): 236.3
  Episode 1200/1500  avg(100): 274.8
  Episode 1250/1500  avg(100): 325.6
  Episode 1300/1500  avg(100): 253.6
  Episode 1350/1500  avg(100): 193.2
  Episode 1400/1500  avg(100): 311.1
  Episode 1450/1500  avg(100): 382.6
  Episode 1500/1500  avg(100): 269.1
Trial 10 done: best_avg=391.5, final_avg=269.1, tail_iqm=287.0

============================================================
Trial 15: leaky [32-32] lr=0.0001318111547354475
============================================================
  Episode 50/1500  avg(100): 19.8
  Episode 100/1500  avg(100): 17.2
  Episode 150/1500  avg(100): 15.4
  Episode 200/1500  avg(100): 18.0
  Episode 250/1500  avg(100): 16.9
  Episode 300/1500  avg(100): 25.6
  Episode 350/1500  avg(100): 106.5
  Episode 400/1500  avg(100): 164.3
  Episode 450/1500  avg(100): 147.7
  Episode 500/1500  avg(100): 270.0
  Episode 550/1500  avg(100): 357.4
  Episode 600/1500  avg(100): 173.4
  Episode 650/1500  avg(100): 26.1
  Episode 700/1500  avg(100): 72.4
  Episode 750/1500  avg(100): 310.1
  Episode 800/1500  avg(100): 478.1
  Episode 850/1500  avg(100): 462.2
  Episode 900/1500  avg(100): 395.9
  Episode 950/1500  avg(100): 376.5
  Episode 1000/1500  avg(100): 409.7
  Episode 1050/1500  avg(100): 274.2
  Episode 1100/1500  avg(100): 320.0
  Episode 1150/1500  avg(100): 482.1
  Episode 1200/1500  avg(100): 471.2
  Episode 1250/1500  avg(100): 399.1
  Episode 1300/1500  avg(100): 386.2
  Episode 1350/1500  avg(100): 407.5
  Episode 1400/1500  avg(100): 294.9
  Episode 1450/1500  avg(100): 112.6
  Episode 1500/1500  avg(100): 24.0
Trial 15 done: best_avg=490.6, final_avg=24.0, tail_iqm=391.6

============================================================
Trial 20: leaky [32-4] lr=0.004714971613596812
============================================================
  Episode 50/1500  avg(100): 29.6
  Episode 100/1500  avg(100): 39.4
  Episode 150/1500  avg(100): 43.1
  Episode 200/1500  avg(100): 44.0
  Episode 250/1500  avg(100): 71.2
  Episode 300/1500  avg(100): 134.8
  Episode 350/1500  avg(100): 194.6
  Episode 400/1500  avg(100): 148.2
  Episode 450/1500  avg(100): 65.0
  Episode 500/1500  avg(100): 49.3
  Episode 550/1500  avg(100): 59.9
  Episode 600/1500  avg(100): 49.1
  Episode 650/1500  avg(100): 36.5
  Episode 700/1500  avg(100): 78.3
  Episode 750/1500  avg(100): 91.1
  Episode 800/1500  avg(100): 93.7
  Episode 850/1500  avg(100): 68.3
  Episode 900/1500  avg(100): 14.9
  Episode 950/1500  avg(100): 82.5
  Episode 1000/1500  avg(100): 115.2
  Episode 1050/1500  avg(100): 100.8
  Episode 1100/1500  avg(100): 71.2
  Episode 1150/1500  avg(100): 27.4
  Episode 1200/1500  avg(100): 103.8
  Episode 1250/1500  avg(100): 101.8
  Episode 1300/1500  avg(100): 120.7
  Episode 1350/1500  avg(100): 134.3
  Episode 1400/1500  avg(100): 88.6
  Episode 1450/1500  avg(100): 82.4
  Episode 1500/1500  avg(100): 39.4
Trial 20 done: best_avg=202.1, final_avg=39.4, tail_iqm=96.3

============================================================
Trial 22: leaky [64-8] lr=0.00031112198110141656
============================================================
  Episode 50/1500  avg(100): 15.8
  Episode 100/1500  avg(100): 16.3
  Episode 150/1500  avg(100): 20.9
  Episode 200/1500  avg(100): 19.7
  Episode 250/1500  avg(100): 58.2
  Episode 300/1500  avg(100): 129.6
  Episode 350/1500  avg(100): 169.3
  Episode 400/1500  avg(100): 183.9
  Episode 450/1500  avg(100): 152.5
  Episode 500/1500  avg(100): 134.9
  Episode 550/1500  avg(100): 152.2
  Episode 600/1500  avg(100): 151.5
  Episode 650/1500  avg(100): 153.9
  Episode 700/1500  avg(100): 151.6
  Episode 750/1500  avg(100): 169.0
  Episode 800/1500  avg(100): 211.3
  Episode 850/1500  avg(100): 212.9
  Episode 900/1500  avg(100): 185.5
  Episode 950/1500  avg(100): 172.2
  Episode 1000/1500  avg(100): 227.9
  Episode 1050/1500  avg(100): 381.8
  Episode 1100/1500  avg(100): 476.3
  Episode 1150/1500  avg(100): 413.2
  Episode 1200/1500  avg(100): 334.1
  Episode 1250/1500  avg(100): 276.4
  Episode 1300/1500  avg(100): 306.4
  Episode 1350/1500  avg(100): 311.2
  Episode 1400/1500  avg(100): 246.6
  Episode 1450/1500  avg(100): 217.9
  Episode 1500/1500  avg(100): 310.8
Trial 22 done: best_avg=481.2, final_avg=310.8, tail_iqm=293.0

============================================================
Trial 28: leaky [32-32] lr=0.0002096480457275432
============================================================
  Episode 50/1500  avg(100): 15.3
  Episode 100/1500  avg(100): 15.9
  Episode 150/1500  avg(100): 65.5
  Episode 200/1500  avg(100): 127.7
  Episode 250/1500  avg(100): 135.8
  Episode 300/1500  avg(100): 182.4
  Episode 350/1500  avg(100): 224.5
  Episode 400/1500  avg(100): 166.4
  Episode 450/1500  avg(100): 99.1
  Episode 500/1500  avg(100): 47.6
  Episode 550/1500  avg(100): 41.0
  Episode 600/1500  avg(100): 125.7
  Episode 650/1500  avg(100): 226.2
  Episode 700/1500  avg(100): 355.1
  Episode 750/1500  avg(100): 457.6
  Episode 800/1500  avg(100): 389.7
  Episode 850/1500  avg(100): 394.4
  Episode 900/1500  avg(100): 455.2
  Episode 950/1500  avg(100): 404.8
  Episode 1000/1500  avg(100): 294.4
  Episode 1050/1500  avg(100): 302.3
  Episode 1100/1500  avg(100): 439.1
  Episode 1150/1500  avg(100): 352.2
  Episode 1200/1500  avg(100): 222.2
  Episode 1250/1500  avg(100): 169.8
  Episode 1300/1500  avg(100): 115.1
  Episode 1350/1500  avg(100): 141.6
  Episode 1400/1500  avg(100): 161.4
  Episode 1450/1500  avg(100): 186.6
  Episode 1500/1500  avg(100): 345.4
Trial 28 done: best_avg=463.6, final_avg=345.4, tail_iqm=181.5

============================================================
Trial 32: leaky [32-32] lr=0.0002142877752566312
============================================================
  Episode 50/1500  avg(100): 19.5
  Episode 100/1500  avg(100): 26.1
  Episode 150/1500  avg(100): 75.8
  Episode 200/1500  avg(100): 150.7
  Episode 250/1500  avg(100): 150.9
  Episode 300/1500  avg(100): 135.6
  Episode 350/1500  avg(100): 234.3
  Episode 400/1500  avg(100): 385.3
  Episode 450/1500  avg(100): 358.5
  Episode 500/1500  avg(100): 341.8
  Episode 550/1500  avg(100): 413.8
  Episode 600/1500  avg(100): 377.5
  Episode 650/1500  avg(100): 404.4
  Episode 700/1500  avg(100): 460.6
  Episode 750/1500  avg(100): 450.6
  Episode 800/1500  avg(100): 386.8
  Episode 850/1500  avg(100): 338.8
  Episode 900/1500  avg(100): 391.9
  Episode 950/1500  avg(100): 424.9
  Episode 1000/1500  avg(100): 401.6
  Episode 1050/1500  avg(100): 384.3
  Episode 1100/1500  avg(100): 303.4
  Episode 1150/1500  avg(100): 163.6
  Episode 1200/1500  avg(100): 120.6
  Episode 1250/1500  avg(100): 145.6
  Episode 1300/1500  avg(100): 130.8
  Episode 1350/1500  avg(100): 111.2
  Episode 1400/1500  avg(100): 112.0
  Episode 1450/1500  avg(100): 115.2
  Episode 1500/1500  avg(100): 127.7
Trial 32 done: best_avg=465.6, final_avg=127.7, tail_iqm=123.6

============================================================
Trial 35: leaky [32-32] lr=0.00018762850662034728
============================================================
  Episode 50/1500  avg(100): 17.3
  Episode 100/1500  avg(100): 18.0
  Episode 150/1500  avg(100): 48.6
  Episode 200/1500  avg(100): 124.9
  Episode 250/1500  avg(100): 150.3
  Episode 300/1500  avg(100): 119.3
  Episode 350/1500  avg(100): 124.3
  Episode 400/1500  avg(100): 183.4
  Episode 450/1500  avg(100): 317.0
  Episode 500/1500  avg(100): 324.9
  Episode 550/1500  avg(100): 300.7
  Episode 600/1500  avg(100): 344.1
  Episode 650/1500  avg(100): 410.0
  Episode 700/1500  avg(100): 495.1
  Episode 750/1500  avg(100): 491.4
  Episode 800/1500  avg(100): 477.1
  Episode 850/1500  avg(100): 379.0
  Episode 900/1500  avg(100): 332.3
  Episode 950/1500  avg(100): 420.9
  Episode 1000/1500  avg(100): 479.1
  Episode 1050/1500  avg(100): 489.6
  Episode 1100/1500  avg(100): 462.2
  Episode 1150/1500  avg(100): 357.4
  Episode 1200/1500  avg(100): 334.8
  Episode 1250/1500  avg(100): 440.9
  Episode 1300/1500  avg(100): 357.7
  Episode 1350/1500  avg(100): 281.2
  Episode 1400/1500  avg(100): 417.1
  Episode 1450/1500  avg(100): 500.0
  Episode 1500/1500  avg(100): 500.0
Trial 35 done: best_avg=500.0, final_avg=500.0, tail_iqm=391.7
  -> Converged at episode: 1411

============================================================
Trial 42: leaky [32-16] lr=0.0005602376922055912
============================================================
  Episode 50/1500  avg(100): 19.5
  Episode 100/1500  avg(100): 61.2
  Episode 150/1500  avg(100): 164.5
  Episode 200/1500  avg(100): 183.9
  Episode 250/1500  avg(100): 125.6
  Episode 300/1500  avg(100): 216.4
  Episode 350/1500  avg(100): 371.3
  Episode 400/1500  avg(100): 407.7
  Episode 450/1500  avg(100): 314.9
  Episode 500/1500  avg(100): 231.5
  Episode 550/1500  avg(100): 254.6
  Episode 600/1500  avg(100): 324.2
  Episode 650/1500  avg(100): 235.9
  Episode 700/1500  avg(100): 111.9
  Episode 750/1500  avg(100): 195.6
  Episode 800/1500  avg(100): 192.3
  Episode 850/1500  avg(100): 162.8
  Episode 900/1500  avg(100): 336.1
  Episode 950/1500  avg(100): 480.3
  Episode 1000/1500  avg(100): 469.2
  Episode 1050/1500  avg(100): 226.5
  Episode 1100/1500  avg(100): 169.5
  Episode 1150/1500  avg(100): 247.0
  Episode 1200/1500  avg(100): 177.2
  Episode 1250/1500  avg(100): 253.2
  Episode 1300/1500  avg(100): 384.7
  Episode 1350/1500  avg(100): 381.7
  Episode 1400/1500  avg(100): 259.5
  Episode 1450/1500  avg(100): 325.0
  Episode 1500/1500  avg(100): 399.3
Trial 42 done: best_avg=497.9, final_avg=399.3, tail_iqm=296.5

============================================================
Trial 46: leaky [32-32] lr=0.0002607551993806848
============================================================
  Episode 50/1500  avg(100): 19.7
  Episode 100/1500  avg(100): 15.9
  Episode 150/1500  avg(100): 12.5
  Episode 200/1500  avg(100): 12.7
  Episode 250/1500  avg(100): 14.4
  Episode 300/1500  avg(100): 26.1
  Episode 350/1500  avg(100): 70.6
  Episode 400/1500  avg(100): 118.9
  Episode 450/1500  avg(100): 131.8
  Episode 500/1500  avg(100): 78.6
  Episode 550/1500  avg(100): 18.5
  Episode 600/1500  avg(100): 12.0
  Episode 650/1500  avg(100): 13.8
  Episode 700/1500  avg(100): 46.2
  Episode 750/1500  avg(100): 119.8
  Episode 800/1500  avg(100): 152.5
  Episode 850/1500  avg(100): 138.4
  Episode 900/1500  avg(100): 139.7
  Episode 950/1500  avg(100): 129.5
  Episode 1000/1500  avg(100): 108.6
  Episode 1050/1500  avg(100): 107.6
  Episode 1100/1500  avg(100): 114.4
  Episode 1150/1500  avg(100): 129.5
  Episode 1200/1500  avg(100): 150.9
  Episode 1250/1500  avg(100): 181.5
  Episode 1300/1500  avg(100): 227.3
  Episode 1350/1500  avg(100): 169.1
  Episode 1400/1500  avg(100): 130.9
  Episode 1450/1500  avg(100): 188.0
  Episode 1500/1500  avg(100): 217.5
Trial 46 done: best_avg=230.9, final_avg=217.5, tail_iqm=170.1

============================================================
Trial 47: leaky [32-32] lr=0.00012303552422001838
============================================================
  Episode 50/1500  avg(100): 19.2
  Episode 100/1500  avg(100): 17.3
  Episode 150/1500  avg(100): 17.5
  Episode 200/1500  avg(100): 52.3
  Episode 250/1500  avg(100): 146.3
  Episode 300/1500  avg(100): 188.1
  Episode 350/1500  avg(100): 92.2
  Episode 400/1500  avg(100): 78.1
  Episode 450/1500  avg(100): 212.7
  Episode 500/1500  avg(100): 328.6
  Episode 550/1500  avg(100): 300.8
  Episode 600/1500  avg(100): 203.2
  Episode 650/1500  avg(100): 177.8
  Episode 700/1500  avg(100): 292.0
  Episode 750/1500  avg(100): 428.3
  Episode 800/1500  avg(100): 470.7
  Episode 850/1500  avg(100): 495.1
  Episode 900/1500  avg(100): 495.1
  Episode 950/1500  avg(100): 495.1
  Episode 1000/1500  avg(100): 500.0
  Episode 1050/1500  avg(100): 500.0
  Episode 1100/1500  avg(100): 490.2
  Episode 1150/1500  avg(100): 480.5
  Episode 1200/1500  avg(100): 485.4
  Episode 1250/1500  avg(100): 475.6
  Episode 1300/1500  avg(100): 475.6
  Episode 1350/1500  avg(100): 495.1
  Episode 1400/1500  avg(100): 500.0
  Episode 1450/1500  avg(100): 495.1
  Episode 1500/1500  avg(100): 487.7
Trial 47 done: best_avg=500.0, final_avg=487.7, tail_iqm=485.5
  -> Converged at episode: 812

============================================================
Trial 55: leaky [32-32] lr=0.00014732156623892406
============================================================
  Episode 50/1500  avg(100): 16.8
  Episode 100/1500  avg(100): 15.9
  Episode 150/1500  avg(100): 14.6
  Episode 200/1500  avg(100): 28.8
  Episode 250/1500  avg(100): 59.0
  Episode 300/1500  avg(100): 117.0
  Episode 350/1500  avg(100): 152.2
  Episode 400/1500  avg(100): 141.0
  Episode 450/1500  avg(100): 110.2
  Episode 500/1500  avg(100): 74.5
  Episode 550/1500  avg(100): 54.7
  Episode 600/1500  avg(100): 79.9
  Episode 650/1500  avg(100): 128.9
  Episode 700/1500  avg(100): 181.0
  Episode 750/1500  avg(100): 202.7
  Episode 800/1500  avg(100): 149.7
  Episode 850/1500  avg(100): 123.3
  Episode 900/1500  avg(100): 157.9
  Episode 950/1500  avg(100): 232.9
  Episode 1000/1500  avg(100): 208.9
  Episode 1050/1500  avg(100): 110.0
  Episode 1100/1500  avg(100): 82.8
  Episode 1150/1500  avg(100): 79.0
  Episode 1200/1500  avg(100): 75.7
  Episode 1250/1500  avg(100): 70.9
  Episode 1300/1500  avg(100): 49.1
  Episode 1350/1500  avg(100): 26.2
  Episode 1400/1500  avg(100): 37.4
  Episode 1450/1500  avg(100): 93.7
  Episode 1500/1500  avg(100): 136.9
Trial 55 done: best_avg=244.7, final_avg=136.9, tail_iqm=66.8

============================================================
Trial 56: leaky [32-32] lr=0.00012729167450426955
============================================================
  Episode 50/1500  avg(100): 16.8
  Episode 100/1500  avg(100): 15.2
  Episode 150/1500  avg(100): 12.7
  Episode 200/1500  avg(100): 11.8
  Episode 250/1500  avg(100): 12.6
  Episode 300/1500  avg(100): 20.2
  Episode 350/1500  avg(100): 83.2
  Episode 400/1500  avg(100): 132.5
  Episode 450/1500  avg(100): 122.0
  Episode 500/1500  avg(100): 120.0
  Episode 550/1500  avg(100): 121.3
  Episode 600/1500  avg(100): 138.9
  Episode 650/1500  avg(100): 181.5
  Episode 700/1500  avg(100): 230.6
  Episode 750/1500  avg(100): 247.4
  Episode 800/1500  avg(100): 303.8
  Episode 850/1500  avg(100): 427.4
  Episode 900/1500  avg(100): 491.2
  Episode 950/1500  avg(100): 473.1
  Episode 1000/1500  avg(100): 449.5
  Episode 1050/1500  avg(100): 431.9
  Episode 1100/1500  avg(100): 457.2
  Episode 1150/1500  avg(100): 473.4
  Episode 1200/1500  avg(100): 422.8
  Episode 1250/1500  avg(100): 444.6
  Episode 1300/1500  avg(100): 479.7
  Episode 1350/1500  avg(100): 483.7
  Episode 1400/1500  avg(100): 495.1
  Episode 1450/1500  avg(100): 495.1
  Episode 1500/1500  avg(100): 500.0
Trial 56 done: best_avg=500.0, final_avg=500.0, tail_iqm=483.7
  -> Converged at episode: 1257

============================================================
Trial 61: leaky [16-4] lr=0.002328371527955241
============================================================
  Episode 50/1500  avg(100): 16.7
  Episode 100/1500  avg(100): 51.6
  Episode 150/1500  avg(100): 79.9
  Episode 200/1500  avg(100): 69.8
  Episode 250/1500  avg(100): 47.4
  Episode 300/1500  avg(100): 29.5
  Episode 350/1500  avg(100): 52.5
  Episode 400/1500  avg(100): 123.3
  Episode 450/1500  avg(100): 116.4
  Episode 500/1500  avg(100): 88.7
  Episode 550/1500  avg(100): 103.9
  Episode 600/1500  avg(100): 82.2
  Episode 650/1500  avg(100): 91.7
  Episode 700/1500  avg(100): 109.0
  Episode 750/1500  avg(100): 134.3
  Episode 800/1500  avg(100): 145.3
  Episode 850/1500  avg(100): 191.4
  Episode 900/1500  avg(100): 199.1
  Episode 950/1500  avg(100): 144.1
  Episode 1000/1500  avg(100): 179.6
  Episode 1050/1500  avg(100): 275.6
  Episode 1100/1500  avg(100): 193.3
  Episode 1150/1500  avg(100): 145.2
  Episode 1200/1500  avg(100): 259.8
  Episode 1250/1500  avg(100): 381.8
  Episode 1300/1500  avg(100): 432.4
  Episode 1350/1500  avg(100): 296.5
  Episode 1400/1500  avg(100): 265.9
  Episode 1450/1500  avg(100): 246.4
  Episode 1500/1500  avg(100): 252.4
Trial 61 done: best_avg=456.6, final_avg=252.4, tail_iqm=275.5

============================================================
Trial 67: leaky [32-32] lr=0.00046386856051492927
========================================================