[I 2026-05-19 05:14:44,316] Trial 60 finished with value: 127.6179894179894 and parameters: {'batch_size': 128, 'gamma': 0.971003343498119, 'eps_start': 0.8801371441419714, 'eps_end': 0.07133115931659934, 'eps_decay': 1661, 'tau': 0.0073373569138489815, 'lr': 0.00988296969617044, 'num_steps': 20, 'beta': 0.9357777171140378, 'hidden1_size': 16, 'hidden2_size': 4}. Best is trial 24 with value: 496.2477777777778.
Search space loaded from: configs/search_spaces/leaky.yaml
Using device: cuda

Study: leaky-1500
Neuron type: leaky
Trials: 31
Storage: sqlite:///optuna_studies/leaky-v3.db


============================================================
Trial 0: leaky [32-4] lr=0.0005441505343660594
============================================================
  Episode 50/1500  avg(100): 18.9
  Episode 100/1500  avg(100): 18.4
  Episode 150/1500  avg(100): 48.7
  Episode 200/1500  avg(100): 111.0
  Episode 250/1500  avg(100): 131.0
  Episode 300/1500  avg(100): 132.1
  Episode 350/1500  avg(100): 120.1
  Episode 400/1500  avg(100): 62.1
  Episode 450/1500  avg(100): 67.2
  Episode 500/1500  avg(100): 118.0
  Episode 550/1500  avg(100): 149.3
  Episode 600/1500  avg(100): 196.7
  Episode 650/1500  avg(100): 211.6
  Episode 700/1500  avg(100): 269.6
  Episode 750/1500  avg(100): 420.6
  Episode 800/1500  avg(100): 495.2
  Episode 850/1500  avg(100): 495.2
  Episode 900/1500  avg(100): 497.1
  Episode 950/1500  avg(100): 490.0
  Episode 1000/1500  avg(100): 492.9
  Episode 1050/1500  avg(100): 500.0
  Episode 1100/1500  avg(100): 500.0
  Episode 1150/1500  avg(100): 450.9
  Episode 1200/1500  avg(100): 376.0
  Episode 1250/1500  avg(100): 324.1
  Episode 1300/1500  avg(100): 364.4
  Episode 1350/1500  avg(100): 343.2
  Episode 1400/1500  avg(100): 223.7
  Episode 1450/1500  avg(100): 296.1
  Episode 1500/1500  avg(100): 434.3
Trial 0 done: best_avg=500.0, final_avg=434.3, tail_iqm=343.2

============================================================
Trial 11: leaky [8-4] lr=0.00700529967925151
============================================================
  Episode 50/1500  avg(100): 30.2
  Episode 100/1500  avg(100): 37.2
  Episode 150/1500  avg(100): 45.2
  Episode 200/1500  avg(100): 53.1
  Episode 250/1500  avg(100): 59.1
  Episode 300/1500  avg(100): 56.4
  Episode 350/1500  avg(100): 52.0
  Episode 400/1500  avg(100): 47.9
  Episode 450/1500  avg(100): 46.6
  Episode 500/1500  avg(100): 40.9
  Episode 550/1500  avg(100): 34.5
  Episode 600/1500  avg(100): 45.0
  Episode 650/1500  avg(100): 51.2
  Episode 700/1500  avg(100): 44.1
  Episode 750/1500  avg(100): 39.5
  Episode 800/1500  avg(100): 38.0
  Episode 850/1500  avg(100): 37.8
  Episode 900/1500  avg(100): 35.6
  Episode 950/1500  avg(100): 35.4
  Episode 1000/1500  avg(100): 35.5
  Episode 1050/1500  avg(100): 34.7
  Episode 1100/1500  avg(100): 31.4
  Episode 1150/1500  avg(100): 30.2
  Episode 1200/1500  avg(100): 32.1
  Episode 1250/1500  avg(100): 33.0
  Episode 1300/1500  avg(100): 34.0
  Episode 1350/1500  avg(100): 39.7
  Episode 1400/1500  avg(100): 42.8
  Episode 1450/1500  avg(100): 38.6
  Episode 1500/1500  avg(100): 34.1
Trial 11 done: best_avg=65.4, final_avg=34.1, tail_iqm=35.1

============================================================
Trial 13: leaky [64-8] lr=0.0004601223288933846
============================================================
  Episode 50/1500  avg(100): 24.1
  Episode 100/1500  avg(100): 63.9
  Episode 150/1500  avg(100): 124.3
  Episode 200/1500  avg(100): 136.2
  Episode 250/1500  avg(100): 96.9
  Episode 300/1500  avg(100): 39.8
  Episode 350/1500  avg(100): 127.7
  Episode 400/1500  avg(100): 229.5
  Episode 450/1500  avg(100): 317.1
  Episode 500/1500  avg(100): 455.6
  Episode 550/1500  avg(100): 481.6
  Episode 600/1500  avg(100): 396.3
  Episode 650/1500  avg(100): 365.6
  Episode 700/1500  avg(100): 411.8
  Episode 750/1500  avg(100): 405.2
  Episode 800/1500  avg(100): 319.6
  Episode 850/1500  avg(100): 197.0
  Episode 900/1500  avg(100): 175.5
  Episode 950/1500  avg(100): 299.5
  Episode 1000/1500  avg(100): 347.1
  Episode 1050/1500  avg(100): 346.6
  Episode 1100/1500  avg(100): 283.8
  Episode 1150/1500  avg(100): 267.8
  Episode 1200/1500  avg(100): 314.1
  Episode 1250/1500  avg(100): 170.5
  Episode 1300/1500  avg(100): 94.0
  Episode 1350/1500  avg(100): 183.7
  Episode 1400/1500  avg(100): 270.1
  Episode 1450/1500  avg(100): 303.6
  Episode 1500/1500  avg(100): 253.7
Trial 13 done: best_avg=483.7, final_avg=253.7, tail_iqm=252.4

============================================================
Trial 18: leaky [64-4] lr=0.0046091641793484335
============================================================
  Episode 50/1500  avg(100): 22.1
  Episode 100/1500  avg(100): 52.8
  Episode 150/1500  avg(100): 96.0
  Episode 200/1500  avg(100): 99.6
  Episode 250/1500  avg(100): 98.3
  Episode 300/1500  avg(100): 114.9
  Episode 350/1500  avg(100): 127.8
  Episode 400/1500  avg(100): 150.2
  Episode 450/1500  avg(100): 181.7
  Episode 500/1500  avg(100): 156.5
  Episode 550/1500  avg(100): 134.0
  Episode 600/1500  avg(100): 142.0
  Episode 650/1500  avg(100): 107.6
  Episode 700/1500  avg(100): 114.9
  Episode 750/1500  avg(100): 121.3
  Episode 800/1500  avg(100): 124.6
  Episode 850/1500  avg(100): 135.8
  Episode 900/1500  avg(100): 113.6
  Episode 950/1500  avg(100): 124.5
  Episode 1000/1500  avg(100): 138.4
  Episode 1050/1500  avg(100): 118.8
  Episode 1100/1500  avg(100): 127.6
  Episode 1150/1500  avg(100): 157.1
  Episode 1200/1500  avg(100): 140.8
  Episode 1250/1500  avg(100): 125.4
  Episode 1300/1500  avg(100): 119.2
  Episode 1350/1500  avg(100): 110.4
  Episode 1400/1500  avg(100): 114.3
  Episode 1450/1500  avg(100): 123.4
  Episode 1500/1500  avg(100): 116.8
Trial 18 done: best_avg=183.0, final_avg=116.8, tail_iqm=123.0

============================================================
Trial 21: leaky [32-32] lr=0.0001595507157440073
============================================================
  Episode 50/1500  avg(100): 19.5
  Episode 100/1500  avg(100): 19.3
  Episode 150/1500  avg(100): 44.8
  Episode 200/1500  avg(100): 109.9
  Episode 250/1500  avg(100): 149.4
  Episode 300/1500  avg(100): 113.8
  Episode 350/1500  avg(100): 55.0
  Episode 400/1500  avg(100): 75.8
  Episode 450/1500  avg(100): 120.2
  Episode 500/1500  avg(100): 135.6
  Episode 550/1500  avg(100): 246.3
  Episode 600/1500  avg(100): 306.5
  Episode 650/1500  avg(100): 316.6
  Episode 700/1500  avg(100): 255.3
  Episode 750/1500  avg(100): 141.8
  Episode 800/1500  avg(100): 170.2
  Episode 850/1500  avg(100): 244.3
  Episode 900/1500  avg(100): 319.5
  Episode 950/1500  avg(100): 323.5
  Episode 1000/1500  avg(100): 370.0
  Episode 1050/1500  avg(100): 366.2
  Episode 1100/1500  avg(100): 163.5
  Episode 1150/1500  avg(100): 148.1
  Episode 1200/1500  avg(100): 357.3
  Episode 1250/1500  avg(100): 480.5
  Episode 1300/1500  avg(100): 500.0
  Episode 1350/1500  avg(100): 500.0
  Episode 1400/1500  avg(100): 498.4
  Episode 1450/1500  avg(100): 489.3
  Episode 1500/1500  avg(100): 483.9
Trial 21 done: best_avg=500.0, final_avg=483.9, tail_iqm=487.5
  -> Converged at episode: 1242

============================================================
Trial 24: leaky [32-32] lr=0.00018779300974728957
============================================================
  Episode 50/1500  avg(100): 18.7
  Episode 100/1500  avg(100): 17.0
  Episode 150/1500  avg(100): 19.6
  Episode 200/1500  avg(100): 83.1
  Episode 250/1500  avg(100): 166.6
  Episode 300/1500  avg(100): 212.8
  Episode 350/1500  avg(100): 281.6
  Episode 400/1500  avg(100): 388.5
  Episode 450/1500  avg(100): 404.9
  Episode 500/1500  avg(100): 363.9
  Episode 550/1500  avg(100): 280.3
  Episode 600/1500  avg(100): 116.1
  Episode 650/1500  avg(100): 37.8
  Episode 700/1500  avg(100): 134.9
  Episode 750/1500  avg(100): 271.8
  Episode 800/1500  avg(100): 373.6
  Episode 850/1500  avg(100): 316.9
  Episode 900/1500  avg(100): 156.3
  Episode 950/1500  avg(100): 65.3
  Episode 1000/1500  avg(100): 35.2
  Episode 1050/1500  avg(100): 275.0
  Episode 1100/1500  avg(100): 497.7
  Episode 1150/1500  avg(100): 500.0
  Episode 1200/1500  avg(100): 500.0
  Episode 1250/1500  avg(100): 500.0
  Episode 1300/1500  avg(100): 500.0
  Episode 1350/1500  avg(100): 497.9
  Episode 1400/1500  avg(100): 497.9
  Episode 1450/1500  avg(100): 500.0
  Episode 1500/1500  avg(100): 304.4
Trial 24 done: best_avg=500.0, final_avg=304.4, tail_iqm=499.4

============================================================
Trial 30: leaky [32-32] lr=0.00020522543332965047
============================================================
  Episode 50/1500  avg(100): 17.0
  Episode 100/1500  avg(100): 15.6
  Episode 150/1500  avg(100): 38.1
  Episode 200/1500  avg(100): 147.9
  Episode 250/1500  avg(100): 198.4
  Episode 300/1500  avg(100): 147.5
  Episode 350/1500  avg(100): 128.9
  Episode 400/1500  avg(100): 159.4
  Episode 450/1500  avg(100): 184.1
  Episode 500/1500  avg(100): 157.0
  Episode 550/1500  avg(100): 189.3
  Episode 600/1500  avg(100): 311.3
  Episode 650/1500  avg(100): 377.3
  Episode 700/1500  avg(100): 330.3
  Episode 750/1500  avg(100): 357.2
  Episode 800/1500  avg(100): 381.4
  Episode 850/1500  avg(100): 307.6
  Episode 900/1500  avg(100): 265.4
  Episode 950/1500  avg(100): 149.0
  Episode 1000/1500  avg(100): 28.4
  Episode 1050/1500  avg(100): 27.7
  Episode 1100/1500  avg(100): 176.4
  Episode 1150/1500  avg(100): 263.1
  Episode 1200/1500  avg(100): 227.7
  Episode 1250/1500  avg(100): 163.1
  Episode 1300/1500  avg(100): 64.9
  Episode 1350/1500  avg(100): 186.8
  Episode 1400/1500  avg(100): 361.2
  Episode 1450/1500  avg(100): 310.7
  Episode 1500/1500  avg(100): 230.4
Trial 30 done: best_avg=396.3, final_avg=230.4, tail_iqm=228.9

============================================================
Trial 34: leaky [32-32] lr=0.00021013858567895294
============================================================
  Episode 50/1500  avg(100): 18.3
  Episode 100/1500  avg(100): 17.6
  Episode 150/1500  avg(100): 32.4
  Episode 200/1500  avg(100): 70.8
  Episode 250/1500  avg(100): 106.7
  Episode 300/1500  avg(100): 178.3
  Episode 350/1500  avg(100): 353.3
  Episode 400/1500  avg(100): 460.5
  Episode 450/1500  avg(100): 372.0
  Episode 500/1500  avg(100): 301.8
  Episode 550/1500  avg(100): 265.1
  Episode 600/1500  avg(100): 288.6
  Episode 650/1500  avg(100): 387.6
  Episode 700/1500  avg(100): 273.1
  Episode 750/1500  avg(100): 180.0
  Episode 800/1500  avg(100): 310.8
  Episode 850/1500  avg(100): 440.8
  Episode 900/1500  avg(100): 494.4
  Episode 950/1500  avg(100): 498.8
  Episode 1000/1500  avg(100): 500.0
  Episode 1050/1500  avg(100): 500.0
  Episode 1100/1500  avg(100): 500.0
  Episode 1150/1500  avg(100): 496.2
  Episode 1200/1500  avg(100): 496.2
  Episode 1250/1500  avg(100): 449.9
  Episode 1300/1500  avg(100): 290.9
  Episode 1350/1500  avg(100): 154.1
  Episode 1400/1500  avg(100): 130.9
  Episode 1450/1500  avg(100): 184.5
  Episode 1500/1500  avg(100): 283.8
Trial 34 done: best_avg=500.0, final_avg=283.8, tail_iqm=309.0

============================================================
Trial 38: leaky [32-32] lr=0.00015693025098615526
============================================================
  Episode 50/1500  avg(100): 21.5
  Episode 100/1500  avg(100): 20.6
  Episode 150/1500  avg(100): 19.4
  Episode 200/1500  avg(100): 44.0
  Episode 250/1500  avg(100): 81.1
  Episode 300/1500  avg(100): 130.4
  Episode 350/1500  avg(100): 253.8
  Episode 400/1500  avg(100): 187.6
  Episode 450/1500  avg(100): 33.2
  Episode 500/1500  avg(100): 84.9
  Episode 550/1500  avg(100): 186.5
  Episode 600/1500  avg(100): 152.1
  Episode 650/1500  avg(100): 243.0
  Episode 700/1500  avg(100): 451.6
  Episode 750/1500  avg(100): 484.7
  Episode 800/1500  avg(100): 383.8
  Episode 850/1500  avg(100): 190.3
  Episode 900/1500  avg(100): 93.1
  Episode 950/1500  avg(100): 291.3
  Episode 1000/1500  avg(100): 496.1
  Episode 1050/1500  avg(100): 447.4
  Episode 1100/1500  avg(100): 215.1
  Episode 1150/1500  avg(100): 158.3
  Episode 1200/1500  avg(100): 235.7
  Episode 1250/1500  avg(100): 317.1
  Episode 1300/1500  avg(100): 464.3
  Episode 1350/1500  avg(100): 492.1
  Episode 1400/1500  avg(100): 493.9
  Episode 1450/1500  avg(100): 490.1
  Episode 1500/1500  avg(100): 464.7
Trial 38 done: best_avg=500.0, final_avg=464.7, tail_iqm=425.0

============================================================
Trial 43: leaky [64-16] lr=0.0005983905753372897
============================================================
  Episode 50/1500  avg(100): 33.2
  Episode 100/1500  avg(100): 80.0
  Episode 150/1500  avg(100): 160.9
  Episode 200/1500  avg(100): 163.0
  Episode 250/1500  avg(100): 184.7
  Episode 300/1500  avg(100): 238.1
  Episode 350/1500  avg(100): 296.8
  Episode 400/1500  avg(100): 353.4
  Episode 450/1500  avg(100): 327.2
  Episode 500/1500  avg(100): 309.5
  Episode 550/1500  avg(100): 271.7
  Episode 600/1500  avg(100): 320.6
  Episode 650/1500  avg(100): 366.7
  Episode 700/1500  avg(100): 309.2
  Episode 750/1500  avg(100): 339.6
  Episode 800/1500  avg(100): 371.4
  Episode 850/1500  avg(100): 374.6
  Episode 900/1500  avg(100): 381.7
  Episode 950/1500  avg(100): 338.7
  Episode 1000/1500  avg(100): 318.3
  Episode 1050/1500  avg(100): 261.2
  Episode 1100/1500  avg(100): 258.0
  Episode 1150/1500  avg(100): 329.0
  Episode 1200/1500  avg(100): 306.6
  Episode 1250/1500  avg(100): 234.9
  Episode 1300/1500  avg(100): 166.9
  Episode 1350/1500  avg(100): 234.8
  Episode 1400/1500  avg(100): 353.8
  Episode 1450/1500  avg(100): 394.7
  Episode 1500/1500  avg(100): 269.1
Trial 43 done: best_avg=413.8, final_avg=269.1, tail_iqm=289.4

============================================================
Trial 49: leaky [32-4] lr=0.00012859948665156076
============================================================
  Episode 50/1500  avg(100): 19.6
  Episode 100/1500  avg(100): 16.7
  Episode 150/1500  avg(100): 13.4
  Episode 200/1500  avg(100): 15.1
  Episode 250/1500  avg(100): 13.8
  Episode 300/1500  avg(100): 10.1
  Episode 350/1500  avg(100): 9.8
  Episode 400/1500  avg(100): 13.8
  Episode 450/1500  avg(100): 22.5
  Episode 500/1500  avg(100): 41.5
  Episode 550/1500  avg(100): 57.4
  Episode 600/1500  avg(100): 55.9
  Episode 650/1500  avg(100): 68.4
  Episode 700/1500  avg(100): 109.3
  Episode 750/1500  avg(100): 144.9
  Episode 800/1500  avg(100): 163.6
  Episode 850/1500  avg(100): 179.3
  Episode 900/1500  avg(100): 170.1
  Episode 950/1500  avg(100): 145.4
  Episode 1000/1500  avg(100): 132.3
  Episode 1050/1500  avg(100): 123.8
  Episode 1100/1500  avg(100): 118.3
  Episode 1150/1500  avg(100): 114.3
  Episode 1200/1500  avg(100): 109.5
  Episode 1250/1500  avg(100): 104.2
  Episode 1300/1500  avg(100): 83.6
  Episode 1350/1500  avg(100): 78.5
  Episode 1400/1500  avg(100): 99.8
  Episode 1450/1500  avg(100): 111.4
  Episode 1500/1500  avg(100): 113.7
Trial 49 done: best_avg=183.7, final_avg=113.7, tail_iqm=104.2

============================================================
Trial 51: leaky [32-4] lr=0.0009549421029888889
============================================================
  Episode 50/1500  avg(100): 20.3
  Episode 100/1500  avg(100): 87.1
  Episode 150/1500  avg(100): 164.8
  Episode 200/1500  avg(100): 182.9
  Episode 250/1500  avg(100): 182.1
  Episode 300/1500  avg(100): 177.2
  Episode 350/1500  avg(100): 240.0
  Episode 400/1500  avg(100): 316.3
  Episode 450/1500  avg(100): 274.1
  Episode 500/1500  avg(100): 277.5
  Episode 550/1500  avg(100): 335.5
  Episode 600/1500  avg(100): 236.9
  Episode 650/1500  avg(100): 231.4
  Episode 700/1500  avg(100): 377.2
  Episode 750/1500  avg(100): 433.2
  Episode 800/1500  avg(100): 460.6
  Episode 850/1500  avg(100): 478.5
  Episode 900/1500  avg(100): 475.0
  Episode 950/1500  avg(100): 481.7
  Episode 1000/1500  avg(100): 363.3
  Episode 1050/1500  avg(100): 347.5
  Episode 1100/1500  avg(100): 475.0
  Episode 1150/1500  avg(100): 500.0
  Episode 1200/1500  avg(100): 486.0
  Episode 1250/1500  avg(100): 457.2
  Episode 1300/1500  avg(100): 463.1
  Episode 1350/1500  avg(100): 489.1
  Episode 1400/1500  avg(100): 491.3
  Episode 1450/1500  avg(100): 494.1
  Episode 1500/1500  avg(100): 448.0
Trial 51 done: best_avg=500.0, final_avg=448.0, tail_iqm=486.6

============================================================
Trial 57: leaky [64-4] lr=0.000761660721356833
============================================================
  Episode 50/1500  avg(100): 54.0
  Episode 100/1500  avg(100): 102.2
  Episode 150/1500  avg(100): 196.2
  Episode 200/1500  avg(100): 155.0
  Episode 250/1500  avg(100): 84.4
  Episode 300/1500  avg(100): 177.6
  Episode 350/1500  avg(100): 286.9
  Episode 400/1500  avg(100): 292.7
  Episode 450/1500  avg(100): 250.5
  Episode 500/1500  avg(100): 232.8
  Episode 550/1500  avg(100): 296.4
  Episode 600/1500  avg(100): 332.2
  Episode 650/1500  avg(100): 325.9
  Episode 700/1500  avg(100): 414.5
  Episode 750/1500  avg(100): 459.7
  Episode 800/1500  avg(100): 296.7
  Episode 850/1500  avg(100): 223.9
  Episode 900/1500  avg(100): 256.0
  Episode 950/1500  avg(100): 216.6
  Episode 1000/1500  avg(100): 234.5
  Episode 1050/1500  avg(100): 256.7
  Episode 1100/1500  avg(100): 252.6
  Episode 1150/1500  avg(100): 231.8
  Episode 1200/1500  avg(100): 152.2
  Episode 1250/1500  avg(100): 108.6
  Episode 1300/1500  avg(100): 237.6
  Episode 1350/1500  avg(100): 369.4
  Episode 1400/1500  avg(100): 325.5
  Episode 1450/1500  avg(100): 328.0
  Episode 1500/1500  avg(100): 309.8
Trial 57 done: best_avg=460.9, final_avg=309.8, tail_iqm=259.2

============================================================
Trial 60: leaky [16-4] lr=0.00988296969617044
============================================================
  Episode 50/1500  avg(100): 82.8
  Episode 100/1500  avg(100): 102.6
  Episode 150/1500  avg(100): 94.1
  Episode 200/1500  avg(100): 99.5
  Episode 250/1500  avg(100): 170.1
  Episode 300/1500  avg(100): 178.5
  Episode 350/1500  avg(100): 132.6
  Episode 400/1500  avg(100): 143.3
  Episode 450/1500  avg(100): 219.2
  Episode 500/1500  avg(100): 240.6
  Episode 550/1500  avg(100): 211.0
  Episode 600/1500  avg(100): 228.9
  Episode 650/1500  avg(100): 163.4
  Episode 700/1500  avg(100): 110.7
  Episode 750/1500  avg(100): 124.1
  Episode 800/1500  avg(100): 101.2
  Episode 850/1500  avg(100): 151.6
  Episode 900/1500  avg(100): 254.5
  Episode 950/1500  avg(100): 241.3
  Episode 1000/1500  avg(100): 144.8
  Episode 1050/1500  avg(100): 183.3
  Episode 1100/1500  avg(100): 194.2
  Episode 1150/1500  avg(100): 131.6
  Episode 1200/1500  avg(100): 121.8
  Episode 1250/1500  avg(100): 135.2
  Episode 1300/1500  avg(100): 105.5
  Episode 1350/1500  avg(100): 103.8
  Episode 1400/1500  avg(100): 198.1
  Episode 1450/1500  avg(100): 172.3
  Episode 1500/1500  avg(100): 94.9
Trial 60 done: best_avg=268.8, final_avg=94.9, tail_iqm=128.6

============================================================
Trial 66: leaky [32-32] lr=0.00013005889307422818
============================================================
  Episode 50/1500  avg(100): 15.8
  Episode 100/1500  avg(100): 14.9
  Episode 150/1500  avg(100): 14.8
  Episode 200/1500  avg(100): 80.2
  Episode 250/1500  avg(100): 146.2
  Episode 300/1500  avg(100): 156.7
  Episode 350/1500  avg(100): 166.4
  Episode 400/1500  avg(100): 168.3
  Episode 450/1500  avg(100): 164.3
  Episode 500/1500  avg(100): 158.2
  Episode 550/1500  avg(100): 109.8
  Episode 600/1500  avg(100): 119.6
  Episode 650/1500  avg(100): 138.0
  Episode 700/1500  avg(100): 117.5
  Episode 750/1500  avg(100): 109.3
  Episode 800/1500  avg(100): 88.5
  Episode 850/1500  avg(100): 248.2
  Episode 900/1500  avg(100): 367.8
  Episode 950/1500  avg(100): 383.4
  Episode 1000/1500  avg(100): 328.4
  Episode 1050/1500  avg(100): 225.8
  Episode 1100/1500  avg(100): 260.4
Traceback (most recent call last):
  File "/u/niklas2/intrinsic-memory-SNNs/venv/lib/python3.13/site-packages/sqlalchemy/engine/base.py", line 1967, in _exec_single_context
    self.dialect.do_execute(
    ~~~~~~~~~~~~~~~~~~~~~~~^
        cursor, str_statement, effective_parameters, context
        ^^^^^^^^^^^^^^^^^^^^^^^^^^^^^^^^^^^^^^^^^^^^^^^^^^^^
    )
    ^
  File "/u/niklas2/intrinsic-memory-SNNs/venv/lib/python3.13/site-packages/sqlalchemy/engine/default.py", line 952, in do_execute
    cursor.execute(statement, parameters)
    ~~~~~~~~~~~~~~^^^^^^^^^^^^^^^^^^^^^^^
sqlite3.OperationalError: database is locked

The above exception was the direct cause of the following exception:

Traceback (most recent call last):
  File "/u/niklas2/intrinsic-memory-SNNs/venv/lib/python3.13/site-packages/optuna/storages/_rdb/storage.py", line 77, in _create_scoped_session
    session.commit()
    ~~~~~~~~~~~~~~^^
  File "/u/niklas2/intrinsic-memory-SNNs/venv/lib/python3.13/site-packages/sqlalchemy/orm/session.py", line 2030, in commit
    trans.commit(_to_root=True)
    ~~~~~~~~~~~~^^^^^^^^^^^^^^^
  File "<string>", line 2, in commit
  File "/u/niklas2/intrinsic-memory-SNNs/venv/lib/python3.13/site-packages/sqlalchemy/orm/state_changes.py", line 137, in _go
    ret_value = fn(self, *arg, **kw)
  File "/u/niklas2/intrinsic-memory-SNNs/venv/lib/python3.13/site-packages/sqlalchemy/orm/session.py", line 1311, in commit
    self._prepare_impl()
    ~~~~~~~~~~~~~~~~~~^^
  File "<string>", line 2, in _prepare_impl
  File "/u/niklas2/intrinsic-memory-SNNs/venv/lib/python3.13/site-packages/sqlalchemy/orm/state_changes.py", line 137, in _go
    ret_value = fn(self, *arg, **kw)
  File "/u/niklas2/intrinsic-memory-SNNs/venv/lib/python3.13/site-packages/sqlalchemy/orm/session.py", line 1286, in _prepare_impl
    self.session.flush()
    ~~~~~~~~~~~~~~~~~~^^
  File "/u/niklas2/intrinsic-memory-SNNs/venv/lib/python3.13/site-packages/sqlalchemy/orm/session.py", line 4331, in fl