[I 2026-05-15 08:13:46,060] Using an existing study with name 'leaky-1500' instead of creating a new one.
[I 2026-05-15 09:50:30,292] Trial 2 finished with value: 121.60740740740741 and parameters: {'batch_size': 64, 'gamma': 0.9625335553625242, 'eps_start': 0.8575221070149075, 'eps_end': 0.02887868491495022, 'eps_decay': 1765, 'tau': 0.004019787328930489, 'lr': 0.00014743971845492917, 'num_steps': 10, 'beta': 0.9237306457061456, 'hidden1_size': 8, 'hidden2_size': 8}. Best is trial 2 with value: 121.60740740740741.
[I 2026-05-15 12:26:21,615] Trial 6 finished with value: 201.38153439153442 and parameters: {'batch_size': 256, 'gamma': 0.9519720646600704, 'eps_start': 0.810620076837953, 'eps_end': 0.08718247737513922, 'eps_decay': 2493, 'tau': 0.007317564553072338, 'lr': 0.0003101381370613847, 'num_steps': 10, 'beta': 0.7559934037697719, 'hidden1_size': 8, 'hidden2_size': 4}. Best is trial 6 with value: 201.38153439153442.
[I 2026-05-15 15:58:51,009] Trial 8 finished with value: 153.99751322751322 and parameters: {'batch_size': 64, 'gamma': 0.9621067969647844, 'eps_start': 0.8002461004653719, 'eps_end': 0.09286150846477946, 'eps_decay': 1258, 'tau': 0.0012074885671883111, 'lr': 0.0003329279930860399, 'num_steps': 30, 'beta': 0.7841153719618001, 'hidden1_size': 32, 'hidden2_size': 4}. Best is trial 0 with value: 341.41502645502646.
[I 2026-05-16 04:02:09,505] Trial 14 finished with value: 486.61894179894176 and parameters: {'batch_size': 128, 'gamma': 0.9793623690662866, 'eps_start': 0.8064636331595954, 'eps_end': 0.0763733829284719, 'eps_decay': 1307, 'tau': 0.0073513155354038365, 'lr': 0.0008798662930153582, 'num_steps': 30, 'beta': 0.8626272453174546, 'hidden1_size': 32, 'hidden2_size': 4}. Best is trial 14 with value: 486.61894179894176.
[I 2026-05-16 07:23:02,013] Trial 25 finished with value: 89.90513227513227 and parameters: {'batch_size': 256, 'gamma': 0.9977770712831622, 'eps_start': 0.8393380986123804, 'eps_end': 0.06341166284509904, 'eps_decay': 2368, 'tau': 0.005305026843358778, 'lr': 0.0014138095241687143, 'num_steps': 20, 'beta': 0.7073359655194492, 'hidden1_size': 32, 'hidden2_size': 4}. Best is trial 14 with value: 486.61894179894176.
[I 2026-05-16 16:58:26,377] Trial 29 finished with value: 467.68788359788357 and parameters: {'batch_size': 256, 'gamma': 0.983948155502872, 'eps_start': 0.8288814342503337, 'eps_end': 0.03511072812532707, 'eps_decay': 2168, 'tau': 0.008294469681881553, 'lr': 0.00018622177845955445, 'num_steps': 30, 'beta': 0.8352673136918448, 'hidden1_size': 32, 'hidden2_size': 32}. Best is trial 24 with value: 496.2477777777778.
[I 2026-05-17 00:30:20,088] Trial 33 finished with value: 308.41238095238094 and parameters: {'batch_size': 128, 'gamma': 0.9873944700559559, 'eps_start': 0.8788966825200698, 'eps_end': 0.0978678652104048, 'eps_decay': 1364, 'tau': 0.007863276822525354, 'lr': 0.00022279769668440114, 'num_steps': 30, 'beta': 0.819519002568679, 'hidden1_size': 32, 'hidden2_size': 32}. Best is trial 24 with value: 496.2477777777778.
[I 2026-05-17 09:42:16,065] Trial 36 finished with value: 363.98365079365084 and parameters: {'batch_size': 256, 'gamma': 0.979868469116377, 'eps_start': 0.8231527856702816, 'eps_end': 0.03776425102285201, 'eps_decay': 2633, 'tau': 0.0077656786484855125, 'lr': 0.00017278036500531998, 'num_steps': 30, 'beta': 0.771754652852646, 'hidden1_size': 32, 'hidden2_size': 32}. Best is trial 24 with value: 496.2477777777778.
[I 2026-05-17 09:42:17,596] Trial 40 pruned. Constraint violated: hidden2_size > hidden1_size
[I 2026-05-17 22:00:19,388] Trial 41 finished with value: 382.8742857142857 and parameters: {'batch_size': 256, 'gamma': 0.9682922073058321, 'eps_start': 0.8167698238457449, 'eps_end': 0.05683261600047454, 'eps_decay': 2299, 'tau': 0.009202951746505506, 'lr': 0.0005590547987620425, 'num_steps': 30, 'beta': 0.9001872931858218, 'hidden1_size': 32, 'hidden2_size': 16}. Best is trial 24 with value: 496.2477777777778.
[I 2026-05-18 07:27:45,419] Trial 45 finished with value: 483.11804232804235 and parameters: {'batch_size': 256, 'gamma': 0.9764084152775896, 'eps_start': 0.8796501386001362, 'eps_end': 0.0248992188045008, 'eps_decay': 1876, 'tau': 0.005767758728078716, 'lr': 0.00013811933914153587, 'num_steps': 20, 'beta': 0.8552956809319623, 'hidden1_size': 32, 'hidden2_size': 32}. Best is trial 24 with value: 496.2477777777778.
[I 2026-05-18 11:05:44,690] Trial 52 finished with value: 212.97238095238095 and parameters: {'batch_size': 128, 'gamma': 0.9828012139443814, 'eps_start': 0.9124022530287913, 'eps_end': 0.08127218142003322, 'eps_decay': 1788, 'tau': 0.007198153536648122, 'lr': 0.0008917998289378327, 'num_steps': 10, 'beta': 0.8038267008352137, 'hidden1_size': 32, 'hidden2_size': 4}. Best is trial 24 with value: 496.2477777777778.
[I 2026-05-18 20:28:01,263] Trial 53 finished with value: 290.04624338624336 and parameters: {'batch_size': 128, 'gamma': 0.9910246272863314, 'eps_start': 0.9335590063353701, 'eps_end': 0.014078415310552731, 'eps_decay': 1492, 'tau': 0.0067330289669119674, 'lr': 0.0011933584416929839, 'num_steps': 20, 'beta': 0.9751356955931603, 'hidden1_size': 64, 'hidden2_size': 32}. Best is trial 24 with value: 496.2477777777778.
[I 2026-05-19 02:06:56,783] Trial 59 finished with value: 218.31502645502647 and parameters: {'batch_size': 128, 'gamma': 0.9723020514967257, 'eps_start': 0.8887038826058279, 'eps_end': 0.08001628295765871, 'eps_decay': 1241, 'tau': 0.0074486535943396204, 'lr': 0.0022183454713955585, 'num_steps': 20, 'beta': 0.9351295007788216, 'hidden1_size': 16, 'hidden2_size': 4}. Best is trial 24 with value: 496.2477777777778.
[I 2026-05-19 02:39:37,200] Trial 62 finished with value: 29.63444444444444 and parameters: {'batch_size': 128, 'gamma': 0.9690248732751865, 'eps_start': 0.8980435335115254, 'eps_end': 0.09286806584478992, 'eps_decay': 1817, 'tau': 0.0071287320656368185, 'lr': 0.00011564445750932508, 'num_steps': 10, 'beta': 0.9539581582653027, 'hidden1_size': 8, 'hidden2_size': 8}. Best is trial 24 with value: 496.2477777777778.
[I 2026-05-19 03:38:01,918] Trial 64 finished with value: 20.54820105820106 and parameters: {'batch_size': 128, 'gamma': 0.9783520044421447, 'eps_start': 0.8717401020967371, 'eps_end': 0.02063068344475006, 'eps_decay': 1661, 'tau': 0.00470217113468917, 'lr': 0.00013123866333109374, 'num_steps': 20, 'beta': 0.8551965061733835, 'hidden1_size': 32, 'hidden2_size': 4}. Best is trial 24 with value: 496.2477777777778.
