[I 2026-05-19 06:50:57,578] Trial 76 finished with value: 495.10079365079366 and parameters: {'batch_size': 64, 'gamma': 0.9682748254016117, 'eps_start': 0.9342071485473705, 'eps_end': 0.019139190414549145, 'eps_decay': 1798, 'tau': 0.0054633485395472565, 'lr': 0.00021160654195975044, 'num_steps': 20, 'hidden1_size': 64, 'hidden2_size': 32, 'lam': 0.22863827548713092, 'history_length': 4}. Best is trial 66 with value: 495.16.
Search space loaded from: configs/search_spaces/bitshift-custom_slow_decay.yaml
Using device: cuda

Study: bitshift-custom-slow-1500
Neuron type: bitshift
Trials: 32
Storage: sqlite:///optuna_studies/bitshift-v3.db


============================================================
Trial 1: bitshift [8-4] lr=0.0007038204176829028
============================================================
  Episode 50/1500  avg(100): 17.4
  Episode 100/1500  avg(100): 16.0
  Episode 150/1500  avg(100): 19.7
  Episode 200/1500  avg(100): 49.3
  Episode 250/1500  avg(100): 99.3
  Episode 300/1500  avg(100): 125.8
  Episode 350/1500  avg(100): 123.0
  Episode 400/1500  avg(100): 114.9
  Episode 450/1500  avg(100): 136.9
  Episode 500/1500  avg(100): 159.4
  Episode 550/1500  avg(100): 164.5
  Episode 600/1500  avg(100): 138.2
  Episode 650/1500  avg(100): 103.2
  Episode 700/1500  avg(100): 90.0
  Episode 750/1500  avg(100): 67.6
  Episode 800/1500  avg(100): 59.8
  Episode 850/1500  avg(100): 51.5
  Episode 900/1500  avg(100): 56.5
  Episode 950/1500  avg(100): 147.5
  Episode 1000/1500  avg(100): 265.9
  Episode 1050/1500  avg(100): 185.6
  Episode 1100/1500  avg(100): 39.9
  Episode 1150/1500  avg(100): 49.9
  Episode 1200/1500  avg(100): 92.6
  Episode 1250/1500  avg(100): 261.0
  Episode 1300/1500  avg(100): 455.2
  Episode 1350/1500  avg(100): 495.1
  Episode 1400/1500  avg(100): 490.3
  Episode 1450/1500  avg(100): 490.3
  Episode 1500/1500  avg(100): 485.4
Trial 1 done: best_avg=495.1, final_avg=485.4, tail_iqm=405.6
  -> Converged at episode: 1305

============================================================
Trial 5: bitshift [32-16] lr=0.0035039728832825063
============================================================
  Episode 50/1500  avg(100): 81.8
  Episode 100/1500  avg(100): 127.5
  Episode 150/1500  avg(100): 126.0
  Episode 200/1500  avg(100): 68.3
  Episode 250/1500  avg(100): 88.2
  Episode 300/1500  avg(100): 112.6
  Episode 350/1500  avg(100): 132.1
  Episode 400/1500  avg(100): 95.0
  Episode 450/1500  avg(100): 51.2
  Episode 500/1500  avg(100): 105.9
  Episode 550/1500  avg(100): 183.6
  Episode 600/1500  avg(100): 216.1
  Episode 650/1500  avg(100): 284.9
  Episode 700/1500  avg(100): 357.9
  Episode 750/1500  avg(100): 295.3
  Episode 800/1500  avg(100): 223.9
  Episode 850/1500  avg(100): 200.1
  Episode 900/1500  avg(100): 240.8
  Episode 950/1500  avg(100): 218.5
  Episode 1000/1500  avg(100): 109.8
  Episode 1050/1500  avg(100): 111.8
  Episode 1100/1500  avg(100): 132.6
  Episode 1150/1500  avg(100): 143.8
  Episode 1200/1500  avg(100): 294.1
  Episode 1250/1500  avg(100): 338.7
  Episode 1300/1500  avg(100): 319.1
  Episode 1350/1500  avg(100): 424.9
  Episode 1400/1500  avg(100): 404.5
  Episode 1450/1500  avg(100): 295.6
  Episode 1500/1500  avg(100): 169.0
Trial 5 done: best_avg=453.0, final_avg=169.0, tail_iqm=322.8

============================================================
Trial 13: bitshift [16-4] lr=0.00021855401127337143
============================================================
  Episode 50/1500  avg(100): 17.4
  Episode 100/1500  avg(100): 16.4
  Episode 150/1500  avg(100): 14.5
  Episode 200/1500  avg(100): 14.0
  Episode 250/1500  avg(100): 16.2
  Episode 300/1500  avg(100): 22.0
  Episode 350/1500  avg(100): 23.0
  Episode 400/1500  avg(100): 15.0
  Episode 450/1500  avg(100): 10.1
  Episode 500/1500  avg(100): 10.2
  Episode 550/1500  avg(100): 10.1
  Episode 600/1500  avg(100): 30.3
  Episode 650/1500  avg(100): 45.3
  Episode 700/1500  avg(100): 38.6
  Episode 750/1500  avg(100): 37.7
  Episode 800/1500  avg(100): 74.9
  Episode 850/1500  avg(100): 143.3
  Episode 900/1500  avg(100): 194.1
  Episode 950/1500  avg(100): 138.5
  Episode 1000/1500  avg(100): 84.6
  Episode 1050/1500  avg(100): 126.6
  Episode 1100/1500  avg(100): 146.1
  Episode 1150/1500  avg(100): 136.5
  Episode 1200/1500  avg(100): 128.3
  Episode 1250/1500  avg(100): 126.6
  Episode 1300/1500  avg(100): 118.5
  Episode 1350/1500  avg(100): 107.9
  Episode 1400/1500  avg(100): 111.7
  Episode 1450/1500  avg(100): 126.2
  Episode 1500/1500  avg(100): 145.0
Trial 13 done: best_avg=196.7, final_avg=145.0, tail_iqm=123.7

============================================================
Trial 17: bitshift [64-16] lr=0.0031480484264320967
============================================================
  Episode 50/1500  avg(100): 19.0
  Episode 100/1500  avg(100): 26.1
  Episode 150/1500  avg(100): 71.5
  Episode 200/1500  avg(100): 141.5
  Episode 250/1500  avg(100): 192.9
  Episode 300/1500  avg(100): 165.4
  Episode 350/1500  avg(100): 101.1
  Episode 400/1500  avg(100): 108.0
  Episode 450/1500  avg(100): 119.9
  Episode 500/1500  avg(100): 94.1
  Episode 550/1500  avg(100): 78.0
  Episode 600/1500  avg(100): 86.2
  Episode 650/1500  avg(100): 99.5
  Episode 700/1500  avg(100): 99.4
  Episode 750/1500  avg(100): 93.1
  Episode 800/1500  avg(100): 81.0
  Episode 850/1500  avg(100): 78.5
  Episode 900/1500  avg(100): 88.0
  Episode 950/1500  avg(100): 93.5
  Episode 1000/1500  avg(100): 96.1
  Episode 1050/1500  avg(100): 115.9
  Episode 1100/1500  avg(100): 115.6
  Episode 1150/1500  avg(100): 107.2
  Episode 1200/1500  avg(100): 109.9
  Episode 1250/1500  avg(100): 105.9
  Episode 1300/1500  avg(100): 95.0
  Episode 1350/1500  avg(100): 91.0
  Episode 1400/1500  avg(100): 112.5
  Episode 1450/1500  avg(100): 113.9
  Episode 1500/1500  avg(100): 107.6
Trial 17 done: best_avg=198.2, final_avg=107.6, tail_iqm=106.0

============================================================
Trial 19: bitshift [64-4] lr=0.002772510994846844
============================================================
  Episode 50/1500  avg(100): 18.1
  Episode 100/1500  avg(100): 58.5
  Episode 150/1500  avg(100): 142.5
  Episode 200/1500  avg(100): 156.6
  Episode 250/1500  avg(100): 150.9
  Episode 300/1500  avg(100): 272.7
  Episode 350/1500  avg(100): 305.9
  Episode 400/1500  avg(100): 284.8
  Episode 450/1500  avg(100): 362.8
  Episode 500/1500  avg(100): 389.0
  Episode 550/1500  avg(100): 372.4
  Episode 600/1500  avg(100): 319.5
  Episode 650/1500  avg(100): 267.8
  Episode 700/1500  avg(100): 229.3
  Episode 750/1500  avg(100): 221.9
  Episode 800/1500  avg(100): 232.9
  Episode 850/1500  avg(100): 212.1
  Episode 900/1500  avg(100): 153.2
  Episode 950/1500  avg(100): 144.8
  Episode 1000/1500  avg(100): 171.5
  Episode 1050/1500  avg(100): 149.2
  Episode 1100/1500  avg(100): 208.5
  Episode 1150/1500  avg(100): 193.5
  Episode 1200/1500  avg(100): 136.0
  Episode 1250/1500  avg(100): 183.9
  Episode 1300/1500  avg(100): 168.5
  Episode 1350/1500  avg(100): 172.7
  Episode 1400/1500  avg(100): 166.9
  Episode 1450/1500  avg(100): 137.4
  Episode 1500/1500  avg(100): 189.4
Trial 19 done: best_avg=403.4, final_avg=189.4, tail_iqm=168.2

============================================================
Trial 26: bitshift [16-8] lr=0.003424279417836251
============================================================
  Episode 50/1500  avg(100): 18.4
  Episode 100/1500  avg(100): 54.0
  Episode 150/1500  avg(100): 104.9
  Episode 200/1500  avg(100): 84.2
  Episode 250/1500  avg(100): 111.1
  Episode 300/1500  avg(100): 189.3
  Episode 350/1500  avg(100): 213.7
  Episode 400/1500  avg(100): 186.3
  Episode 450/1500  avg(100): 108.5
  Episode 500/1500  avg(100): 60.7
  Episode 550/1500  avg(100): 48.0
  Episode 600/1500  avg(100): 57.5
  Episode 650/1500  avg(100): 103.6
  Episode 700/1500  avg(100): 121.3
  Episode 750/1500  avg(100): 105.3
  Episode 800/1500  avg(100): 109.2
  Episode 850/1500  avg(100): 107.6
  Episode 900/1500  avg(100): 106.1
  Episode 950/1500  avg(100): 96.3
  Episode 1000/1500  avg(100): 90.9
  Episode 1050/1500  avg(100): 95.2
  Episode 1100/1500  avg(100): 76.5
  Episode 1150/1500  avg(100): 57.3
  Episode 1200/1500  avg(100): 68.3
  Episode 1250/1500  avg(100): 102.8
  Episode 1300/1500  avg(100): 87.2
  Episode 1350/1500  avg(100): 109.5
  Episode 1400/1500  avg(100): 207.7
  Episode 1450/1500  avg(100): 289.2
  Episode 1500/1500  avg(100): 377.2
Trial 26 done: best_avg=381.1, final_avg=377.2, tail_iqm=113.9

============================================================
Trial 28: bitshift [64-32] lr=0.0006566102491913202
============================================================
  Episode 50/1500  avg(100): 16.0
  Episode 100/1500  avg(100): 34.2
  Episode 150/1500  avg(100): 134.9
  Episode 200/1500  avg(100): 213.7
  Episode 250/1500  avg(100): 236.6
  Episode 300/1500  avg(100): 310.0
  Episode 350/1500  avg(100): 365.8
  Episode 400/1500  avg(100): 338.0
  Episode 450/1500  avg(100): 265.9
  Episode 500/1500  avg(100): 221.0
  Episode 550/1500  avg(100): 199.7
  Episode 600/1500  avg(100): 245.2
  Episode 650/1500  avg(100): 286.9
  Episode 700/1500  avg(100): 246.6
  Episode 750/1500  avg(100): 296.1
  Episode 800/1500  avg(100): 430.6
  Episode 850/1500  avg(100): 463.2
  Episode 900/1500  avg(100): 447.7
  Episode 950/1500  avg(100): 451.7
  Episode 1000/1500  avg(100): 423.1
  Episode 1050/1500  avg(100): 447.5
  Episode 1100/1500  avg(100): 492.9
  Episode 1150/1500  avg(100): 496.8
  Episode 1200/1500  avg(100): 486.7
  Episode 1250/1500  avg(100): 465.4
  Episode 1300/1500  avg(100): 478.7
  Episode 1350/1500  avg(100): 500.0
  Episode 1400/1500  avg(100): 495.9
  Episode 1450/1500  avg(100): 495.2
  Episode 1500/1500  avg(100): 499.3
Trial 28 done: best_avg=500.0, final_avg=499.3, tail_iqm=493.4
  -> Converged at episode: 1270

============================================================
Trial 35: bitshift [64-32] lr=0.0012593517120267276
============================================================
  Episode 50/1500  avg(100): 17.0
  Episode 100/1500  avg(100): 59.3
  Episode 150/1500  avg(100): 112.1
  Episode 200/1500  avg(100): 147.5
  Episode 250/1500  avg(100): 174.2
  Episode 300/1500  avg(100): 193.6
  Episode 350/1500  avg(100): 249.5
  Episode 400/1500  avg(100): 268.0
  Episode 450/1500  avg(100): 219.4
  Episode 500/1500  avg(100): 239.7
  Episode 550/1500  avg(100): 349.6
  Episode 600/1500  avg(100): 322.1
  Episode 650/1500  avg(100): 243.9
  Episode 700/1500  avg(100): 272.9
  Episode 750/1500  avg(100): 386.8
  Episode 800/1500  avg(100): 456.0
  Episode 850/1500  avg(100): 363.6
  Episode 900/1500  avg(100): 274.6
  Episode 950/1500  avg(100): 216.2
  Episode 1000/1500  avg(100): 177.6
  Episode 1050/1500  avg(100): 287.1
  Episode 1100/1500  avg(100): 389.0
  Episode 1150/1500  avg(100): 332.1
  Episode 1200/1500  avg(100): 360.7
  Episode 1250/1500  avg(100): 387.8
  Episode 1300/1500  avg(100): 279.4
  Episode 1350/1500  avg(100): 192.9
  Episode 1400/1500  avg(100): 169.7
  Episode 1450/1500  avg(100): 238.9
  Episode 1500/1500  avg(100): 305.4
Trial 35 done: best_avg=462.3, final_avg=305.4, tail_iqm=290.3

============================================================
Trial 39: bitshift [64-32] lr=0.000121984266893888
============================================================
  Episode 50/1500  avg(100): 17.6
  Episode 100/1500  avg(100): 15.1
  Episode 150/1500  avg(100): 12.7
  Episode 200/1500  avg(100): 14.9
  Episode 250/1500  avg(100): 22.4
  Episode 300/1500  avg(100): 20.5
  Episode 350/1500  avg(100): 11.4
  Episode 400/1500  avg(100): 9.7
  Episode 450/1500  avg(100): 28.7
  Episode 500/1500  avg(100): 35.2
  Episode 550/1500  avg(100): 19.6
  Episode 600/1500  avg(100): 16.7
  Episode 650/1500  avg(100): 22.8
  Episode 700/1500  avg(100): 56.0
  Episode 750/1500  avg(100): 100.0
  Episode 800/1500  avg(100): 123.2
  Episode 850/1500  avg(100): 168.8
  Episode 900/1500  avg(100): 200.7
  Episode 950/1500  avg(100): 195.4
  Episode 1000/1500  avg(100): 197.7
  Episode 1050/1500  avg(100): 189.6
  Episode 1100/1500  avg(100): 185.7
  Episode 1150/1500  avg(100): 195.0
  Episode 1200/1500  avg(100): 199.6
  Episode 1250/1500  avg(100): 209.2
  Episode 1300/1500  avg(100): 215.8
  Episode 1350/1500  avg(100): 220.2
  Episode 1400/1500  avg(100): 259.1
  Episode 1450/1500  avg(100): 332.3
  Episode 1500/1500  avg(100): 408.4
Trial 39 done: best_avg=408.4, final_avg=408.4, tail_iqm=219.8

============================================================
Trial 42: bitshift [64-32] lr=0.0003910396785400283
============================================================
  Episode 50/1500  avg(100): 18.0
  Episode 100/1500  avg(100): 16.3
  Episode 150/1500  avg(100): 64.1
  Episode 200/1500  avg(100): 160.4
  Episode 250/1500  avg(100): 171.1
  Episode 300/1500  avg(100): 159.4
  Episode 350/1500  avg(100): 161.5
  Episode 400/1500  avg(100): 239.2
  Episode 450/1500  avg(100): 385.9
  Episode 500/1500  avg(100): 447.3
  Episode 550/1500  avg(100): 461.2
  Episode 600/1500  avg(100): 451.7
  Episode 650/1500  avg(100): 294.7
  Episode 700/1500  avg(100): 174.4
  Episode 750/1500  avg(100): 197.8
  Episode 800/1500  avg(100): 196.5
  Episode 850/1500  avg(100): 298.9
  Episode 900/1500  avg(100): 444.1
  Episode 950/1500  avg(100): 492.6
  Episode 1000/1500  avg(100): 497.5
  Episode 1050/1500  avg(100): 492.2
  Episode 1100/1500  avg(100): 404.1
  Episode 1150/1500  avg(100): 291.0
  Episode 1200/1500  avg(100): 255.2
  Episode 1250/1500  avg(100): 237.9
  Episode 1300/1500  avg(100): 219.1
  Episode 1350/1500  avg(100): 225.3
  Episode 1400/1500  avg(100): 307.1
  Episode 1450/1500  avg(100): 425.4
  Episode 1500/1500  avg(100): 485.2
Trial 42 done: best_avg=497.5, final_avg=485.2, tail_iqm=263.9
  -> Converged at episode: 1470

============================================================
Trial 46: bitshift [64-32] lr=0.00015156340841486889
============================================================
  Episode 50/1500  avg(100): 19.0
  Episode 100/1500  avg(100): 15.2
  Episode 150/1500  avg(100): 11.7
  Episode 200/1500  avg(100): 13.1
  Episode 250/1500  avg(100): 40.2
  Episode 300/1500  avg(100): 119.2
  Episode 350/1500  avg(100): 152.6
  Episode 400/1500  avg(100): 167.4
  Episode 450/1500  avg(100): 224.6
  Episode 500/1500  avg(100): 209.9
  Episode 550/1500  avg(100): 137.4
  Episode 600/1500  avg(100): 157.8
  Episode 650/1500  avg(100): 253.6
  Episode 700/1500  avg(100): 289.7
  Episode 750/1500  avg(100): 274.4
  Episode 800/1500  avg(100): 324.1
  Episode 850/1500  avg(100): 317.6
  Episode 900/1500  avg(100): 232.3
  Episode 950/1500  avg(100): 265.8
  Episode 1000/1500  avg(100): 312.8
  Episode 1050/1500  avg(100): 404.3
  Episode 1100/1500  avg(100): 500.0
  Episode 1150/1500  avg(100): 500.0
  Episode 1200/1500  avg(100): 445.6
  Episode 1250/1500  avg(100): 425.9
  Episode 1300/1500  avg(100): 480.3
  Episode 1350/1500  avg(100): 500.0
  Episode 1400/1500  avg(100): 500.0
  Episode 1450/1500  avg(100): 495.6
  Episode 1500/1500  avg(100): 492.2
Trial 46 done: best_avg=500.0, final_avg=492.2, tail_iqm=489.2
  -> Converged at episode: 1268

============================================================
Trial 50: bitshift [64-32] lr=0.00019070196673107346
============================================================
  Episode 50/1500  avg(100): 14.4
  Episode 100/1500  avg(100): 14.0
  Episode 150/1500  avg(100): 15.4
  Episode 200/1500  avg(100): 18.2
  Episode 250/1500  avg(100): 14.6
  Episode 300/1500  avg(100): 9.7
  Episode 350/1500  avg(100): 13.0
  Episode 400/1500  avg(100): 27.8
  Episode 450/1500  avg(100): 49.6
  Episode 500/1500  avg(100): 86.2
  Episode 550/1500  avg(100): 113.9
  Episode 600/1500  avg(100): 119.3
  Episode 650/1500  avg(100): 113.9
  Episode 700/1500  avg(100): 100.6
  Episode 750/1500  avg(100): 96.3
  Episode 800/1500  avg(100): 118.7
  Episode 850/1500  avg(100): 135.4
  Episode 900/1500  avg(100): 130.7
  Episode 950/1500  avg(100): 143.3
  Episode 1000/1500  avg(100): 155.0
  Episode 1050/1500  avg(100): 163.1
  Episode 1100/1500  avg(100): 179.8
  Episode 1150/1500  avg(100): 193.4
  Episode 1200/1500  avg(100): 210.5
  Episode 1250/1500  avg(100): 218.9
  Episode 1300/1500  avg(100): 214.9
  Episode 1350/1500  avg(100): 205.1
  Episode 1400/1500  avg(100): 197.0
  Episode 1450/1500  avg(100): 205.2
  Episode 1500/1500  avg(100): 198.9
Trial 50 done: best_avg=223.1, final_avg=198.9, tail_iqm=205.4

============================================================
Trial 54: bitshift [64-32] lr=0.00014594313817418937
============================================================
  Episode 50/1500  avg(100): 15.5
  Episode 100/1500  avg(100): 13.5
  Episode 150/1500  avg(100): 11.3
  Episode 200/1500  avg(100): 11.8
  Episode 250/1500  avg(100): 16.1
  Episode 300/1500  avg(100): 23.8
  Episode 350/1500  avg(100): 83.4
  Episode 400/1500  avg(100): 125.7
  Episode 450/1500  avg(100): 113.2
  Episode 500/1500  avg(100): 111.5
  Episode 550/1500  avg(100): 118.5
  Episode 600/1500  avg(100): 138.6
  Episode 650/1500  avg(100): 164.2
  Episode 700/1500  avg(100): 237.1
  Episode 750/1500  avg(100): 280.3
  Episode 800/1500  avg(100): 265.8
  Episode 850/1500  avg(100): 226.5
  Episode 900/1500  avg(100): 173.3
  Episode 950/1500  avg(100): 159.6
  Episode 1000/1500  avg(100): 166.6
  Episode 1050/1500  avg(100): 192.9
  Episode 1100/1500  avg(100): 255.1
  Episode 1150/1500  avg(100): 264.5
  Episode 1200/1500  avg(100): 244.2
  Episode 1250/1500  avg(100): 266.6
  Episode 1300/1500  avg(100): 282.0
  Episode 1350/1500  avg(100): 315.3
  Episode 1400/1500  avg(100): 411.6
  Episode 1450/1500  avg(100): 490.5
  Episode 1500/1500  avg(100): 500.0
Trial 54 done: best_avg=500.0, final_avg=500.0, tail_iqm=306.8
  -> Converged at episode: 1432

============================================================
Trial 57: bitshift [64-32] lr=0.00024245774857323092
============================================================
  Episode 50/1500  avg(100): 19.0
  Episode 100/1500  avg(100): 15.9
  Episode 150/1500  avg(100): 14.8
  Episode 200/1500  avg(100): 51.5
  Episode 250/1500  avg(100): 139.7
  Episode 300/1500  avg(100): 171.3
  Episode 350/1500  avg(100): 169.7
  Episode 400/1500  avg(100): 300.9
  Episode 450/1500  avg(100): 426.7
  Episode 500/1500  avg(100): 456.7
  Episode 550/1500  avg(100): 428.9
  Episode 600/1500  avg(100): 417.2
  Episode 650/1500  avg(100): 413.6
  Episode 700/1500  avg(100): 431.0
  Episode 750/1500  avg(100): 476.1
  Episode 800/1500  avg(100): 387.8
  Episode 850/1500  avg(100): 402.0
  Episode 900/1500  avg(100): 474.2
  Episode 950/1500  avg(100): 434.8
  Episode 1000/1500  avg(100): 413.1
  Episode 1050/1500  avg(100): 453.8
  Episode 1100/1500  avg(100): 485.4
  Episode 1150/1500  avg(100): 474.4
  Episode 1200/1500  avg(100): 489.0
  Episode 1250/1500  avg(100): 500.0
  Episode 1300/1500  avg(100): 497.8
  Episode 1350/1500  avg(100): 403.5
  Episode 1400/1500  avg(100): 393.2
  Episode 1450/1500  avg(100): 487.4
  Episode 1500/1500  avg(100): 498.7
Trial 57 done: best_avg=500.0, final_avg=498.7, tail_iqm=482.7
  -> Converged at episode: 1447

============================================================
Trial 64: bitshift [64-32] lr=0.00047127508046293195
============================================================
  Episode 50/1500  avg(100): 17.4
  Episode 100/1500  avg(100): 15.2
  Episode 150/1500  avg(100): 18.0
  Episode 200/1500  avg(100): 79.5
  Episode 250/1500  avg(100): 153.3
  Episode 300/1500  avg(100): 153.9
  Episode 350/1500  avg(100): 136.7
  Episode 400/1500  avg(100): 133.1
  Episode 450/1500  avg(100): 135.9
  Episode 500/1500  avg(100): 141.5
  Episode 550/1500  avg(100): 177.7
  Episode 600/1500  avg(100): 224.2
  Episode 650/1500  avg(100): 182.3
  Episode 700/1500  avg(100): 140.9
  Episode 750/1500  avg(100): 146.7
  Episode 800/1500  avg(100): 150.0
  Episode 850/1500  avg(100): 170.8
  Episode 900/1500  avg(100): 211.5
  Episode 950/1500  avg(100): 289.3
  Episode 1000/1500  avg(100): 380.3
  Episode 1050/1500  avg(100): 318.3
  Episode 1100/1500  avg(100): 316.9
  Episode 1150/1500  avg(100): 429.8
  Episode 1200/1500  avg(100): 463.7
  Episode 1250/1500  avg(100): 479.2
  Episode 1300/1500  avg(100): 471.6
  Episode 1350/1500  avg(100): 452.9
  Episode 1400/1500  avg(100): 467.6
  Episode 1450/1500  avg(100): 472.7
  Episode 1500/1500  avg(100): 441.9
Trial 64 done: best_avg=484.7, final_avg=441.9, tail_iqm=464.8

============================================================
Trial 67: bitshift [64-8] lr=0.00010740311850109768
============================================================
  Episode 50/1500  avg(100): 25.5
  Episode 100/1500  avg(100): 18.6
  Episode 150/1500  avg(100): 11.6
  Episode 200/1500  avg(100): 11.3
  Episode 250/1500  avg(100): 13.0
  Episode 300/1500  avg(100): 15.7
  Episode 350/1500  avg(100): 18.7
  Episode 400/1500  avg(100): 15.2
  Episode 450/1500  avg(100): 9.5
  Episode 500/1500  avg(100): 9.4
  Episode 550/1500  avg(100): 9.5
  Episode 600/1500  avg(100): 9.6
  Episode 650/1500  avg(100): 10.8
  Episode 700/1500  avg(100): 17.5
  Episode 750/1500  avg(100): 37.9
  Episode 800/1500  avg(100): 72.1
  Episode 850/1500  avg(100): 88.3
  Episode 900/1500  avg(100): 94.5
  Episode 950/1500  avg(100): 105.0
  Episode 1000/1500  avg(100): 104.3
  Episode 1050/1500  avg(100): 100.4
  Episode 1100/1500  avg(100): 98.0
  Episode 1150/1500  avg(100): 99.0
  Episode 1200/1500  avg(100): 104.9
  Episode 1250/1500  avg(100): 112.8
  Episode 1300/1500  avg(100): 135.0
  Episode 1350/1500  avg(100): 159.1
  Episode 1400/1500  avg(100): 163.2
  Episode 1450/1500  avg(100): 176.4
  Episode 1500/1500  avg(100): 317.7
Trial 67 done: best_avg=317.7, final_avg=317.7, tail_iqm=139.3

============================================================
Tr