[I 2026-05-15 08:13:18,974] Using an existing study with name 'bitshift-custom-slow-1500' instead of creating a new one.
[I 2026-05-15 14:23:09,505] Trial 2 finished with value: 417.83560846560846 and parameters: {'batch_size': 64, 'gamma': 0.9616426622521432, 'eps_start': 0.8038004944187304, 'eps_end': 0.008086472851775968, 'eps_decay': 1238, 'tau': 0.0019370907473512601, 'lr': 0.0010477180337413947, 'num_steps': 20, 'hidden1_size': 64, 'hidden2_size': 32, 'lam': 0.21589243615511994, 'history_length': 8}. Best is trial 2 with value: 417.83560846560846.
[I 2026-05-15 16:24:38,411] Trial 7 finished with value: 132.27952380952382 and parameters: {'batch_size': 128, 'gamma': 0.966937717686986, 'eps_start': 0.8450888771594213, 'eps_end': 0.023432111475384196, 'eps_decay': 2075, 'tau': 0.007056153177553689, 'lr': 0.006758916010901908, 'num_steps': 10, 'hidden1_size': 64, 'hidden2_size': 16, 'lam': 0.06678782206939894, 'history_length': 64}. Best is trial 2 with value: 417.83560846560846.
[I 2026-05-16 00:42:33,483] Trial 10 finished with value: 488.035291005291 and parameters: {'batch_size': 256, 'gamma': 0.9566845237037318, 'eps_start': 0.8137701103473941, 'eps_end': 0.01088893857142449, 'eps_decay': 1200, 'tau': 0.0018889155828900335, 'lr': 0.00031670034177342754, 'num_steps': 20, 'hidden1_size': 64, 'hidden2_size': 32, 'lam': 0.18550338188927656, 'history_length': 4}. Best is trial 10 with value: 488.035291005291.
[I 2026-05-16 02:03:42,506] Trial 22 finished with value: 46.78661375661376 and parameters: {'batch_size': 128, 'gamma': 0.9980143759909061, 'eps_start': 0.8328759886529178, 'eps_end': 0.03809579607072042, 'eps_decay': 2949, 'tau': 0.0020375548221560954, 'lr': 0.0049473405111202075, 'num_steps': 30, 'hidden1_size': 32, 'hidden2_size': 4, 'lam': 0.05654582464959641, 'history_length': 16}. Best is trial 10 with value: 488.035291005291.
[I 2026-05-16 05:37:42,799] Trial 23 finished with value: 170.75920634920632 and parameters: {'batch_size': 64, 'gamma': 0.9511348177832643, 'eps_start': 0.9796068794523345, 'eps_end': 0.07428920252873333, 'eps_decay': 2163, 'tau': 0.002776656906542348, 'lr': 0.0015273362431360861, 'num_steps': 20, 'hidden1_size': 32, 'hidden2_size': 32, 'lam': 0.2828857736486744, 'history_length': 32}. Best is trial 10 with value: 488.035291005291.
[I 2026-05-16 09:34:11,503] Trial 27 finished with value: 185.13449735449737 and parameters: {'batch_size': 128, 'gamma': 0.9855973384192777, 'eps_start': 0.8865043156221736, 'eps_end': 0.09187177775196445, 'eps_decay': 1124, 'tau': 0.009517103030688132, 'lr': 0.009078344390657647, 'num_steps': 20, 'hidden1_size': 64, 'hidden2_size': 8, 'lam': 0.2681691011698959, 'history_length': 8}. Best is trial 10 with value: 488.035291005291.
[I 2026-05-16 18:36:45,388] Trial 31 finished with value: 449.97169312169314 and parameters: {'batch_size': 64, 'gamma': 0.9569313427026414, 'eps_start': 0.9511921626949256, 'eps_end': 0.005471598148709528, 'eps_decay': 1002, 'tau': 0.003434318556292453, 'lr': 0.001151858793242209, 'num_steps': 20, 'hidden1_size': 64, 'hidden2_size': 32, 'lam': 0.23338498099300817, 'history_length': 8}. Best is trial 28 with value: 488.53407407407406.
[I 2026-05-16 23:49:26,548] Trial 36 finished with value: 278.80037037037033 and parameters: {'batch_size': 64, 'gamma': 0.9553602002087482, 'eps_start': 0.9380525902512131, 'eps_end': 0.005136784829702194, 'eps_decay': 1283, 'tau': 0.0038422285338389575, 'lr': 0.001279640755331231, 'num_steps': 20, 'hidden1_size': 64, 'hidden2_size': 32, 'lam': 0.21461275901185137, 'history_length': 8}. Best is trial 32 with value: 493.66804232804236.
[I 2026-05-17 06:40:36,654] Trial 41 finished with value: 458.4379365079365 and parameters: {'batch_size': 256, 'gamma': 0.9639896696557028, 'eps_start': 0.9122104950823009, 'eps_end': 0.02024045335131873, 'eps_decay': 1369, 'tau': 0.0015197811992824187, 'lr': 0.0003887042361498063, 'num_steps': 20, 'hidden1_size': 64, 'hidden2_size': 32, 'lam': 0.18922427345112322, 'history_length': 4}. Best is trial 32 with value: 493.66804232804236.
[I 2026-05-17 13:24:17,075] Trial 45 finished with value: 364.25031746031755 and parameters: {'batch_size': 256, 'gamma': 0.9702613475775042, 'eps_start': 0.917753608964247, 'eps_end': 0.024535725603047898, 'eps_decay': 1564, 'tau': 0.002876312924816914, 'lr': 0.0003046327853921117, 'num_steps': 20, 'hidden1_size': 64, 'hidden2_size': 32, 'lam': 0.18781110450166238, 'history_length': 4}. Best is trial 44 with value: 495.12.
[I 2026-05-17 19:54:40,587] Trial 49 finished with value: 451.5984126984127 and parameters: {'batch_size': 64, 'gamma': 0.9766665813948647, 'eps_start': 0.900341504494343, 'eps_end': 0.010574661736210184, 'eps_decay': 1196, 'tau': 0.005059882553057004, 'lr': 0.0001611933108978111, 'num_steps': 20, 'hidden1_size': 64, 'hidden2_size': 32, 'lam': 0.22305772916038882, 'history_length': 64}. Best is trial 44 with value: 495.12.
[I 2026-05-17 23:44:47,385] Trial 55 finished with value: 190.10719576719578 and parameters: {'batch_size': 256, 'gamma': 0.9599749802063294, 'eps_start': 0.9276249116536682, 'eps_end': 0.015757351854344293, 'eps_decay': 1417, 'tau': 0.0023792589162642433, 'lr': 0.00012353527294645645, 'num_steps': 20, 'hidden1_size': 64, 'hidden2_size': 32, 'lam': 0.1469285753547784, 'history_length': 8}. Best is trial 44 with value: 495.12.
[I 2026-05-18 10:34:58,569] Trial 59 finished with value: 458.3321693121693 and parameters: {'batch_size': 64, 'gamma': 0.9713885900170256, 'eps_start': 0.9460966054140862, 'eps_end': 0.02075257979716743, 'eps_decay': 1878, 'tau': 0.004252534099006295, 'lr': 0.0002477996520399741, 'num_steps': 30, 'hidden1_size': 64, 'hidden2_size': 16, 'lam': 0.2725600999574442, 'history_length': 8}. Best is trial 44 with value: 495.12.
[I 2026-05-18 17:15:41,571] Trial 65 finished with value: 482.90015873015875 and parameters: {'batch_size': 64, 'gamma': 0.9625125390707872, 'eps_start': 0.9092652246268944, 'eps_end': 0.01237230054736391, 'eps_decay': 1698, 'tau': 0.0011959392117448769, 'lr': 0.00032032252636380844, 'num_steps': 20, 'hidden1_size': 64, 'hidden2_size': 32, 'lam': 0.11988595759639548, 'history_length': 4}. Best is trial 44 with value: 495.12.
[I 2026-05-18 18:47:39,770] Trial 70 finished with value: 165.85391534391533 and parameters: {'batch_size': 128, 'gamma': 0.9580700057243738, 'eps_start': 0.8655452914287243, 'eps_end': 0.009293810986699465, 'eps_decay': 1330, 'tau': 0.003087884714135959, 'lr': 0.00014769607494668525, 'num_steps': 10, 'hidden1_size': 32, 'hidden2_size': 32, 'lam': 0.25959634756773736, 'history_length': 16}. Best is trial 44 with value: 495.12.
[I 2026-05-18 22:03:50,671] Trial 71 finished with value: 125.6110582010582 and parameters: {'batch_size': 256, 'gamma': 0.9532378526233651, 'eps_start': 0.8124866809423119, 'eps_end': 0.012835824001479545, 'eps_decay': 1246, 'tau': 0.002606037671029234, 'lr': 0.00017515585530039114, 'num_steps': 20, 'hidden1_size': 64, 'hidden2_size': 32, 'lam': 0.17376876280601553, 'history_length': 32}. Best is trial 66 with value: 495.16.
