[I 2026-05-15 08:13:18,960] Using an existing study with name 'bitshift-custom-slow-1500' instead of creating a new one.
[I 2026-05-15 12:22:12,075] Trial 1 finished with value: 404.89068783068785 and parameters: {'batch_size': 64, 'gamma': 0.9598924694665101, 'eps_start': 0.940155759461382, 'eps_end': 0.030072662106232554, 'eps_decay': 1436, 'tau': 0.005179786445098329, 'lr': 0.0007038204176829028, 'num_steps': 20, 'hidden1_size': 8, 'hidden2_size': 4, 'lam': 0.23758247588588755, 'history_length': 8}. Best is trial 1 with value: 404.89068783068785.
[I 2026-05-15 18:12:07,169] Trial 5 finished with value: 320.25322751322756 and parameters: {'batch_size': 64, 'gamma': 0.98846495971282, 'eps_start': 0.9914869503220296, 'eps_end': 0.021385808348647877, 'eps_decay': 1436, 'tau': 0.008336998554656028, 'lr': 0.0035039728832825063, 'num_steps': 30, 'hidden1_size': 32, 'hidden2_size': 16, 'lam': 0.19449127955802964, 'history_length': 16}. Best is trial 2 with value: 417.83560846560846.
[I 2026-05-15 18:12:07,661] Trial 12 pruned. Constraint violated: hidden2_size > hidden1_size
[I 2026-05-15 20:01:16,439] Trial 13 finished with value: 122.42867724867726 and parameters: {'batch_size': 64, 'gamma': 0.9615519324149053, 'eps_start': 0.8320497962109469, 'eps_end': 0.0985594191779338, 'eps_decay': 2727, 'tau': 0.009318423805510238, 'lr': 0.00021855401127337143, 'num_steps': 20, 'hidden1_size': 16, 'hidden2_size': 4, 'lam': 0.13407132178654996, 'history_length': 32}. Best is trial 2 with value: 417.83560846560846.
[I 2026-05-15 23:03:42,530] Trial 17 finished with value: 100.72513227513228 and parameters: {'batch_size': 64, 'gamma': 0.9524448905470052, 'eps_start': 0.8538784609402312, 'eps_end': 0.05261009604071305, 'eps_decay': 2529, 'tau': 0.0024019459478073248, 'lr': 0.0031480484264320967, 'num_steps': 30, 'hidden1_size': 64, 'hidden2_size': 16, 'lam': 0.1100757443574552, 'history_length': 128}. Best is trial 2 with value: 417.83560846560846.
[I 2026-05-16 04:07:24,550] Trial 19 finished with value: 164.49407407407406 and parameters: {'batch_size': 256, 'gamma': 0.9585328009819107, 'eps_start': 0.825449613913525, 'eps_end': 0.04343935782140173, 'eps_decay': 2926, 'tau': 0.00698631207013338, 'lr': 0.002772510994846844, 'num_steps': 20, 'hidden1_size': 64, 'hidden2_size': 4, 'lam': 0.08499810837441339, 'history_length': 32}. Best is trial 10 with value: 488.035291005291.
[I 2026-05-16 06:03:12,500] Trial 26 finished with value: 112.09878306878306 and parameters: {'batch_size': 256, 'gamma': 0.9724618299758969, 'eps_start': 0.9728732463748716, 'eps_end': 0.012186348832734017, 'eps_decay': 1776, 'tau': 0.008815684736153219, 'lr': 0.003424279417836251, 'num_steps': 10, 'hidden1_size': 16, 'hidden2_size': 8, 'lam': 0.05422481822787316, 'history_length': 64}. Best is trial 10 with value: 488.035291005291.
[I 2026-05-16 14:41:12,132] Trial 28 finished with value: 488.53407407407406 and parameters: {'batch_size': 64, 'gamma': 0.9574211847618013, 'eps_start': 0.9502859610094108, 'eps_end': 0.032261839240452866, 'eps_decay': 1065, 'tau': 0.003361046432147182, 'lr': 0.0006566102491913202, 'num_steps': 20, 'hidden1_size': 64, 'hidden2_size': 32, 'lam': 0.2243946056531025, 'history_length': 8}. Best is trial 28 with value: 488.53407407407406.
[I 2026-05-16 21:03:43,687] Trial 35 finished with value: 285.4071957671958 and parameters: {'batch_size': 64, 'gamma': 0.9549609200572108, 'eps_start': 0.9345435520622435, 'eps_end': 0.014878718231992168, 'eps_decay': 1731, 'tau': 0.003521743479985042, 'lr': 0.0012593517120267276, 'num_steps': 20, 'hidden1_size': 64, 'hidden2_size': 32, 'lam': 0.21368176063204436, 'history_length': 8}. Best is trial 32 with value: 493.66804232804236.
[I 2026-05-17 00:17:26,237] Trial 39 finished with value: 214.92031746031748 and parameters: {'batch_size': 64, 'gamma': 0.9650520896442113, 'eps_start': 0.9652994354956497, 'eps_end': 0.017810235015821865, 'eps_decay': 1308, 'tau': 0.004130626433059555, 'lr': 0.000121984266893888, 'num_steps': 20, 'hidden1_size': 64, 'hidden2_size': 32, 'lam': 0.25928593545702633, 'history_length': 8}. Best is trial 32 with value: 493.66804232804236.
[I 2026-05-17 07:37:44,681] Trial 42 finished with value: 259.0440211640212 and parameters: {'batch_size': 256, 'gamma': 0.9590097087328735, 'eps_start': 0.9173023877956361, 'eps_end': 0.02453372909756458, 'eps_decay': 1499, 'tau': 0.0028090738164346205, 'lr': 0.0003910396785400283, 'num_steps': 20, 'hidden1_size': 64, 'hidden2_size': 32, 'lam': 0.18753261867656235, 'history_length': 4}. Best is trial 32 with value: 493.66804232804236.
[I 2026-05-17 14:39:34,726] Trial 46 finished with value: 484.4089947089947 and parameters: {'batch_size': 256, 'gamma': 0.9639239007008634, 'eps_start': 0.9044023709376636, 'eps_end': 0.011748375997331584, 'eps_decay': 1603, 'tau': 0.001696513667476577, 'lr': 0.00015156340841486889, 'num_steps': 20, 'hidden1_size': 64, 'hidden2_size': 32, 'lam': 0.14947593964867845, 'history_length': 4}. Best is trial 44 with value: 495.12.
[I 2026-05-17 17:36:56,630] Trial 50 finished with value: 199.9951851851852 and parameters: {'batch_size': 64, 'gamma': 0.975503981002614, 'eps_start': 0.8820180269918458, 'eps_end': 0.034274435647827325, 'eps_decay': 1158, 'tau': 0.004885300510100941, 'lr': 0.00019070196673107346, 'num_steps': 20, 'hidden1_size': 64, 'hidden2_size': 32, 'lam': 0.20415646674607876, 'history_length': 64}. Best is trial 44 with value: 495.12.
[I 2026-05-17 22:30:52,450] Trial 54 finished with value: 301.9498412698413 and parameters: {'batch_size': 64, 'gamma': 0.9616818412084825, 'eps_start': 0.9023139766406998, 'eps_end': 0.01461444680833133, 'eps_decay': 1390, 'tau': 0.0024203485888025485, 'lr': 0.00014594313817418937, 'num_steps': 20, 'hidden1_size': 64, 'hidden2_size': 32, 'lam': 0.15544592501869964, 'history_length': 8}. Best is trial 44 with value: 495.12.
[I 2026-05-18 07:38:15,385] Trial 57 finished with value: 477.81291005291007 and parameters: {'batch_size': 256, 'gamma': 0.9682074006319424, 'eps_start': 0.9259988385450056, 'eps_end': 0.01725024905628681, 'eps_decay': 1960, 'tau': 0.0017995909069007054, 'lr': 0.00024245774857323092, 'num_steps': 20, 'hidden1_size': 64, 'hidden2_size': 32, 'lam': 0.1432340975011011, 'history_length': 4}. Best is trial 44 with value: 495.12.
[I 2026-05-18 13:56:35,147] Trial 64 finished with value: 459.91264550264555 and parameters: {'batch_size': 64, 'gamma': 0.9626181879514273, 'eps_start': 0.9074866316904217, 'eps_end': 0.007670499411953172, 'eps_decay': 2111, 'tau': 0.0020194069990591107, 'lr': 0.00047127508046293195, 'num_steps': 20, 'hidden1_size': 64, 'hidden2_size': 32, 'lam': 0.12554788867669883, 'history_length': 4}. Best is trial 44 with value: 495.12.
[I 2026-05-18 15:58:14,669] Trial 67 finished with value: 134.44857142857143 and parameters: {'batch_size': 256, 'gamma': 0.9651310208138003, 'eps_start': 0.8947389858147312, 'eps_end': 0.012812322929298438, 'eps_decay': 1476, 'tau': 0.003907203527102829, 'lr': 0.00010740311850109768, 'num_steps': 20, 'hidden1_size': 64, 'hidden2_size': 8, 'lam': 0.24782384396854784, 'history_length': 128}. Best is trial 44 with value: 495.12.
[I 2026-05-19 00:09:37,005] Trial 68 finished with value: 479.1460317460317 and parameters: {'batch_size': 64, 'gamma': 0.9580016994650149, 'eps_start': 0.8168619880074002, 'eps_end': 0.009422296609463192, 'eps_decay': 1688, 'tau': 0.002991915660774929, 'lr': 0.00030910177136787696, 'num_steps': 20, 'hidden1_size': 64, 'hidden2_size': 32, 'lam': 0.24214277781482996, 'history_length': 32}. Best is trial 66 with value: 495.16.
