[I 2026-05-15 08:13:18,975] Using an existing study with name 'bitshift-custom-slow-1500' instead of creating a new one.
[I 2026-05-15 12:53:31,275] Trial 3 finished with value: 157.48492063492063 and parameters: {'batch_size': 128, 'gamma': 0.9610994557563497, 'eps_start': 0.8486246848132122, 'eps_end': 0.022222482217988088, 'eps_decay': 1559, 'tau': 0.006861870530712786, 'lr': 0.0036236982101242633, 'num_steps': 30, 'hidden1_size': 8, 'hidden2_size': 4, 'lam': 0.26043924689353254, 'history_length': 64}. Best is trial 1 with value: 404.89068783068785.
[I 2026-05-15 18:06:36,738] Trial 6 finished with value: 255.0462962962963 and parameters: {'batch_size': 64, 'gamma': 0.9755189021913037, 'eps_start': 0.8924489602045148, 'eps_end': 0.018935415345586785, 'eps_decay': 1436, 'tau': 0.00924509532095958, 'lr': 0.0003832585618464753, 'num_steps': 20, 'hidden1_size': 32, 'hidden2_size': 32, 'lam': 0.14393748564842157, 'history_length': 16}. Best is trial 2 with value: 417.83560846560846.
[I 2026-05-15 18:22:28,578] Trial 11 finished with value: 23.621216931216935 and parameters: {'batch_size': 256, 'gamma': 0.9964540007952823, 'eps_start': 0.8298259187562689, 'eps_end': 0.009203545421223536, 'eps_decay': 2725, 'tau': 0.0022254441107559023, 'lr': 0.00010126970336623394, 'num_steps': 10, 'hidden1_size': 16, 'hidden2_size': 4, 'lam': 0.2221983734020639, 'history_length': 4}. Best is trial 2 with value: 417.83560846560846.
[I 2026-05-15 19:22:02,596] Trial 14 finished with value: 70.93693121693123 and parameters: {'batch_size': 64, 'gamma': 0.996604620522607, 'eps_start': 0.8119343135025349, 'eps_end': 0.07834746019867196, 'eps_decay': 2550, 'tau': 0.006881385333555801, 'lr': 0.005139455025249042, 'num_steps': 10, 'hidden1_size': 16, 'hidden2_size': 4, 'lam': 0.1967500213443894, 'history_length': 32}. Best is trial 2 with value: 417.83560846560846.
[I 2026-05-16 02:06:13,842] Trial 16 finished with value: 263.5598941798942 and parameters: {'batch_size': 128, 'gamma': 0.9733383510333475, 'eps_start': 0.8912156874493485, 'eps_end': 0.06973882745228868, 'eps_decay': 2379, 'tau': 0.006324422690967968, 'lr': 0.0017798752896700633, 'num_steps': 30, 'hidden1_size': 16, 'hidden2_size': 16, 'lam': 0.06589541623078461, 'history_length': 4}. Best is trial 10 with value: 488.035291005291.
[I 2026-05-16 06:54:05,516] Trial 24 finished with value: 242.1710052910053 and parameters: {'batch_size': 128, 'gamma': 0.9893956695339458, 'eps_start': 0.9217733233449724, 'eps_end': 0.04412599676827207, 'eps_decay': 2693, 'tau': 0.005605585822522068, 'lr': 0.0006314660579593249, 'num_steps': 30, 'hidden1_size': 16, 'hidden2_size': 4, 'lam': 0.2095434812420316, 'history_length': 4}. Best is trial 10 with value: 488.035291005291.
[I 2026-05-16 13:27:36,185] Trial 30 finished with value: 361.3285714285714 and parameters: {'batch_size': 64, 'gamma': 0.9564044100498986, 'eps_start': 0.9538477676713248, 'eps_end': 0.006419783571044377, 'eps_decay': 1038, 'tau': 0.003284726775906964, 'lr': 0.0008636888141178398, 'num_steps': 20, 'hidden1_size': 64, 'hidden2_size': 32, 'lam': 0.23346876239576103, 'history_length': 8}. Best is trial 10 with value: 488.035291005291.
[I 2026-05-16 13:27:37,718] Trial 33 pruned. Constraint violated: hidden2_size > hidden1_size
[I 2026-05-16 20:58:57,181] Trial 34 finished with value: 437.14423280423284 and parameters: {'batch_size': 64, 'gamma': 0.9555768210972251, 'eps_start': 0.9433534297921088, 'eps_end': 0.005827425258619827, 'eps_decay': 1073, 'tau': 0.003522804344834315, 'lr': 0.001197768154364172, 'num_steps': 20, 'hidden1_size': 64, 'hidden2_size': 32, 'lam': 0.24038547754877612, 'history_length': 8}. Best is trial 32 with value: 493.66804232804236.
[I 2026-05-17 03:24:06,220] Trial 38 finished with value: 487.42095238095243 and parameters: {'batch_size': 64, 'gamma': 0.9650146706316696, 'eps_start': 0.9283856755351634, 'eps_end': 0.015093888877763716, 'eps_decay': 1271, 'tau': 0.003974185002872836, 'lr': 0.00012022803878949644, 'num_steps': 20, 'hidden1_size': 64, 'hidden2_size': 32, 'lam': 0.2557650672867581, 'history_length': 8}. Best is trial 32 with value: 493.66804232804236.
[I 2026-05-17 09:26:35,040] Trial 43 finished with value: 343.90111111111116 and parameters: {'batch_size': 256, 'gamma': 0.9694263148886464, 'eps_start': 0.9211913555035933, 'eps_end': 0.02402951804250473, 'eps_decay': 1522, 'tau': 0.0016512317373996773, 'lr': 0.00047301198997614844, 'num_steps': 20, 'hidden1_size': 64, 'hidden2_size': 32, 'lam': 0.1839242135052373, 'history_length': 4}. Best is trial 32 with value: 493.66804232804236.
[I 2026-05-17 15:56:37,198] Trial 47 finished with value: 351.61550264550266 and parameters: {'batch_size': 256, 'gamma': 0.9638022657648632, 'eps_start': 0.9098230165506401, 'eps_end': 0.011292843302371035, 'eps_decay': 1618, 'tau': 0.0026818328345312174, 'lr': 0.0002871255388630144, 'num_steps': 20, 'hidden1_size': 64, 'hidden2_size': 32, 'lam': 0.1440134378843444, 'history_length': 4}. Best is trial 44 with value: 495.12.
[I 2026-05-17 22:20:38,877] Trial 53 finished with value: 446.96354497354497 and parameters: {'batch_size': 64, 'gamma': 0.9779254507136715, 'eps_start': 0.9288555994590727, 'eps_end': 0.03329818791680134, 'eps_decay': 1183, 'tau': 0.007628647425584971, 'lr': 0.0002173607620920152, 'num_steps': 20, 'hidden1_size': 64, 'hidden2_size': 8, 'lam': 0.281670845180107, 'history_length': 8}. Best is trial 44 with value: 495.12.
[I 2026-05-18 02:25:39,586] Trial 56 finished with value: 189.22026455026455 and parameters: {'batch_size': 256, 'gamma': 0.9607075819323935, 'eps_start': 0.9443033274864557, 'eps_end': 0.060974829008775835, 'eps_decay': 1414, 'tau': 0.002391582700196152, 'lr': 0.00013211545636059664, 'num_steps': 20, 'hidden1_size': 64, 'hidden2_size': 32, 'lam': 0.1645637501137126, 'history_length': 8}. Best is trial 44 with value: 495.12.
[I 2026-05-18 02:25:41,417] Trial 60 pruned. Constraint violated: hidden2_size > hidden1_size
[I 2026-05-18 11:35:03,181] Trial 61 finished with value: 479.1781481481482 and parameters: {'batch_size': 64, 'gamma': 0.9716629573837648, 'eps_start': 0.9443152805299261, 'eps_end': 0.009068572062127576, 'eps_decay': 1960, 'tau': 0.0021186255403133334, 'lr': 0.0005344094267590862, 'num_steps': 20, 'hidden1_size': 64, 'hidden2_size': 32, 'lam': 0.2993236624927538, 'history_length': 8}. Best is trial 44 with value: 495.12.
[I 2026-05-18 19:52:37,806] Trial 66 finished with value: 495.16 and parameters: {'batch_size': 64, 'gamma': 0.9654536205801117, 'eps_start': 0.9086484990072481, 'eps_end': 0.008655485517919406, 'eps_decay': 1734, 'tau': 0.0037437134128245142, 'lr': 0.0003160180688287558, 'num_steps': 20, 'hidden1_size': 64, 'hidden2_size': 32, 'lam': 0.24889605457547392, 'history_length': 4}. Best is trial 66 with value: 495.16.
[I 2026-05-19 04:23:53,619] Trial 72 finished with value: 372.3384126984127 and parameters: {'batch_size': 64, 'gamma': 0.9653856213619015, 'eps_start': 0.9621847583751688, 'eps_end': 0.059482615830299984, 'eps_decay': 1767, 'tau': 0.004546466927289752, 'lr': 0.00033835337549959876, 'num_steps': 20, 'hidden1_size': 64, 'hidden2_size': 32, 'lam': 0.22613414831092576, 'history_length': 32}. Best is trial 66 with value: 495.16.
[I 2026-05-19 07:03:37,633] Trial 79 finished with value: 357.8252380952381 and parameters: {'batch_size': 256, 'gamma': 0.9608682886730336, 'eps_start': 0.9223684837570858, 'eps_end': 0.015191788490388377, 'eps_decay': 1591, 'tau': 0.0017429999713512421, 'lr': 0.00013865052678887439, 'num_steps': 10, 'hidden1_size': 64, 'hidden2_size': 8, 'lam': 0.21850932519887353, 'history_length': 4}. Best is trial 66 with value: 495.16.
