[I 2026-05-15 08:13:18,959] A new study created in RDB with name: bitshift-custom-slow-1500
[I 2026-05-15 09:08:45,738] Trial 0 finished with value: 68.9952380952381 and parameters: {'batch_size': 64, 'gamma': 0.9798743669249403, 'eps_start': 0.9273122021500406, 'eps_end': 0.049304590985627166, 'eps_decay': 2465, 'tau': 0.009200847818655093, 'lr': 0.00024841371985442337, 'num_steps': 10, 'hidden1_size': 16, 'hidden2_size': 16, 'lam': 0.07826832225246542, 'history_length': 128}. Best is trial 0 with value: 68.9952380952381.
[I 2026-05-15 14:44:24,580] Trial 4 finished with value: 354.8453439153439 and parameters: {'batch_size': 256, 'gamma': 0.9742044742173439, 'eps_start': 0.8745608758803586, 'eps_end': 0.014080008914479077, 'eps_decay': 2543, 'tau': 0.00978801730765249, 'lr': 0.00041358621268076235, 'num_steps': 30, 'hidden1_size': 16, 'hidden2_size': 4, 'lam': 0.29838398671317534, 'history_length': 8}. Best is trial 2 with value: 417.83560846560846.
[I 2026-05-15 16:19:44,230] Trial 8 finished with value: 107.52455026455029 and parameters: {'batch_size': 128, 'gamma': 0.9701697678776614, 'eps_start': 0.8015978182846534, 'eps_end': 0.05463531178192275, 'eps_decay': 2405, 'tau': 0.0012426900834568916, 'lr': 0.007702811554968339, 'num_steps': 10, 'hidden1_size': 8, 'hidden2_size': 8, 'lam': 0.1974341380039195, 'history_length': 16}. Best is trial 2 with value: 417.83560846560846.
[I 2026-05-15 18:43:23,319] Trial 9 finished with value: 79.19253968253969 and parameters: {'batch_size': 128, 'gamma': 0.9858536264505886, 'eps_start': 0.8069230684727122, 'eps_end': 0.027650162001726653, 'eps_decay': 2422, 'tau': 0.004480770306777777, 'lr': 0.00541883518151462, 'num_steps': 30, 'hidden1_size': 8, 'hidden2_size': 4, 'lam': 0.10856340125065385, 'history_length': 32}. Best is trial 2 with value: 417.83560846560846.
[I 2026-05-15 21:31:44,741] Trial 15 finished with value: 227.4432804232804 and parameters: {'batch_size': 128, 'gamma': 0.9811373830291283, 'eps_start': 0.8642483722139243, 'eps_end': 0.05467686317659844, 'eps_decay': 2936, 'tau': 0.009274670025823085, 'lr': 0.005151200170905663, 'num_steps': 10, 'hidden1_size': 32, 'hidden2_size': 8, 'lam': 0.11185201666967072, 'history_length': 16}. Best is trial 2 with value: 417.83560846560846.
[I 2026-05-15 23:52:57,637] Trial 18 finished with value: 128.77079365079368 and parameters: {'batch_size': 128, 'gamma': 0.9986724532119284, 'eps_start': 0.8590268697475486, 'eps_end': 0.039880682426015245, 'eps_decay': 2948, 'tau': 0.005921013042426853, 'lr': 0.0010136804498104886, 'num_steps': 10, 'hidden1_size': 64, 'hidden2_size': 16, 'lam': 0.16122032660816465, 'history_length': 4}. Best is trial 2 with value: 417.83560846560846.
[I 2026-05-15 23:52:58,893] Trial 20 pruned. Constraint violated: hidden2_size > hidden1_size
[I 2026-05-16 02:16:28,623] Trial 21 finished with value: 174.9374603174603 and parameters: {'batch_size': 256, 'gamma': 0.9611513962662076, 'eps_start': 0.9877018905902787, 'eps_end': 0.043936726589143216, 'eps_decay': 2826, 'tau': 0.004481024815764657, 'lr': 0.003013316280242865, 'num_steps': 10, 'hidden1_size': 16, 'hidden2_size': 4, 'lam': 0.2479839845225032, 'history_length': 128}. Best is trial 10 with value: 488.035291005291.
[I 2026-05-16 06:25:43,413] Trial 25 finished with value: 306.96798941798943 and parameters: {'batch_size': 64, 'gamma': 0.9632289929014304, 'eps_start': 0.8383104478090928, 'eps_end': 0.04051299120438171, 'eps_decay': 2334, 'tau': 0.009156358962989775, 'lr': 0.000631750291024193, 'num_steps': 10, 'hidden1_size': 32, 'hidden2_size': 4, 'lam': 0.1671694695182807, 'history_length': 128}. Best is trial 10 with value: 488.035291005291.
[I 2026-05-16 13:26:14,277] Trial 29 finished with value: 224.83365079365078 and parameters: {'batch_size': 64, 'gamma': 0.9573105830065035, 'eps_start': 0.9530836154212988, 'eps_end': 0.03149112236536505, 'eps_decay': 1150, 'tau': 0.003301374828544241, 'lr': 0.0007871677556567135, 'num_steps': 20, 'hidden1_size': 64, 'hidden2_size': 32, 'lam': 0.2326774575706624, 'history_length': 8}. Best is trial 10 with value: 488.035291005291.
[I 2026-05-16 19:47:19,525] Trial 32 finished with value: 493.66804232804236 and parameters: {'batch_size': 64, 'gamma': 0.9660662259802434, 'eps_start': 0.942250987607136, 'eps_end': 0.005080218944285019, 'eps_decay': 1265, 'tau': 0.003586135898927207, 'lr': 0.0001481771189056053, 'num_steps': 20, 'hidden1_size': 64, 'hidden2_size': 32, 'lam': 0.23435463035973242, 'history_length': 8}. Best is trial 32 with value: 493.66804232804236.
[I 2026-05-16 23:06:45,165] Trial 37 finished with value: 218.40910052910053 and parameters: {'batch_size': 64, 'gamma': 0.95529541088536, 'eps_start': 0.9325658176158076, 'eps_end': 0.014896178587528126, 'eps_decay': 1004, 'tau': 0.0038425516993382753, 'lr': 0.00010201674443137193, 'num_steps': 20, 'hidden1_size': 64, 'hidden2_size': 32, 'lam': 0.2522004815060387, 'history_length': 8}. Best is trial 32 with value: 493.66804232804236.
[I 2026-05-17 05:36:54,941] Trial 40 finished with value: 309.1316402116402 and parameters: {'batch_size': 64, 'gamma': 0.9663240699762423, 'eps_start': 0.9648056121766738, 'eps_end': 0.01835709947400728, 'eps_decay': 1312, 'tau': 0.0015077588723110846, 'lr': 0.0003959010394963364, 'num_steps': 20, 'hidden1_size': 64, 'hidden2_size': 32, 'lam': 0.1812526163143416, 'history_length': 8}. Best is trial 32 with value: 493.66804232804236.
[I 2026-05-17 12:28:20,439] Trial 44 finished with value: 495.12 and parameters: {'batch_size': 64, 'gamma': 0.9698253449779826, 'eps_start': 0.9205136711629606, 'eps_end': 0.011008307021612304, 'eps_decay': 1499, 'tau': 0.002828730771032653, 'lr': 0.00015497372157340005, 'num_steps': 20, 'hidden1_size': 64, 'hidden2_size': 32, 'lam': 0.22706066576447265, 'history_length': 8}. Best is trial 44 with value: 495.12.
[I 2026-05-17 15:25:37,184] Trial 48 finished with value: 136.95507936507937 and parameters: {'batch_size': 64, 'gamma': 0.9693166071365683, 'eps_start': 0.9014563261628485, 'eps_end': 0.010943229907961982, 'eps_decay': 1647, 'tau': 0.002813783514289969, 'lr': 0.00014868793398167295, 'num_steps': 20, 'hidden1_size': 64, 'hidden2_size': 32, 'lam': 0.22326704929395716, 'history_length': 64}. Best is trial 44 with value: 495.12.
[I 2026-05-17 15:25:38,405] Trial 51 pruned. Constraint violated: hidden2_size > hidden1_size
[I 2026-05-17 23:38:32,347] Trial 52 finished with value: 487.94761904761907 and parameters: {'batch_size': 64, 'gamma': 0.9604039011338639, 'eps_start': 0.9434677067994414, 'eps_end': 0.01594147262406984, 'eps_decay': 1874, 'tau': 0.0024763889535716803, 'lr': 0.0002083096914459204, 'num_steps': 20, 'hidden1_size': 64, 'hidden2_size': 32, 'lam': 0.29977423319694474, 'history_length': 8}. Best is trial 44 with value: 495.12.
[I 2026-05-18 02:56:32,697] Trial 58 finished with value: 190.25338624338625 and parameters: {'batch_size': 64, 'gamma': 0.9594674014038962, 'eps_start': 0.9455159254223743, 'eps_end': 0.017365840196057112, 'eps_decay': 1934, 'tau': 0.0020452977041679104, 'lr': 0.00011912121921728364, 'num_steps': 20, 'hidden1_size': 64, 'hidden2_size': 32, 'lam': 0.2727331277068635, 'history_length': 8}. Best is trial 44 with value: 495.12.
[I 2026-05-18 06:40:32,186] Trial 62 finished with value: 265.52455026455027 and parameters: {'batch_size': 64, 'gamma': 0.9720376685932446, 'eps_start': 0.9382938435014253, 'eps_end': 0.021534482438258788, 'eps_decay': 1088, 'tau': 0.003148666364658309, 'lr': 0.00018370370499975997, 'num_steps': 20, 'hidden1_size': 32, 'hidden2_size': 32, 'lam': 0.2995499129207849, 'history_length': 8}. Best is trial 44 with value: 495.12.
[I 2026-05-18 16:48:16,812] Trial 63 finished with value: 382.4420634920635 and parameters: {'batch_size': 64, 'gamma': 0.9679850212233465, 'eps_start': 0.9948121899059543, 'eps_end': 0.007300096896173687, 'eps_decay': 2131, 'tau': 0.0037824575409224075, 'lr': 0.0003125720732142055, 'num_steps': 30, 'hidden1_size': 64, 'hidden2_size': 16, 'lam': 0.29147141905637, 'history_length': 8}. Best is trial 44 with value: 495.12.
[I 2026-05-18 21:39:49,309] Trial 69 finished with value: 316.89576719576723 and parameters: {'batch_size': 64, 'gamma': 0.9579576284592832, 'eps_start': 0.8700964776664218, 'eps_end': 0.009046719167361113, 'eps_decay': 1732, 'tau': 0.0010601254046108113, 'lr': 0.00032657017515293446, 'num_steps': 20, 'hidden1_size': 64, 'hidden2_size': 32, 'lam': 0.26073788124680963, 'history_length': 32}. Best is trial 66 with value: 495.16.
[I 2026-05-18 21:39:51,002] Trial 73 pruned. Constraint violated: hidden2_size > hidden1_size
[I 2026-05-19 04:06:55,890] Trial 74 finished with value: 286.3259788359789 and parameters: {'batch_size': 64, 'gamma': 0.9669772495609429, 'eps_start': 0.9315243306347485, 'eps_end': 0.01946430542219724, 'eps_decay': 1833, 'tau': 0.003040126176009747, 'lr': 0.00016508187772729186, 'num_steps': 20, 'hidden1_size': 64, 'hidden2_size': 32, 'lam': 0.22861489205193353, 'history_length': 4}. Best is trial 66 with value: 495.16.
[I 2026-05-19 04:06:57,383] Trial 77 pruned. Constraint violated: hidden2_size > hidden1_size
[I 2026-05-19 07:22:49,848] Trial 78 finished with value: 237.78238095238095 and parameters: {'batch_size': 64, 'gamma': 0.9736490119900508, 'eps_start': 0.8937261627416117, 'eps_end': 0.015642343951146113, 'eps_decay': 1558, 'tau': 0.0036149376062002796, 'lr': 0.00013531479002104008, 'num_steps': 20, 'hidden1_size': 64, 'hidden2_size': 32, 'lam': 0.29009418587021046, 'history_length': 4}. Best is trial 66 with value: 495.16.
