[I 2026-05-19 10:55:00,866] Trial 82 finished with value: 222.38629629629628 and parameters: {'batch_size': 64, 'gamma': 0.9674844544885363, 'eps_start': 0.9745291609461132, 'eps_end': 0.02322632661975199, 'eps_decay': 1123, 'tau': 0.005339697734422824, 'lr': 0.00026922139072386753, 'num_steps': 20, 'hidden1_size': 64, 'hidden2_size': 4, 'lam': 0.23909470591430854, 'history_length': 128}. Best is trial 66 with value: 495.16.
[W 2026-05-19 15:42:34,254] Trial 85 failed with parameters: {'batch_size': 64, 'gamma': 0.9690796976536848, 'eps_start': 0.9501468745791052, 'eps_end': 0.007699297968677337, 'eps_decay': 1252, 'tau': 0.006002211958564334, 'lr': 0.00023001682623264013, 'num_steps': 20, 'hidden1_size': 64, 'hidden2_size': 32, 'lam': 0.2331606720818237, 'history_length': 4} because of the following error: KeyboardInterrupt().
Traceback (most recent call last):
  File "/u/niklas2/intrinsic-memory-SNNs/venv/lib/python3.13/site-packages/optuna/study/_optimize.py", line 197, in _run_trial
    value_or_values = func(trial)
  File "/u/niklas2/intrinsic-memory-SNNs/2_training_and_simulation/train/optimize.py", line 224, in objective
    result = train(
        config=params,
    ...<3 lines>...
        optuna_trial=trial,
    )
  File "/u/niklas2/intrinsic-memory-SNNs/2_training_and_simulation/train/train_fn.py", line 295, in train
    loss = agent.optimize(batch_size=batch_size, gamma=gamma)
  File "/u/niklas2/intrinsic-memory-SNNs/2_training_and_simulation/train/dqn_agent.py", line 341, in optimize
    loss.backward()
    ~~~~~~~~~~~~~^^
  File "/u/niklas2/intrinsic-memory-SNNs/venv/lib/python3.13/site-packages/torch/_tensor.py", line 625, in backward
    torch.autograd.backward(
    ~~~~~~~~~~~~~~~~~~~~~~~^
        self, gradient, retain_graph, create_graph, inputs=inputs
        ^^^^^^^^^^^^^^^^^^^^^^^^^^^^^^^^^^^^^^^^^^^^^^^^^^^^^^^^^
    )
    ^
  File "/u/niklas2/intrinsic-memory-SNNs/venv/lib/python3.13/site-packages/torch/autograd/__init__.py", line 354, in backward
    _engine_run_backward(
    ~~~~~~~~~~~~~~~~~~~~^
        tensors,
        ^^^^^^^^
    ...<5 lines>...
        accumulate_grad=True,
        ^^^^^^^^^^^^^^^^^^^^^
    )
    ^
  File "/u/niklas2/intrinsic-memory-SNNs/venv/lib/python3.13/site-packages/torch/autograd/graph.py", line 841, in _engine_run_backward
    return Variable._execution_engine.run_backward(  # Calls into the C++ engine to run the backward pass
           ~~~~~~~~~~~~~~~~~~~~~~~~~~~~~~~~~~~~~~~^^^^^^^^^^^^^^^^^^^^^^^^^^^^^^^^^^^^^^^^^^^^^^^^^^^^^^^
        t_outputs, *args, **kwargs
        ^^^^^^^^^^^^^^^^^^^^^^^^^^
    )  # Calls into the C++ engine to run the backward pass
    ^
KeyboardInterrupt
[W 2026-05-19 15:42:34,256] Trial 85 failed with value None.
Search space loaded from: configs/search_spaces/bitshift-custom_slow_decay.yaml
Using device: cuda

Study: bitshift-custom-slow-1500
Neuron type: bitshift
Trials: 31
Storage: sqlite:///optuna_studies/bitshift-v3.db


============================================================
Trial 0: bitshift [16-16] lr=0.00024841371985442337
============================================================
  Episode 50/1500  avg(100): 19.1
  Episode 100/1500  avg(100): 15.8
  Episode 150/1500  avg(100): 12.8
  Episode 200/1500  avg(100): 14.2
  Episode 250/1500  avg(100): 13.5
  Episode 300/1500  avg(100): 12.3
  Episode 350/1500  avg(100): 15.6
  Episode 400/1500  avg(100): 22.3
  Episode 450/1500  avg(100): 42.7
  Episode 500/1500  avg(100): 58.5
  Episode 550/1500  avg(100): 52.7
  Episode 600/1500  avg(100): 57.8
  Episode 650/1500  avg(100): 52.8
  Episode 700/1500  avg(100): 37.2
  Episode 750/1500  avg(100): 45.8
  Episode 800/1500  avg(100): 50.4
  Episode 850/1500  avg(100): 41.5
  Episode 900/1500  avg(100): 66.1
  Episode 950/1500  avg(100): 113.2
  Episode 1000/1500  avg(100): 106.8
  Episode 1050/1500  avg(100): 114.5
  Episode 1100/1500  avg(100): 141.6
  Episode 1150/1500  avg(100): 119.6
  Episode 1200/1500  avg(100): 63.3
  Episode 1250/1500  avg(100): 22.1
  Episode 1300/1500  avg(100): 24.1
  Episode 1350/1500  avg(100): 44.5
  Episode 1400/1500  avg(100): 85.9
  Episode 1450/1500  avg(100): 146.5
  Episode 1500/1500  avg(100): 196.1
Trial 0 done: best_avg=216.3, final_avg=196.1, tail_iqm=71.9

============================================================
Trial 4: bitshift [16-4] lr=0.00041358621268076235
============================================================
  Episode 50/1500  avg(100): 18.1
  Episode 100/1500  avg(100): 16.8
  Episode 150/1500  avg(100): 16.1
  Episode 200/1500  avg(100): 14.0
  Episode 250/1500  avg(100): 11.0
  Episode 300/1500  avg(100): 10.8
  Episode 350/1500  avg(100): 10.3
  Episode 400/1500  avg(100): 10.0
  Episode 450/1500  avg(100): 12.3
  Episode 500/1500  avg(100): 58.8
  Episode 550/1500  avg(100): 121.3
  Episode 600/1500  avg(100): 93.5
  Episode 650/1500  avg(100): 28.6
  Episode 700/1500  avg(100): 95.2
  Episode 750/1500  avg(100): 268.6
  Episode 800/1500  avg(100): 418.9
  Episode 850/1500  avg(100): 430.8
  Episode 900/1500  avg(100): 319.7
  Episode 950/1500  avg(100): 228.0
  Episode 1000/1500  avg(100): 164.1
  Episode 1050/1500  avg(100): 200.5
  Episode 1100/1500  avg(100): 384.4
  Episode 1150/1500  avg(100): 499.3
  Episode 1200/1500  avg(100): 495.6
  Episode 1250/1500  avg(100): 391.2
  Episode 1300/1500  avg(100): 238.4
  Episode 1350/1500  avg(100): 190.6
  Episode 1400/1500  avg(100): 203.1
  Episode 1450/1500  avg(100): 355.4
  Episode 1500/1500  avg(100): 470.7
Trial 4 done: best_avg=499.3, final_avg=470.7, tail_iqm=355.9

============================================================
Trial 8: bitshift [8-8] lr=0.007702811554968339
============================================================
  Episode 50/1500  avg(100): 18.9
  Episode 100/1500  avg(100): 18.7
  Episode 150/1500  avg(100): 25.9
  Episode 200/1500  avg(100): 79.2
  Episode 250/1500  avg(100): 125.8
  Episode 300/1500  avg(100): 105.4
  Episode 350/1500  avg(100): 73.0
  Episode 400/1500  avg(100): 84.5
  Episode 450/1500  avg(100): 134.3
  Episode 500/1500  avg(100): 128.7
  Episode 550/1500  avg(100): 128.0
  Episode 600/1500  avg(100): 143.0
  Episode 650/1500  avg(100): 148.9
  Episode 700/1500  avg(100): 163.1
  Episode 750/1500  avg(100): 140.9
  Episode 800/1500  avg(100): 125.9
  Episode 850/1500  avg(100): 121.0
  Episode 900/1500  avg(100): 78.7
  Episode 950/1500  avg(100): 96.0
  Episode 1000/1500  avg(100): 138.9
  Episode 1050/1500  avg(100): 149.1
  Episode 1100/1500  avg(100): 166.8
  Episode 1150/1500  avg(100): 142.6
  Episode 1200/1500  avg(100): 143.6
  Episode 1250/1500  avg(100): 139.6
  Episode 1300/1500  avg(100): 106.5
  Episode 1350/1500  avg(100): 86.5
  Episode 1400/1500  avg(100): 79.8
  Episode 1450/1500  avg(100): 73.1
  Episode 1500/1500  avg(100): 83.0
Trial 8 done: best_avg=174.5, final_avg=83.0, tail_iqm=108.5

============================================================
Trial 9: bitshift [8-4] lr=0.00541883518151462
============================================================
  Episode 50/1500  avg(100): 18.2
  Episode 100/1500  avg(100): 48.0
  Episode 150/1500  avg(100): 99.8
  Episode 200/1500  avg(100): 101.8
  Episode 250/1500  avg(100): 53.2
  Episode 300/1500  avg(100): 28.2
  Episode 350/1500  avg(100): 76.4
  Episode 400/1500  avg(100): 95.8
  Episode 450/1500  avg(100): 46.2
  Episode 500/1500  avg(100): 19.5
  Episode 550/1500  avg(100): 73.5
  Episode 600/1500  avg(100): 115.8
  Episode 650/1500  avg(100): 87.6
  Episode 700/1500  avg(100): 77.0
  Episode 750/1500  avg(100): 133.1
  Episode 800/1500  avg(100): 189.6
  Episode 850/1500  avg(100): 176.2
  Episode 900/1500  avg(100): 110.0
  Episode 950/1500  avg(100): 56.4
  Episode 1000/1500  avg(100): 92.4
  Episode 1050/1500  avg(100): 111.2
  Episode 1100/1500  avg(100): 76.0
  Episode 1150/1500  avg(100): 93.6
  Episode 1200/1500  avg(100): 77.8
  Episode 1250/1500  avg(100): 33.0
  Episode 1300/1500  avg(100): 62.7
  Episode 1350/1500  avg(100): 97.3
  Episode 1400/1500  avg(100): 92.5
  Episode 1450/1500  avg(100): 75.1
  Episode 1500/1500  avg(100): 91.1
Trial 9 done: best_avg=193.7, final_avg=91.1, tail_iqm=80.1

============================================================
Trial 15: bitshift [32-8] lr=0.005151200170905663
============================================================
  Episode 50/1500  avg(100): 20.5
  Episode 100/1500  avg(100): 45.7
  Episode 150/1500  avg(100): 77.1
  Episode 200/1500  avg(100): 72.7
  Episode 250/1500  avg(100): 99.9
  Episode 300/1500  avg(100): 172.4
  Episode 350/1500  avg(100): 163.9
  Episode 400/1500  avg(100): 136.1
  Episode 450/1500  avg(100): 114.2
  Episode 500/1500  avg(100): 86.8
  Episode 550/1500  avg(100): 132.1
  Episode 600/1500  avg(100): 197.4
  Episode 650/1500  avg(100): 263.9
  Episode 700/1500  avg(100): 297.8
  Episode 750/1500  avg(100): 259.7
  Episode 800/1500  avg(100): 254.5
  Episode 850/1500  avg(100): 211.1
  Episode 900/1500  avg(100): 214.5
  Episode 950/1500  avg(100): 269.0
  Episode 1000/1500  avg(100): 239.0
  Episode 1050/1500  avg(100): 262.0
  Episode 1100/1500  avg(100): 293.2
  Episode 1150/1500  avg(100): 286.1
  Episode 1200/1500  avg(100): 262.5
  Episode 1250/1500  avg(100): 227.3
  Episode 1300/1500  avg(100): 194.6
  Episode 1350/1500  avg(100): 238.0
  Episode 1400/1500  avg(100): 240.9
  Episode 1450/1500  avg(100): 148.1
  Episode 1500/1500  avg(100): 127.3
Trial 15 done: best_avg=332.3, final_avg=127.3, tail_iqm=229.6

============================================================
Trial 18: bitshift [64-16] lr=0.0010136804498104886
============================================================
  Episode 50/1500  avg(100): 16.3
  Episode 100/1500  avg(100): 27.2
  Episode 150/1500  avg(100): 53.2
  Episode 200/1500  avg(100): 87.8
  Episode 250/1500  avg(100): 141.0
  Episode 300/1500  avg(100): 320.1
  Episode 350/1500  avg(100): 388.2
  Episode 400/1500  avg(100): 275.6
  Episode 450/1500  avg(100): 130.8
  Episode 500/1500  avg(100): 34.2
  Episode 550/1500  avg(100): 133.2
  Episode 600/1500  avg(100): 253.7
  Episode 650/1500  avg(100): 367.1
  Episode 700/1500  avg(100): 389.8
  Episode 750/1500  avg(100): 246.7
  Episode 800/1500  avg(100): 87.0
  Episode 850/1500  avg(100): 15.4
  Episode 900/1500  avg(100): 32.4
  Episode 950/1500  avg(100): 80.3
  Episode 1000/1500  avg(100): 105.3
  Episode 1050/1500  avg(100): 95.5
  Episode 1100/1500  avg(100): 83.7
  Episode 1150/1500  avg(100): 91.7
  Episode 1200/1500  avg(100): 121.3
  Episode 1250/1500  avg(100): 169.8
  Episode 1300/1500  avg(100): 160.9
  Episode 1350/1500  avg(100): 112.3
  Episode 1400/1500  avg(100): 108.8
  Episode 1450/1500  avg(100): 160.1
  Episode 1500/1500  avg(100): 268.6
Trial 18 done: best_avg=412.3, final_avg=268.6, tail_iqm=132.8

============================================================
Trial 21: bitshift [16-4] lr=0.003013316280242865
============================================================
  Episode 50/1500  avg(100): 18.2
  Episode 100/1500  avg(100): 38.4
  Episode 150/1500  avg(100): 84.0
  Episode 200/1500  avg(100): 99.3
  Episode 250/1500  avg(100): 84.8
  Episode 300/1500  avg(100): 139.4
  Episode 350/1500  avg(100): 252.2
  Episode 400/1500  avg(100): 176.1
  Episode 450/1500  avg(100): 95.2
  Episode 500/1500  avg(100): 102.4
  Episode 550/1500  avg(100): 59.8
  Episode 600/1500  avg(100): 95.0
  Episode 650/1500  avg(100): 143.7
  Episode 700/1500  avg(100): 134.9
  Episode 750/1500  avg(100): 184.6
  Episode 800/1500  avg(100): 249.0
  Episode 850/1500  avg(100): 226.7
  Episode 900/1500  avg(100): 189.4
  Episode 950/1500  avg(100): 217.2
  Episode 1000/1500  avg(100): 265.2
  Episode 1050/1500  avg(100): 209.8
  Episode 1100/1500  avg(100): 249.4
  Episode 1150/1500  avg(100): 266.5
  Episode 1200/1500  avg(100): 164.0
  Episode 1250/1500  avg(100): 205.9
  Episode 1300/1500  avg(100): 175.9
  Episode 1350/1500  avg(100): 199.0
  Episode 1400/1500  avg(100): 178.1
  Episode 1450/1500  avg(100): 108.9
  Episode 1500/1500  avg(100): 149.2
Trial 21 done: best_avg=301.6, final_avg=149.2, tail_iqm=177.2

============================================================
Trial 25: bitshift [32-4] lr=0.000631750291024193
============================================================
  Episode 50/1500  avg(100): 16.4
  Episode 100/1500  avg(100): 16.1
  Episode 150/1500  avg(100): 22.7
  Episode 200/1500  avg(100): 37.8
  Episode 250/1500  avg(100): 81.2
  Episode 300/1500  avg(100): 101.3
  Episode 350/1500  avg(100): 102.1
  Episode 400/1500  avg(100): 125.3
  Episode 450/1500  avg(100): 174.5
  Episode 500/1500  avg(100): 272.0
  Episode 550/1500  avg(100): 408.8
  Episode 600/1500  avg(100): 485.2
  Episode 650/1500  avg(100): 480.0
  Episode 700/1500  avg(100): 465.3
  Episode 750/1500  avg(100): 397.3
  Episode 800/1500  avg(100): 383.3
  Episode 850/1500  avg(100): 430.8
  Episode 900/1500  avg(100): 383.6
  Episode 950/1500  avg(100): 283.6
  Episode 1000/1500  avg(100): 226.9
  Episode 1050/1500  avg(100): 332.1
  Episode 1100/1500  avg(100): 367.3
  Episode 1150/1500  avg(100): 247.9
  Episode 1200/1500  avg(100): 232.5
  Episode 1250/1500  avg(100): 289.4
  Episode 1300/1500  avg(100): 329.2
  Episode 1350/1500  avg(100): 378.1
  Episode 1400/1500  avg(100): 359.4
  Episode 1450/1500  avg(100): 310.0
  Episode 1500/1500  avg(100): 326.4
Trial 25 done: best_avg=487.0, final_avg=326.4, tail_iqm=310.0

============================================================
Trial 29: bitshift [64-32] lr=0.0007871677556567135
============================================================
  Episode 50/1500  avg(100): 15.1
  Episode 100/1500  avg(100): 16.8
  Episode 150/1500  avg(100): 128.4
  Episode 200/1500  avg(100): 251.1
  Episode 250/1500  avg(100): 220.6
  Episode 300/1500  avg(100): 211.8
  Episode 350/1500  avg(100): 216.9
  Episode 400/1500  avg(100): 157.9
  Episode 450/1500  avg(100): 266.3
  Episode 500/1500  avg(100): 317.9
  Episode 550/1500  avg(100): 245.7
  Episode 600/1500  avg(100): 335.6
  Episode 650/1500  avg(100): 437.6
  Episode 700/1500  avg(100): 470.1
  Episode 750/1500  avg(100): 481.1
  Episode 800/1500  avg(100): 439.1
  Episode 850/1500  avg(100): 395.5
  Episode 900/1500  avg(100): 371.4
  Episode 950/1500  avg(100): 374.3
  Episode 1000/1500  avg(100): 389.4
  Episode 1050/1500  avg(100): 387.3
  Episode 1100/1500  avg(100): 349.9
  Episode 1150/1500  avg(100): 228.7
  Episode 1200/1500  avg(100): 198.0
  Episode 1250/1500  avg(100): 246.1
  Episode 1300/1500  avg(100): 346.0
  Episode 1350/1500  avg(100): 322.4
  Episode 1400/1500  avg(100): 206.7
  Episode 1450/1500  avg(100): 191.7
  Episode 1500/1500  avg(100): 195.4
Trial 29 done: best_avg=481.1, final_avg=195.4, tail_iqm=229.7

============================================================
Trial 32: bitshift [64-32] lr=0.0001481771189056053
============================================================
  Episode 50/1500  avg(100): 14.7
  Episode 100/1500  avg(100): 13.1
  Episode 150/1500  avg(100): 11.4
  Episode 200/1500  avg(100): 12.3
  Episode 250/1500  avg(100): 30.2
  Episode 300/1500  avg(100): 58.5
  Episode 350/1500  avg(100): 80.2
  Episode 400/1500  avg(100): 90.7
  Episode 450/1500  avg(100): 94.3
  Episode 500/1500  avg(100): 122.1
  Episode 550/1500  avg(100): 159.6
  Episode 600/1500  avg(100): 154.5
  Episode 650/1500  avg(100): 142.1
  Episode 700/1500  avg(100): 186.4
  Episode 750/1500  avg(100): 227.2
  Episode 800/1500  avg(100): 219.2
  Episode 850/1500  avg(100): 237.0
  Episode 900/1500  avg(100): 289.2
  Episode 950/1500  avg(100): 301.6
  Episode 1000/1500  avg(100): 306.0
  Episode 1050/1500  avg(100): 411.0
  Episode 1100/1500  avg(100): 500.0
  Episode 1150/1500  avg(100): 500.0
  Episode 1200/1500  avg(100): 500.0
  Episode 1250/1500  avg(100): 497.4
  Episode 1300/1500  avg(100): 497.4
  Episode 1350/1500  avg(100): 499.9
  Episode 1400/1500  avg(100): 499.9
  Episode 1450/1500  avg(100): 463.2
  Episode 1500/1500  avg(100): 372.6
Trial 32 done: best_avg=500.0, final_avg=372.6, tail_iqm=498.5

============================================================
Trial 37: bitshift [64-32] lr=0.00010201674443137193
============================================================
  Episode 50/1500  avg(100): 14.5
  Episode 100/1500  avg(100): 13.4
  Episode 150/1500  avg(100): 12.4
  Episode 200/1500  avg(100): 13.0
  Episode 250/1500  avg(100): 14.6
  Episode 300/1500  avg(100): 17.4
  Episode 350/1500  avg(100): 22.0
  Episode 400/1500  avg(100): 17.0
  Episode 450/1500  avg(100): 9.4
  Episode 500/1500  avg(100): 9.4
  Episode 550/1500  avg(100): 9.7
  Episode 600/1500  avg(100): 55.2
  Episode 650/1500  avg(100): 100.1
  Episode 700/1500  avg(100): 116.1
  Episode 750/1500  avg(100): 156.0
  Episode 800/1500  avg(100): 216.5
  Episode 850/1500  avg(100): 252.6
  Episode 900/1500  avg(100): 205.8
  Episode 950/1500  avg(100): 160.0
  Episode 1000/1500  avg(100): 163.8
  Episode 1050/1500  avg(100): 184.9
  Episode 1100/1500  avg(100): 235.5
  Episode 1150/1500  avg(100): 239.4
  Episode 1200/1500  avg(100): 210.2
  Episode 1250/1500  avg(100): 207.6
  Episode 1300/1500  avg(100): 206.5
  Episode 1350/1500  avg(100): 217.9
  Episode 1400/1500  avg(100): 237.6
  Episode 1450/1500  avg(100): 252.5
  Episode 1500/1500  avg(100): 257.9
Trial 37 done: best_avg=259.1, final_avg=257.9, tail_iqm=223.3

============================================================
Trial 40: bitshift [64-32] lr=0.0003959010394963364
============================================================
  Episode 50/1500  avg(100): 17.0
  Episode 100/1500  avg(100): 15.1
  Episode 150/1500  avg(100): 13.8
  Episode 200/1500  avg(100): 43.3
  Episode 250/1500  avg(100): 140.4
  Episode 300/1500  avg(100): 224.7
  Episode 350/1500  avg(100): 249.7
  Episode 400/1500  avg(100): 253.1
  Episode 450/1500  avg(100): 304.3
  Episode 500/1500  avg(100): 406.3
  Episode 550/1500  avg(100): 475.7
  Episode 600/1500  avg(100): 414.9
  Episode 650/1500  avg(100): 211.0
  Episode 700/1500  avg(100): 114.4
  Episode 750/1500  avg(100): 177.2
  Episode 800/1500  avg(100): 202.5
  Episode 850/1500  avg(100): 218.0
  Episode 900/1500  avg(100): 245.5
  Episode 950/1500  avg(100): 241.4
  Episode 1000/1500  avg(100): 300.2
  Episode 1050/1500  avg(100): 373.1
  Episode 1100/1500  avg(100): 358.5
  Episode 1150/1500  avg(100): 302.9
  Episode 1200/1500  avg(100): 259.1
  Episode 1250/1500  avg(100): 245.1
  Episode 1300/1500  avg(100): 271.9
  Episode 1350/1500  avg(100): 321.3
  Episode 1400/1500  avg(100): 390.5
  Episode 1450/1500  avg(100): 458.3
  Episode 1500/1500  avg(100): 490.8
Trial 40 done: best_avg=500.0, final_avg=490.8, tail_iqm=314.0
  -> Converged at episode: 1492

============================================================
Trial 44: bitshift [64-32] lr=0.00015497372157340005
============================================================
  Episode 50/1500  avg(100): 14.4
  Episode 100/1500  avg(100): 14.0
  Episode 150/1500  avg(100): 13.2
  Episode 200/1500  avg(100): 12.9
  Episode 250/1500  avg(100): 14.2
  Episode 300/1500  avg(100): 24.1
  Episode 350/1500  avg(100): 48.8
  Episode 400/1500  avg(100): 75.5
  Episode 450/1500  avg(100): 97.6
  Episode 500/1500  avg(100): 117.0
  Episode 550/1500  avg(100): 125.3
  Episode 600/1500  avg(100): 133.1
  Episode 650/1500  avg(100): 153.3
  Episode 700/1500  avg(100): 186.2
  Episode 750/1500  avg(100): 242.6
  Episode 800/1500  avg(100): 307.2
  Episode 850/1500  avg(100): 327.4
  Episode 900/1500  avg(100): 409.6
  Episode 950/1500  avg(100): 499.9
  Episode 1000/1500  avg(100): 500.0
  Episode 1050/1500  avg(100): 500.0
  Episode 1100/1500  avg(100): 500.0
  Episode 1150/1500  avg(100): 500.0
  Episode 1200/1500  avg(100): 500.0
  Episode 1250/1500  avg(100): 500.0
  Episode 1300/1500  avg(100): 500.0
  Episode 1350/1500  avg(100): 500.0
  Episode 1400/1500  avg(100): 500.0
  Episode 1450/1500  avg(100): 500.0
  Episode 1500/1500  avg(100): 500.0
Trial 44 done: best_avg=500.0, final_avg=500.0, tail_iqm=500.0
  -> Converged at episode: 931

============================================================
Trial 48: bitshift [64-32] lr=0.00014868793398167295
============================================================
  Episode 50/1500  avg(100): 16.5
  Episode 100/1500  avg(100): 14.8
  Episode 150/1500  avg(100): 13.8
  Episode 200/1500  avg(100): 16.6
  Episode 250/1500  avg(100): 62.7
  Episode 300/1500  avg(100): 92.4
  Episode 350/1500  avg(100): 84.7
  Episode 400/1500  avg(100): 123.9
  Episode 450/1500  avg(100): 137.3
  Episode 500/1500  avg(100): 114.9
  Episode 550/1500  avg(100): 111.7
  Episode 600/1500  avg(100): 111.6
  Episode 650/1500  avg(100): 108.4
  Episode 700/1500  avg(100): 101.7
  Episode 750/1500  avg(100): 97.6
  Episode 800/1500  avg(100): 97.4
  Episode 850/1500  avg(100): 103.4
  Episode 900/1500  avg(100): 108.3
  Episode 950/1500  avg(100): 109.4
  Episode 1000/1500  avg(100): 112.5
  Episode 1050/1500  avg(100): 114.9
  Episode 1100/1500  avg(100): 120.2
  Episode 1150/1500  avg(100): 132.9
  Episode 1200/1500  avg(100): 132.2
  Episode 1250/1500  avg(100): 135.7
  Episode 1300/1500  avg(100): 142.4
  Episode 1350/1500  avg(100): 139.5
  Episode 1400/1500  avg(100): 174.3
  Episode 1450/1500  avg(100): 243.6
  Episode 1500/1500  avg(100): 368.4
Trial 48 done: best_avg=368.4, final_avg=368.4, tail_iqm=142.4

============================================================
Trial 52: bitshift [64-32] lr=0.0002083096914459204
============================================================
  Episode 50/1500  avg(100): 18.2
  Episode 100/1500  avg(100): 15.7
  Episode 150/1500  avg(100): 13.3
  Episode 200/1500  avg(100): 13.8
  Episode 250/1500  avg(100): 58.1
  Episode 300/1500  avg(100): 189.8
  Episode 350/1500  avg(100): 250.2
  Episode 400/1500  avg(100): 211.4
  Episode 450/1500  avg(100): 230.0
  Episode 500/1500  avg(100): 235.8
  Episode 550/1500  avg(10