[I 2026-05-19 14:20:15,682] Trial 118 finished with value: 232.5247619047619 and parameters: {'batch_size': 64, 'gamma': 0.9911767443448186, 'eps_start': 0.945923797077066, 'eps_end': 0.010513882123781362, 'eps_decay': 1901, 'tau': 0.007166808905314989, 'lr': 0.0005259403043518446, 'num_steps': 10, 'hidden1_size': 32, 'hidden2_size': 8, 'lam': 0.158264809685641, 'history_length': 8}. Best is trial 78 with value: 497.7857142857143.
Search space loaded from: configs/search_spaces/fractional.yaml
Using device: cuda

Study: fractional-1500
Neuron type: fractional
Trials: 31
Storage: sqlite:///optuna_studies/fractional-v3.db


============================================================
Trial 2: fractional [8-4] lr=0.0006148953432009332
============================================================
  Episode 50/1500  avg(100): 16.8
  Episode 100/1500  avg(100): 14.6
  Episode 150/1500  avg(100): 25.1
  Episode 200/1500  avg(100): 76.1
  Episode 250/1500  avg(100): 154.5
  Episode 300/1500  avg(100): 255.6
  Episode 350/1500  avg(100): 374.3
  Episode 400/1500  avg(100): 418.2
  Episode 450/1500  avg(100): 437.8
  Episode 500/1500  avg(100): 413.5
  Episode 550/1500  avg(100): 381.3
  Episode 600/1500  avg(100): 287.6
  Episode 650/1500  avg(100): 286.9
  Episode 700/1500  avg(100): 349.9
  Episode 750/1500  avg(100): 256.8
  Episode 800/1500  avg(100): 201.6
  Episode 850/1500  avg(100): 114.5
  Episode 900/1500  avg(100): 97.8
  Episode 950/1500  avg(100): 212.6
  Episode 1000/1500  avg(100): 238.7
  Episode 1050/1500  avg(100): 228.6
  Episode 1100/1500  avg(100): 210.3
  Episode 1150/1500  avg(100): 159.2
  Episode 1200/1500  avg(100): 134.5
  Episode 1250/1500  avg(100): 112.8
  Episode 1300/1500  avg(100): 95.2
  Episode 1350/1500  avg(100): 85.4
  Episode 1400/1500  avg(100): 79.8
  Episode 1450/1500  avg(100): 69.6
  Episode 1500/1500  avg(100): 65.3
Trial 2 done: best_avg=459.4, final_avg=65.3, tail_iqm=96.1

============================================================
Trial 7: fractional [64-4] lr=0.0007203834601787301
============================================================
  Episode 50/1500  avg(100): 17.3
  Episode 100/1500  avg(100): 15.2
  Episode 150/1500  avg(100): 14.3
  Episode 200/1500  avg(100): 90.1
  Episode 250/1500  avg(100): 139.7
  Episode 300/1500  avg(100): 112.5
  Episode 350/1500  avg(100): 129.0
  Episode 400/1500  avg(100): 148.9
  Episode 450/1500  avg(100): 218.8
  Episode 500/1500  avg(100): 264.6
  Episode 550/1500  avg(100): 167.2
  Episode 600/1500  avg(100): 102.5
  Episode 650/1500  avg(100): 149.0
  Episode 700/1500  avg(100): 157.9
  Episode 750/1500  avg(100): 134.9
  Episode 800/1500  avg(100): 89.1
  Episode 850/1500  avg(100): 28.4
  Episode 900/1500  avg(100): 80.2
  Episode 950/1500  avg(100): 233.2
  Episode 1000/1500  avg(100): 336.4
  Episode 1050/1500  avg(100): 348.1
  Episode 1100/1500  avg(100): 242.4
  Episode 1150/1500  avg(100): 108.0
  Episode 1200/1500  avg(100): 151.1
  Episode 1250/1500  avg(100): 166.6
  Episode 1300/1500  avg(100): 185.8
  Episode 1350/1500  avg(100): 263.0
  Episode 1400/1500  avg(100): 222.1
  Episode 1450/1500  avg(100): 192.6
  Episode 1500/1500  avg(100): 170.9
Trial 7 done: best_avg=365.2, final_avg=170.9, tail_iqm=181.8

============================================================
Trial 12: fractional [64-16] lr=0.004750008007727373
============================================================
  Episode 50/1500  avg(100): 21.1
  Episode 100/1500  avg(100): 50.7
  Episode 150/1500  avg(100): 75.3
  Episode 200/1500  avg(100): 54.1
  Episode 250/1500  avg(100): 60.8
  Episode 300/1500  avg(100): 89.0
  Episode 350/1500  avg(100): 113.0
  Episode 400/1500  avg(100): 123.5
  Episode 450/1500  avg(100): 147.2
  Episode 500/1500  avg(100): 124.7
  Episode 550/1500  avg(100): 100.1
  Episode 600/1500  avg(100): 123.5
  Episode 650/1500  avg(100): 135.8
  Episode 700/1500  avg(100): 135.1
  Episode 750/1500  avg(100): 125.8
  Episode 800/1500  avg(100): 115.4
  Episode 850/1500  avg(100): 94.3
  Episode 900/1500  avg(100): 131.4
  Episode 950/1500  avg(100): 240.9
  Episode 1000/1500  avg(100): 227.4
  Episode 1050/1500  avg(100): 122.7
  Episode 1100/1500  avg(100): 131.2
  Episode 1150/1500  avg(100): 140.3
  Episode 1200/1500  avg(100): 200.1
  Episode 1250/1500  avg(100): 219.3
  Episode 1300/1500  avg(100): 189.1
  Episode 1350/1500  avg(100): 262.2
  Episode 1400/1500  avg(100): 277.3
  Episode 1450/1500  avg(100): 216.7
  Episode 1500/1500  avg(100): 183.5
Trial 12 done: best_avg=304.5, final_avg=183.5, tail_iqm=206.6

============================================================
Trial 19: fractional [8-8] lr=0.003981231593124313
============================================================
  Episode 50/1500  avg(100): 15.4
  Episode 100/1500  avg(100): 14.6
  Episode 150/1500  avg(100): 46.0
  Episode 200/1500  avg(100): 96.5
  Episode 250/1500  avg(100): 102.9
  Episode 300/1500  avg(100): 79.4
  Episode 350/1500  avg(100): 78.8
  Episode 400/1500  avg(100): 104.2
  Episode 450/1500  avg(100): 102.4
  Episode 500/1500  avg(100): 59.5
  Episode 550/1500  avg(100): 28.9
  Episode 600/1500  avg(100): 27.5
  Episode 650/1500  avg(100): 38.2
  Episode 700/1500  avg(100): 79.4
  Episode 750/1500  avg(100): 92.4
  Episode 800/1500  avg(100): 61.7
  Episode 850/1500  avg(100): 36.9
  Episode 900/1500  avg(100): 28.0
  Episode 950/1500  avg(100): 58.7
  Episode 1000/1500  avg(100): 81.8
  Episode 1050/1500  avg(100): 80.1
  Episode 1100/1500  avg(100): 79.5
  Episode 1150/1500  avg(100): 117.3
  Episode 1200/1500  avg(100): 192.1
  Episode 1250/1500  avg(100): 301.3
  Episode 1300/1500  avg(100): 409.6
  Episode 1350/1500  avg(100): 398.4
  Episode 1400/1500  avg(100): 274.3
  Episode 1450/1500  avg(100): 140.4
  Episode 1500/1500  avg(100): 96.2
Trial 19 done: best_avg=430.8, final_avg=96.2, tail_iqm=244.2

============================================================
Trial 21: fractional [32-32] lr=0.0002892375414408426
============================================================
  Episode 50/1500  avg(100): 20.6
  Episode 100/1500  avg(100): 26.9
  Episode 150/1500  avg(100): 65.6
  Episode 200/1500  avg(100): 135.7
  Episode 250/1500  avg(100): 156.1
  Episode 300/1500  avg(100): 148.3
  Episode 350/1500  avg(100): 110.2
  Episode 400/1500  avg(100): 189.1
  Episode 450/1500  avg(100): 403.4
  Episode 500/1500  avg(100): 301.8
  Episode 550/1500  avg(100): 82.5
  Episode 600/1500  avg(100): 67.2
  Episode 650/1500  avg(100): 72.2
  Episode 700/1500  avg(100): 48.3
  Episode 750/1500  avg(100): 25.3
  Episode 800/1500  avg(100): 17.1
  Episode 850/1500  avg(100): 17.4
  Episode 900/1500  avg(100): 17.2
  Episode 950/1500  avg(100): 17.7
  Episode 1000/1500  avg(100): 19.1
  Episode 1050/1500  avg(100): 26.7
  Episode 1100/1500  avg(100): 37.1
  Episode 1150/1500  avg(100): 36.4
  Episode 1200/1500  avg(100): 24.4
  Episode 1250/1500  avg(100): 13.9
  Episode 1300/1500  avg(100): 11.1
  Episode 1350/1500  avg(100): 11.6
  Episode 1400/1500  avg(100): 14.4
  Episode 1450/1500  avg(100): 20.2
  Episode 1500/1500  avg(100): 28.5
Trial 21 done: best_avg=426.6, final_avg=28.5, tail_iqm=17.1

============================================================
Trial 23: fractional [64-4] lr=0.0001875353069750906
============================================================
  Episode 50/1500  avg(100): 17.8
  Episode 100/1500  avg(100): 16.9
  Episode 150/1500  avg(100): 15.1
  Episode 200/1500  avg(100): 14.6
  Episode 250/1500  avg(100): 15.9
  Episode 300/1500  avg(100): 13.7
  Episode 350/1500  avg(100): 13.1
  Episode 400/1500  avg(100): 16.4
  Episode 450/1500  avg(100): 19.9
  Episode 500/1500  avg(100): 44.0
  Episode 550/1500  avg(100): 59.0
  Episode 600/1500  avg(100): 54.9
  Episode 650/1500  avg(100): 65.8
  Episode 700/1500  avg(100): 74.9
  Episode 750/1500  avg(100): 142.4
  Episode 800/1500  avg(100): 230.4
  Episode 850/1500  avg(100): 292.0
  Episode 900/1500  avg(100): 308.1
  Episode 950/1500  avg(100): 326.4
  Episode 1000/1500  avg(100): 342.1
  Episode 1050/1500  avg(100): 288.5
  Episode 1100/1500  avg(100): 263.4
  Episode 1150/1500  avg(100): 253.2
  Episode 1200/1500  avg(100): 302.9
  Episode 1250/1500  avg(100): 418.5
  Episode 1300/1500  avg(100): 485.0
  Episode 1350/1500  avg(100): 497.6
  Episode 1400/1500  avg(100): 498.4
  Episode 1450/1500  avg(100): 475.8
  Episode 1500/1500  avg(100): 456.1
Trial 23 done: best_avg=498.6, final_avg=456.1, tail_iqm=456.6

============================================================
Trial 32: fractional [32-4] lr=0.00016040201434634255
============================================================
  Episode 50/1500  avg(100): 17.8
  Episode 100/1500  avg(100): 15.4
  Episode 150/1500  avg(100): 12.7
  Episode 200/1500  avg(100): 11.9
  Episode 250/1500  avg(100): 10.6
  Episode 300/1500  avg(100): 10.1
  Episode 350/1500  avg(100): 10.4
  Episode 400/1500  avg(100): 12.2
  Episode 450/1500  avg(100): 15.4
  Episode 500/1500  avg(100): 18.1
  Episode 550/1500  avg(100): 19.0
  Episode 600/1500  avg(100): 19.4
  Episode 650/1500  avg(100): 20.9
  Episode 700/1500  avg(100): 22.9
  Episode 750/1500  avg(100): 25.0
  Episode 800/1500  avg(100): 34.2
  Episode 850/1500  avg(100): 66.0
  Episode 900/1500  avg(100): 79.8
  Episode 950/1500  avg(100): 70.8
  Episode 1000/1500  avg(100): 80.4
  Episode 1050/1500  avg(100): 118.0
  Episode 1100/1500  avg(100): 148.8
  Episode 1150/1500  avg(100): 153.7
  Episode 1200/1500  avg(100): 157.1
  Episode 1250/1500  avg(100): 157.4
  Episode 1300/1500  avg(100): 171.8
  Episode 1350/1500  avg(100): 187.3
  Episode 1400/1500  avg(100): 188.6
  Episode 1450/1500  avg(100): 179.2
  Episode 1500/1500  avg(100): 169.2
Trial 32 done: best_avg=192.8, final_avg=169.2, tail_iqm=169.6

============================================================
Trial 33: fractional [32-8] lr=0.00010234302499059213
============================================================
  Episode 50/1500  avg(100): 15.3
  Episode 100/1500  avg(100): 13.6
  Episode 150/1500  avg(100): 11.6
  Episode 200/1500  avg(100): 10.7
  Episode 250/1500  avg(100): 9.9
  Episode 300/1500  avg(100): 9.8
  Episode 350/1500  avg(100): 10.5
  Episode 400/1500  avg(100): 11.9
  Episode 450/1500  avg(100): 13.6
  Episode 500/1500  avg(100): 16.0
  Episode 550/1500  avg(100): 18.2
  Episode 600/1500  avg(100): 24.3
  Episode 650/1500  avg(100): 20.9
  Episode 700/1500  avg(100): 11.0
  Episode 750/1500  avg(100): 9.7
  Episode 800/1500  avg(100): 9.6
  Episode 850/1500  avg(100): 9.5
  Episode 900/1500  avg(100): 9.6
  Episode 950/1500  avg(100): 9.5
  Episode 1000/1500  avg(100): 17.9
  Episode 1050/1500  avg(100): 32.4
  Episode 1100/1500  avg(100): 37.3
  Episode 1150/1500  avg(100): 44.9
  Episode 1200/1500  avg(100): 67.0
  Episode 1250/1500  avg(100): 89.3
  Episode 1300/1500  avg(100): 108.5
  Episode 1350/1500  avg(100): 133.9
  Episode 1400/1500  avg(100): 175.6
  Episode 1450/1500  avg(100): 306.8
  Episode 1500/1500  avg(100): 439.7
Trial 33 done: best_avg=439.7, final_avg=439.7, tail_iqm=119.2

============================================================
Trial 38: fractional [64-4] lr=0.00019465935294259629
============================================================
  Episode 50/1500  avg(100): 19.3
  Episode 100/1500  avg(100): 17.1
  Episode 150/1500  avg(100): 13.6
  Episode 200/1500  avg(100): 13.0
  Episode 250/1500  avg(100): 13.4
  Episode 300/1500  avg(100): 15.7
  Episode 350/1500  avg(100): 73.4
  Episode 400/1500  avg(100): 133.3
  Episode 450/1500  avg(100): 149.7
  Episode 500/1500  avg(100): 169.7
  Episode 550/1500  avg(100): 183.6
  Episode 600/1500  avg(100): 180.4
  Episode 650/1500  avg(100): 162.7
  Episode 700/1500  avg(100): 153.4
  Episode 750/1500  avg(100): 159.8
  Episode 800/1500  avg(100): 166.3
  Episode 850/1500  avg(100): 158.0
  Episode 900/1500  avg(100): 156.4
  Episode 950/1500  avg(100): 166.2
  Episode 1000/1500  avg(100): 169.2
  Episode 1050/1500  avg(100): 170.7
  Episode 1100/1500  avg(100): 170.7
  Episode 1150/1500  avg(100): 172.8
  Episode 1200/1500  avg(100): 177.1
  Episode 1250/1500  avg(100): 181.8
  Episode 1300/1500  avg(100): 188.0
  Episode 1350/1500  avg(100): 193.4
  Episode 1400/1500  avg(100): 194.5
  Episode 1450/1500  avg(100): 195.8
  Episode 1500/1500  avg(100): 199.8
Trial 38 done: best_avg=202.4, final_avg=199.8, tail_iqm=188.8

============================================================
Trial 39: fractional [16-4] lr=0.0002822526889429715
============================================================
  Episode 50/1500  avg(100): 20.5
  Episode 100/1500  avg(100): 16.8
  Episode 150/1500  avg(100): 12.5
  Episode 200/1500  avg(100): 12.7
  Episode 250/1500  avg(100): 14.4
  Episode 300/1500  avg(100): 16.8
  Episode 350/1500  avg(100): 36.5
  Episode 400/1500  avg(100): 59.0
  Episode 450/1500  avg(100): 66.5
  Episode 500/1500  avg(100): 40.4
  Episode 550/1500  avg(100): 10.9
  Episode 600/1500  avg(100): 13.2
  Episode 650/1500  avg(100): 16.6
  Episode 700/1500  avg(100): 32.0
  Episode 750/1500  avg(100): 55.4
  Episode 800/1500  avg(100): 57.7
  Episode 850/1500  avg(100): 82.4
  Episode 900/1500  avg(100): 89.3
  Episode 950/1500  avg(100): 91.1
  Episode 1000/1500  avg(100): 126.1
  Episode 1050/1500  avg(100): 131.9
  Episode 1100/1500  avg(100): 117.4
  Episode 1150/1500  avg(100): 98.9
  Episode 1200/1500  avg(100): 96.2
  Episode 1250/1500  avg(100): 106.3
  Episode 1300/1500  avg(100): 118.6
  Episode 1350/1500  avg(100): 137.2
  Episode 1400/1500  avg(100): 145.0
  Episode 1450/1500  avg(100): 156.4
  Episode 1500/1500  avg(100): 146.8
Trial 39 done: best_avg=161.9, final_avg=146.8, tail_iqm=124.1

============================================================
Trial 43: fractional [32-4] lr=0.00023894697920267606
============================================================
  Episode 50/1500  avg(100): 20.2
  Episode 100/1500  avg(100): 17.1
  Episode 150/1500  avg(100): 13.8
  Episode 200/1500  avg(100): 13.8
  Episode 250/1500  avg(100): 15.8
  Episode 300/1500  avg(100): 23.7
  Episode 350/1500  avg(100): 24.2
  Episode 400/1500  avg(100): 14.3
  Episode 450/1500  avg(100): 10.1
  Episode 500/1500  avg(100): 9.7
  Episode 550/1500  avg(100): 28.9
  Episode 600/1500  avg(100): 75.1
  Episode 650/1500  avg(100): 110.8
  Episode 700/1500  avg(100): 124.2
  Episode 750/1500  avg(100): 177.9
  Episode 800/1500  avg(100): 193.1
  Episode 850/1500  avg(100): 169.5
  Episode 900/1500  avg(100): 169.0
  Episode 950/1500  avg(100): 181.1
  Episode 1000/1500  avg(100): 175.6
  Episode 1050/1500  avg(100): 165.1
  Episode 1100/1500  avg(100): 187.1
  Episode 1150/1500  avg(100): 182.9
  Episode 1200/1500  avg(100): 170.5
  Episode 1250/1500  avg(100): 167.9
  Episode 1300/1500  avg(100): 166.6
  Episode 1350/1500  avg(100): 158.2
  Episode 1400/1500  avg(100): 151.7
  Episode 1450/1500  avg(100): 152.6
  Episode 1500/1500  avg(100): 155.0
Trial 43 done: best_avg=193.5, final_avg=155.0, tail_iqm=162.5

============================================================
Trial 47: fractional [64-8] lr=0.0005264122563554771
============================================================
  Episode 50/1500  avg(100): 16.4
  Episode 100/1500  avg(100): 14.1
  Episode 150/1500  avg(100): 12.4
  Episode 200/1500  avg(100): 13.5
  Episode 250/1500  avg(100): 26.4
  Episode 300/1500  avg(100): 101.9
  Episode 350/1500  avg(100): 210.7
  Episode 400/1500  avg(100): 245.2
  Episode 450/1500  avg(100): 183.4
  Episode 500/1500  avg(100): 141.1
  Episode 550/1500  avg(100): 150.8
  Episode 600/1500  avg(100): 151.2
  Episode 650/1500  avg(100): 171.4
  Episode 700/1500  avg(100): 189.8
  Episode 750/1500  avg(100): 181.8
  Episode 800/1500  avg(100): 157.0
  Episode 850/1500  avg(100): 162.8
  Episode 900/1500  avg(100): 200.5
  Episode 950/1500  avg(100): 154.9
  Episode 1000/1500  avg(100): 191.6
  Episode 1050/1500  avg(100): 345.1
  Episode 1100/1500  avg(100): 428.5
  Episode 1150/1500  avg(100): 447.9
  Episode 1200/1500  avg(100): 280.1
  Episode 1250/1500  avg(100): 173.3
  Episode 1300/1500  avg(100): 262.2
  Episode 1350/1500  avg(100): 330.3
  Episode 1400/1500  avg(100): 323.5
  Episode 1450/1500  avg(100): 213.2
  Episode 1500/1500  avg(100): 139.8
Trial 47 done: best_avg=458.1, final_avg=139.8, tail_iqm=276.2

============================================================
Trial 51: fractional [32-16] lr=0.00035434473483701506
============================================================
  Episode 50/1500  avg(100): 15.2
  Episode 100/1500  avg(100): 15.1
  Episode 150/1500  avg(100): 36.7
  Episode 200/1500  avg(100): 80.4
  Episode 250/1500  avg(100): 120.2
  Episode 300/1500  avg(100): 132.6
  Episode 350/1500  avg(100): 177.9
  Episode 400/1500  avg(100): 227.2
  Episode 450/1500  avg(100): 223.7
  Episode 500/1500  avg(100): 231.0
  Episode 550/1500  avg(100): 218.3
  Episode 600/1500  avg(100): 271.0
  Episode 650/1500  avg(100): 382.7
  Episode 700/1500  avg(100): 340.8
  Episode 750/1500  avg(100): 313.8
  Episode 800/1500  avg(100): 303.3
  Episode 850/1500  avg(100): 259.3
  Episode 900/1500  avg(100): 349.0
  Episode 950/1500  avg(100): 436.8
  Episode 1000/1500  avg(100): 436.9
  Episode 1050/1500  avg(100): 402.8
  Episode 1100/1500  avg(100): 408.8
  Episode 1150/1500  avg(100): 444.8
  Episode 1200/1500  avg(100): 466.3
  Episode 1250/1500  avg(100): 487.9
  Episode 1300/1500  avg(100): 498.7
  Episode 1350/1500  avg(100): 498.2
  Episode 1400/1500  avg(100): 496.4
  Episode 1450/1500  avg(100): 476.3
  Episode 1500/1500  avg(100): 313.1
Trial 51 done: best_avg=499.5, final_avg=313.1, tail_iqm=482.1

============================================================
Trial 57: fractional [32-16] lr=0.0007372679807469634
============================================================
  Episode 50/1500  avg(100): 15.6
  Episode 100/1500  avg(100): 30.1
  Episode 150/1500  avg(100): 112.5
  Episode 200/1500  avg(100): 192.9
  Episode 250/1500  avg(100): 253.0
  Episode 300/1500  avg(100): 331.3
  Episode 350/1500  avg(100): 321.2
  Episode 400/1500  avg(100): 265.9
  Episode 450/1500  avg(100): 175.8
  Episode 500/1500  avg(100): 91.8
  Episode 550/1500  avg(100): 87.0
  Episode 600/1500  avg(100): 209.4
  Episode 650/1500  avg(100): 409.6
  Episode 700/1500  avg(100): 484.4
  Episode 750/1500  avg(100): 461.1
  Episode 800/1500  avg(100): 409.4
  Episode 850/1500  avg(100): 245.5
  Episode 900/1500  avg(100): 98.0
  Episode 950/1500  avg(100): 94.1
  Episode 1000/1500  avg(100): 115.9
  Episode 1050/1500  avg(100): 147.3
  Episode 1100/1500  avg(100): 287.6
  Episode 1150/1500  avg(100): 420.0
  Episode 1200/1500  avg(100): 446.6
  Episode 1250/1500  avg(100): 440.1
  Episode 1300/1500  avg(100): 377.8
  Episode 1350/1500  avg(100): 273.8
  Episode 1400/1500  avg(100): 244.6
  Episode 1450/1500  avg(100): 219.3
  Episode 1500/1500  avg(100): 248.0
Trial 57 done: best_avg=493.1, final_avg=248.0, tail_iqm=344.2

============================================================
Trial 63: fractional [32-16] lr=0.00035031570993422346
============================================================
  Episode 50/1500  avg(100): 19.0
  Episode 100/1500  avg(100): 16.5
  Episode 150/1500  avg(100): 18.1
  Episode 200/1500  avg(100): 101.0
  Episode 250/1500  avg(100): 180.0
  Episode 300/1500  avg(100): 170.7
  Episode 350/1500  avg(100): 215.5
  Episode 400/1500  avg(100): 324.7
  Episode 450/1500  avg(100): 302.4
  Episode 500/1500  avg(100): 308.5
  Episode 550/1500  avg(100): 427.2
  Episode 600/1500  avg(100): 481.4
  Episode 650/1500  avg(100): 500.0
  Episode 700/1500  avg(100): 500.0
  Episode 750/1500  avg(100): 494.7
  Episode 800/1500  avg(100): 494.7
  Episode 850/1500  avg(100): 500.0
  Episode 900/1500  avg(100): 500.0
  Episode 950/1500  avg(100): 482.9
  Episode 1000/1500  avg(100): 482.5
  Episode 1050/1500  avg(100): 499.6
  Episode 1100/1500  avg(100): 433.6
  Episode 1150/1500  avg(100): 330.6
  Episode 1200/1500  avg(100): 330.8
  Episode 1250/1500  avg(100): 378.3
  Episode 1300/1500  avg(100): 347.2
  Episode 1350/1500  avg(100): 239.4
  Episode 1400/1500  avg(100): 193.6
  Episode 1450/1500  avg(100): 354.2
  Episode 1500/1500  avg(100): 420.0
Trial 63 done: best_avg=500.0, final_avg=420.0, tail_iqm=334.9

============================================================
Trial 69: fractional [32-16] lr=0.0009284815743499514
============================================================
  Episode 50/1500  avg(100): 15.7
  Episode 100/1500  avg(100): 15.8
  Episode 150/1500  avg(100): 90.9
  Episode 200/1500  avg(100): 173.4
  Episode 250/1500  avg(100): 157.1
  Episode 300/1500  avg(100): 161.4
  Episode 350/1500  avg(100): 184.1
  Episode 400/1500  avg(100): 224.9
  Episode 450/1500  avg(100): 371.8
  Episode 500/1500  avg(100): 470.0
  Episode 550/1500  avg(100): 464.5
  Episode 600/1500  avg(100): 438.4
  Episode 650/1500  avg(100): 357.3
  Episode 700/1500  avg(100): 275.6
  Episode 750/1500  avg(100): 312.9
  Episode 800/1500  avg(100): 340.0
  Episode 850/1500  avg(100): 311.2
  Episode 900/1500  avg(100): 404.6
  Episode 950/1500  avg(100): 446.9
  Episode 1000/1500  avg(100): 386.1
  Episode 1050/1500  avg(100): 356.9
  Episode 1100/1500  avg(100): 301.6
  Episode 1150/1500  avg(100): 325.3
  Episode 1200/1500  avg(100): 397.0
  Episode 1250/1500  avg(100): 395.2
  Episode 1300/1500  avg(100): 366.7
  Episode 1350/1500  avg(100): 326.8
  Episode 1400/1500  avg(100): 344.4
  Episode 1450/1500  avg(100): 387.1
  Episode 1500/1500  avg(100): 395.0
Trial 69 done: best_avg=473.6, final_avg=395.0, tail_iqm=371.4

============================================================
Trial 75: fractional [32-16] lr=0.001201156820879092
============================================================
  Episode 50/1500  avg(100): 16.3
  Episode 100/1500  avg(100): 44.0
  Episode 150/1500  avg(100): 123.7
  Episode 200/1500  av