[I 2026-05-19 05:50:43,476] Trial 110 finished with value: 402.54169312169313 and parameters: {'batch_size': 256, 'gamma': 0.9944783349846518, 'eps_start': 0.9461510220023814, 'eps_end': 0.006702480868265784, 'eps_decay': 1486, 'tau': 0.006653641641136273, 'lr': 0.0004559485656346293, 'num_steps': 10, 'hidden1_size': 32, 'hidden2_size': 8, 'lam': 0.1340528848146887, 'history_length': 8}. Best is trial 78 with value: 497.7857142857143.
Search space loaded from: configs/search_spaces/fractional.yaml
Using device: cuda

Study: fractional-1500
Neuron type: fractional
Trials: 31
Storage: sqlite:///optuna_studies/fractional-v3.db


============================================================
Trial 4: fractional [64-16] lr=0.0017612719820731563
============================================================
  Episode 50/1500  avg(100): 17.8
  Episode 100/1500  avg(100): 32.8
  Episode 150/1500  avg(100): 109.5
  Episode 200/1500  avg(100): 134.8
  Episode 250/1500  avg(100): 82.0
  Episode 300/1500  avg(100): 66.3
  Episode 350/1500  avg(100): 61.7
  Episode 400/1500  avg(100): 52.7
  Episode 450/1500  avg(100): 62.5
  Episode 500/1500  avg(100): 133.9
  Episode 550/1500  avg(100): 159.7
  Episode 600/1500  avg(100): 99.5
  Episode 650/1500  avg(100): 83.6
  Episode 700/1500  avg(100): 80.7
  Episode 750/1500  avg(100): 89.2
  Episode 800/1500  avg(100): 165.6
  Episode 850/1500  avg(100): 169.9
  Episode 900/1500  avg(100): 150.8
  Episode 950/1500  avg(100): 179.6
  Episode 1000/1500  avg(100): 206.4
  Episode 1050/1500  avg(100): 159.0
  Episode 1100/1500  avg(100): 60.7
  Episode 1150/1500  avg(100): 27.6
  Episode 1200/1500  avg(100): 41.7
  Episode 1250/1500  avg(100): 67.0
  Episode 1300/1500  avg(100): 77.0
  Episode 1350/1500  avg(100): 65.9
  Episode 1400/1500  avg(100): 53.5
  Episode 1450/1500  avg(100): 54.9
  Episode 1500/1500  avg(100): 54.3
Trial 4 done: best_avg=213.0, final_avg=54.3, tail_iqm=55.5

============================================================
Trial 6: fractional [16-8] lr=0.004042758620292669
============================================================
  Episode 50/1500  avg(100): 27.5
  Episode 100/1500  avg(100): 69.5
  Episode 150/1500  avg(100): 76.4
  Episode 200/1500  avg(100): 67.5
  Episode 250/1500  avg(100): 116.4
  Episode 300/1500  avg(100): 170.8
  Episode 350/1500  avg(100): 230.1
  Episode 400/1500  avg(100): 203.1
  Episode 450/1500  avg(100): 179.4
  Episode 500/1500  avg(100): 196.4
  Episode 550/1500  avg(100): 111.9
  Episode 600/1500  avg(100): 38.8
  Episode 650/1500  avg(100): 40.1
  Episode 700/1500  avg(100): 52.5
  Episode 750/1500  avg(100): 205.3
  Episode 800/1500  avg(100): 261.9
  Episode 850/1500  avg(100): 157.7
  Episode 900/1500  avg(100): 226.3
  Episode 950/1500  avg(100): 302.1
  Episode 1000/1500  avg(100): 240.6
  Episode 1050/1500  avg(100): 163.1
  Episode 1100/1500  avg(100): 245.7
  Episode 1150/1500  avg(100): 309.5
  Episode 1200/1500  avg(100): 175.6
  Episode 1250/1500  avg(100): 234.2
  Episode 1300/1500  avg(100): 249.7
  Episode 1350/1500  avg(100): 98.3
  Episode 1400/1500  avg(100): 97.5
  Episode 1450/1500  avg(100): 123.3
  Episode 1500/1500  avg(100): 127.2
Trial 6 done: best_avg=328.0, final_avg=127.2, tail_iqm=170.3

============================================================
Trial 11: fractional [16-16] lr=0.0009745233534783372
============================================================
  Episode 50/1500  avg(100): 20.7
  Episode 100/1500  avg(100): 43.4
  Episode 150/1500  avg(100): 90.0
  Episode 200/1500  avg(100): 115.1
  Episode 250/1500  avg(100): 109.8
  Episode 300/1500  avg(100): 99.8
  Episode 350/1500  avg(100): 97.9
  Episode 400/1500  avg(100): 77.7
  Episode 450/1500  avg(100): 86.4
  Episode 500/1500  avg(100): 115.2
  Episode 550/1500  avg(100): 111.1
  Episode 600/1500  avg(100): 122.5
  Episode 650/1500  avg(100): 135.2
  Episode 700/1500  avg(100): 272.5
  Episode 750/1500  avg(100): 335.9
  Episode 800/1500  avg(100): 274.2
  Episode 850/1500  avg(100): 343.0
  Episode 900/1500  avg(100): 398.5
  Episode 950/1500  avg(100): 365.4
  Episode 1000/1500  avg(100): 388.5
  Episode 1050/1500  avg(100): 453.5
  Episode 1100/1500  avg(100): 476.2
  Episode 1150/1500  avg(100): 480.8
  Episode 1200/1500  avg(100): 485.6
  Episode 1250/1500  avg(100): 491.0
  Episode 1300/1500  avg(100): 355.1
  Episode 1350/1500  avg(100): 187.3
  Episode 1400/1500  avg(100): 240.0
  Episode 1450/1500  avg(100): 242.3
  Episode 1500/1500  avg(100): 209.5
Trial 11 done: best_avg=495.1, final_avg=209.5, tail_iqm=343.2

============================================================
Trial 15: fractional [32-16] lr=0.00019557567724449063
============================================================
  Episode 50/1500  avg(100): 17.3
  Episode 100/1500  avg(100): 14.9
  Episode 150/1500  avg(100): 12.5
  Episode 200/1500  avg(100): 14.4
  Episode 250/1500  avg(100): 63.8
  Episode 300/1500  avg(100): 119.5
  Episode 350/1500  avg(100): 139.7
  Episode 400/1500  avg(100): 137.3
  Episode 450/1500  avg(100): 114.5
  Episode 500/1500  avg(100): 112.7
  Episode 550/1500  avg(100): 117.7
  Episode 600/1500  avg(100): 155.3
  Episode 650/1500  avg(100): 151.1
  Episode 700/1500  avg(100): 122.5
  Episode 750/1500  avg(100): 142.4
  Episode 800/1500  avg(100): 146.6
  Episode 850/1500  avg(100): 143.5
  Episode 900/1500  avg(100): 262.2
  Episode 950/1500  avg(100): 369.8
  Episode 1000/1500  avg(100): 262.9
  Episode 1050/1500  avg(100): 259.0
  Episode 1100/1500  avg(100): 321.2
  Episode 1150/1500  avg(100): 302.4
  Episode 1200/1500  avg(100): 291.6
  Episode 1250/1500  avg(100): 361.7
  Episode 1300/1500  avg(100): 449.4
  Episode 1350/1500  avg(100): 472.1
  Episode 1400/1500  avg(100): 493.3
  Episode 1450/1500  avg(100): 477.4
  Episode 1500/1500  avg(100): 471.5
Trial 15 done: best_avg=493.3, final_avg=471.5, tail_iqm=429.8

============================================================
Trial 25: fractional [8-4] lr=0.007420895548542003
============================================================
  Episode 50/1500  avg(100): 17.8
  Episode 100/1500  avg(100): 50.6
  Episode 150/1500  avg(100): 116.2
  Episode 200/1500  avg(100): 118.6
  Episode 250/1500  avg(100): 88.2
  Episode 300/1500  avg(100): 86.3
  Episode 350/1500  avg(100): 78.8
  Episode 400/1500  avg(100): 70.9
  Episode 450/1500  avg(100): 69.3
  Episode 500/1500  avg(100): 125.6
  Episode 550/1500  avg(100): 263.6
  Episode 600/1500  avg(100): 274.5
  Episode 650/1500  avg(100): 185.1
  Episode 700/1500  avg(100): 160.8
  Episode 750/1500  avg(100): 143.8
  Episode 800/1500  avg(100): 112.2
  Episode 850/1500  avg(100): 70.9
  Episode 900/1500  avg(100): 59.1
  Episode 950/1500  avg(100): 64.6
  Episode 1000/1500  avg(100): 62.0
  Episode 1050/1500  avg(100): 53.0
  Episode 1100/1500  avg(100): 45.0
  Episode 1150/1500  avg(100): 50.5
  Episode 1200/1500  avg(100): 44.8
  Episode 1250/1500  avg(100): 71.4
  Episode 1300/1500  avg(100): 114.4
  Episode 1350/1500  avg(100): 132.9
  Episode 1400/1500  avg(100): 95.4
  Episode 1450/1500  avg(100): 75.5
  Episode 1500/1500  avg(100): 137.9
Trial 25 done: best_avg=309.3, final_avg=137.9, tail_iqm=84.9

============================================================
Trial 31: fractional [32-8] lr=0.0003743965684443557
============================================================
  Episode 50/1500  avg(100): 22.3
  Episode 100/1500  avg(100): 17.4
  Episode 150/1500  avg(100): 11.9
  Episode 200/1500  avg(100): 11.2
  Episode 250/1500  avg(100): 11.0
  Episode 300/1500  avg(100): 11.0
  Episode 350/1500  avg(100): 12.2
  Episode 400/1500  avg(100): 20.2
  Episode 450/1500  avg(100): 52.6
  Episode 500/1500  avg(100): 90.8
  Episode 550/1500  avg(100): 103.0
  Episode 600/1500  avg(100): 138.5
  Episode 650/1500  avg(100): 181.7
  Episode 700/1500  avg(100): 183.5
  Episode 750/1500  avg(100): 176.6
  Episode 800/1500  avg(100): 168.4
  Episode 850/1500  avg(100): 160.1
  Episode 900/1500  avg(100): 152.7
  Episode 950/1500  avg(100): 156.5
  Episode 1000/1500  avg(100): 248.3
  Episode 1050/1500  avg(100): 281.7
  Episode 1100/1500  avg(100): 170.5
  Episode 1150/1500  avg(100): 107.7
  Episode 1200/1500  avg(100): 106.6
  Episode 1250/1500  avg(100): 103.8
  Episode 1300/1500  avg(100): 186.6
  Episode 1350/1500  avg(100): 256.6
  Episode 1400/1500  avg(100): 195.7
  Episode 1450/1500  avg(100): 187.3
  Episode 1500/1500  avg(100): 284.1
Trial 31 done: best_avg=303.6, final_avg=284.1, tail_iqm=163.2

============================================================
Trial 34: fractional [32-8] lr=0.00010000501859699888
============================================================
  Episode 50/1500  avg(100): 18.7
  Episode 100/1500  avg(100): 15.7
  Episode 150/1500  avg(100): 12.3
  Episode 200/1500  avg(100): 11.5
  Episode 250/1500  avg(100): 10.8
  Episode 300/1500  avg(100): 11.2
  Episode 350/1500  avg(100): 12.3
  Episode 400/1500  avg(100): 12.9
  Episode 450/1500  avg(100): 13.0
  Episode 500/1500  avg(100): 14.0
  Episode 550/1500  avg(100): 16.1
  Episode 600/1500  avg(100): 18.9
  Episode 650/1500  avg(100): 21.0
  Episode 700/1500  avg(100): 23.5
  Episode 750/1500  avg(100): 18.6
  Episode 800/1500  avg(100): 10.4
  Episode 850/1500  avg(100): 9.3
  Episode 900/1500  avg(100): 9.2
  Episode 950/1500  avg(100): 9.4
  Episode 1000/1500  avg(100): 9.6
  Episode 1050/1500  avg(100): 9.5
  Episode 1100/1500  avg(100): 9.4
  Episode 1150/1500  avg(100): 9.4
  Episode 1200/1500  avg(100): 9.6
  Episode 1250/1500  avg(100): 14.4
  Episode 1300/1500  avg(100): 21.9
  Episode 1350/1500  avg(100): 23.6
  Episode 1400/1500  avg(100): 22.0
  Episode 1450/1500  avg(100): 25.0
  Episode 1500/1500  avg(100): 32.1
Trial 34 done: best_avg=32.1, final_avg=32.1, tail_iqm=19.6

============================================================
Trial 37: fractional [32-4] lr=0.00019064643179071944
============================================================
  Episode 50/1500  avg(100): 19.0
  Episode 100/1500  avg(100): 16.0
  Episode 150/1500  avg(100): 12.4
  Episode 200/1500  avg(100): 11.4
  Episode 250/1500  avg(100): 12.2
  Episode 300/1500  avg(100): 15.8
  Episode 350/1500  avg(100): 21.7
  Episode 400/1500  avg(100): 28.1
  Episode 450/1500  avg(100): 41.0
  Episode 500/1500  avg(100): 46.7
  Episode 550/1500  avg(100): 62.1
  Episode 600/1500  avg(100): 74.7
  Episode 650/1500  avg(100): 44.1
  Episode 700/1500  avg(100): 54.7
  Episode 750/1500  avg(100): 132.3
  Episode 800/1500  avg(100): 179.3
  Episode 850/1500  avg(100): 172.5
  Episode 900/1500  avg(100): 143.3
  Episode 950/1500  avg(100): 172.9
  Episode 1000/1500  avg(100): 176.7
  Episode 1050/1500  avg(100): 121.5
  Episode 1100/1500  avg(100): 138.0
  Episode 1150/1500  avg(100): 232.2
  Episode 1200/1500  avg(100): 342.8
  Episode 1250/1500  avg(100): 314.5
  Episode 1300/1500  avg(100): 289.2
  Episode 1350/1500  avg(100): 355.2
  Episode 1400/1500  avg(100): 421.9
  Episode 1450/1500  avg(100): 452.7
  Episode 1500/1500  avg(100): 464.1
Trial 37 done: best_avg=464.1, final_avg=464.1, tail_iqm=347.1

============================================================
Trial 41: fractional [16-4] lr=0.0002818154304146647
============================================================
  Episode 50/1500  avg(100): 18.0
  Episode 100/1500  avg(100): 15.6
  Episode 150/1500  avg(100): 12.5
  Episode 200/1500  avg(100): 12.0
  Episode 250/1500  avg(100): 11.2
  Episode 300/1500  avg(100): 10.2
  Episode 350/1500  avg(100): 10.1
  Episode 400/1500  avg(100): 10.0
  Episode 450/1500  avg(100): 9.7
  Episode 500/1500  avg(100): 9.6
  Episode 550/1500  avg(100): 19.4
  Episode 600/1500  avg(100): 31.1
  Episode 650/1500  avg(100): 43.8
  Episode 700/1500  avg(100): 74.7
  Episode 750/1500  avg(100): 87.5
  Episode 800/1500  avg(100): 118.2
  Episode 850/1500  avg(100): 148.0
  Episode 900/1500  avg(100): 133.5
  Episode 950/1500  avg(100): 125.6
  Episode 1000/1500  avg(100): 126.6
  Episode 1050/1500  avg(100): 132.4
  Episode 1100/1500  avg(100): 141.0
  Episode 1150/1500  avg(100): 160.2
  Episode 1200/1500  avg(100): 269.5
  Episode 1250/1500  avg(100): 207.8
  Episode 1300/1500  avg(100): 80.5
  Episode 1350/1500  avg(100): 122.9
  Episode 1400/1500  avg(100): 174.0
  Episode 1450/1500  avg(100): 179.7
  Episode 1500/1500  avg(100): 121.6
Trial 41 done: best_avg=272.3, final_avg=121.6, tail_iqm=167.9

============================================================
Trial 46: fractional [64-4] lr=0.00014140799425117385
============================================================
  Episode 50/1500  avg(100): 15.1
  Episode 100/1500  avg(100): 14.0
  Episode 150/1500  avg(100): 11.8
  Episode 200/1500  avg(100): 10.9
  Episode 250/1500  avg(100): 11.2
  Episode 300/1500  avg(100): 12.8
  Episode 350/1500  avg(100): 15.1
  Episode 400/1500  avg(100): 21.6
  Episode 450/1500  avg(100): 31.2
  Episode 500/1500  avg(100): 46.5
  Episode 550/1500  avg(100): 76.9
  Episode 600/1500  avg(100): 112.5
  Episode 650/1500  avg(100): 129.0
  Episode 700/1500  avg(100): 128.0
  Episode 750/1500  avg(100): 126.7
  Episode 800/1500  avg(100): 120.7
  Episode 850/1500  avg(100): 97.8
  Episode 900/1500  avg(100): 56.2
  Episode 950/1500  avg(100): 39.1
  Episode 1000/1500  avg(100): 100.3
  Episode 1050/1500  avg(100): 145.6
  Episode 1100/1500  avg(100): 147.0
  Episode 1150/1500  avg(100): 155.7
  Episode 1200/1500  avg(100): 144.5
  Episode 1250/1500  avg(100): 151.3
  Episode 1300/1500  avg(100): 173.0
  Episode 1350/1500  avg(100): 174.8
  Episode 1400/1500  avg(100): 178.6
  Episode 1450/1500  avg(100): 192.2
  Episode 1500/1500  avg(100): 197.6
Trial 46 done: best_avg=202.2, final_avg=197.6, tail_iqm=168.8

============================================================
Trial 48: fractional [64-8] lr=0.0005888433108894431
============================================================
  Episode 50/1500  avg(100): 19.9
  Episode 100/1500  avg(100): 16.8
  Episode 150/1500  avg(100): 15.0
  Episode 200/1500  avg(100): 76.9
  Episode 250/1500  avg(100): 197.5
  Episode 300/1500  avg(100): 229.9
  Episode 350/1500  avg(100): 173.5
  Episode 400/1500  avg(100): 180.4
  Episode 450/1500  avg(100): 217.6
  Episode 500/1500  avg(100): 211.9
  Episode 550/1500  avg(100): 253.2
  Episode 600/1500  avg(100): 376.3
  Episode 650/1500  avg(100): 427.7
  Episode 700/1500  avg(100): 391.4
  Episode 750/1500  avg(100): 244.7
  Episode 800/1500  avg(100): 123.1
  Episode 850/1500  avg(100): 156.9
  Episode 900/1500  avg(100): 207.6
  Episode 950/1500  avg(100): 298.6
  Episode 1000/1500  avg(100): 285.4
  Episode 1050/1500  avg(100): 194.8
  Episode 1100/1500  avg(100): 222.3
  Episode 1150/1500  avg(100): 337.0
  Episode 1200/1500  avg(100): 443.8
  Episode 1250/1500  avg(100): 488.6
  Episode 1300/1500  avg(100): 452.6
  Episode 1350/1500  avg(100): 308.6
  Episode 1400/1500  avg(100): 354.5
  Episode 1450/1500  avg(100): 339.1
  Episode 1500/1500  avg(100): 114.6
Trial 48 done: best_avg=499.4, final_avg=114.6, tail_iqm=368.7

============================================================
Trial 53: fractional [16-16] lr=0.0002264664195682778
============================================================
  Episode 50/1500  avg(100): 16.7
  Episode 100/1500  avg(100): 14.7
  Episode 150/1500  avg(100): 13.4
  Episode 200/1500  avg(100): 16.1
  Episode 250/1500  avg(100): 21.0
  Episode 300/1500  avg(100): 22.8
  Episode 350/1500  avg(100): 15.8
  Episode 400/1500  avg(100): 9.8
  Episode 450/1500  avg(100): 9.8
  Episode 500/1500  avg(100): 46.8
  Episode 550/1500  avg(100): 113.5
  Episode 600/1500  avg(100): 124.2
  Episode 650/1500  avg(100): 74.9
  Episode 700/1500  avg(100): 44.3
  Episode 750/1500  avg(100): 64.5
  Episode 800/1500  avg(100): 107.3
  Episode 850/1500  avg(100): 122.7
  Episode 900/1500  avg(100): 98.6
  Episode 950/1500  avg(100): 99.4
  Episode 1000/1500  avg(100): 119.3
  Episode 1050/1500  avg(100): 111.5
  Episode 1100/1500  avg(100): 83.5
  Episode 1150/1500  avg(100): 75.7
  Episode 1200/1500  avg(100): 83.3
  Episode 1250/1500  avg(100): 82.1
  Episode 1300/1500  avg(100): 87.2
  Episode 1350/1500  avg(100): 95.0
  Episode 1400/1500  avg(100): 96.3
  Episode 1450/1500  avg(100): 92.4
  Episode 1500/1500  avg(100): 91.9
Trial 53 done: best_avg=139.9, final_avg=91.9, tail_iqm=89.0

============================================================
Trial 55: fractional [64-32] lr=0.0007266841757077024
============================================================
  Episode 50/1500  avg(100): 18.2
  Episode 100/1500  avg(100): 22.9
  Episode 150/1500  avg(100): 113.3
  Episode 200/1500  avg(100): 124.1
  Episode 250/1500  avg(100): 47.2
  Episode 300/1500  avg(100): 97.7
  Episode 350/1500  avg(100): 201.9
  Episode 400/1500  avg(100): 248.7
  Episode 450/1500  avg(100): 209.7
  Episode 500/1500  avg(100): 153.4
  Episode 550/1500  avg(100): 136.6
  Episode 600/1500  avg(100): 278.2
  Episode 650/1500  avg(100): 430.0
  Episode 700/1500  avg(100): 409.9
  Episode 750/1500  avg(100): 399.0
  Episode 800/1500  avg(100): 433.8
  Episode 850/1500  avg(100): 394.6
  Episode 900/1500  avg(100): 377.9
  Episode 950/1500  avg(100): 432.2
  Episode 1000/1500  avg(100): 440.4
  Episode 1050/1500  avg(100): 420.6
  Episode 1100/1500  avg(100): 355.3
  Episode 1150/1500  avg(100): 327.9
  Episode 1200/1500  avg(100): 283.4
  Episode 1250/1500  avg(100): 200.9
  Episode 1300/1500  avg(100): 264.6
  Episode 1350/1500  avg(100): 332.1
  Episode 1400/1500  avg(100): 350.2
  Episode 1450/1500  avg(100): 357.7
  Episode 1500/1500  avg(100): 310.9
Trial 55 done: best_avg=454.9, final_avg=310.9, tail_iqm=318.5

============================================================
Trial 60: fractional [32-16] lr=0.00018380024080136598
============================================================
  Episode 50/1500  avg(100): 18.3
  Episode 100/1500  avg(100): 14.7
  Episode 150/1500  avg(100): 11.1
  Episode 200/1500  avg(100): 11.5
  Episode 250/1500  avg(100): 11.7
  Episode 300/1500  avg(100): 12.5
  Episode 350/1500  avg(100): 13.6
  Episode 400/1500  avg(100): 14.6
  Episode 450/1500  avg(100): 35.9
  Episode 500/1500  avg(100): 72.0
  Episode 550/1500  avg(100): 85.4
  Episode 600/1500  avg(100): 80.3
  Episode 650/1500  avg(100): 77.1
  Episode 700/1500  avg(100): 75.9
  Episode 750/1500  avg(100): 74.8
  Episode 800/1500  avg(100): 72.2
  Episode 850/1500  avg(100): 73.5
  Episode 900/1500  avg(100): 107.1
  Episode 950/1500  avg(100): 152.1
  Episode 1000/1500  avg(100): 153.2
  Episode 1050/1500  avg(100): 140.7
  Episode 1100/1500  avg(100): 95.8
  Episode 1150/1500  avg(100): 39.7
  Episode 1200/1500  avg(100): 41.9
  Episode 1250/1500  avg(100): 54.2
  Episode 1300/1500  avg(100): 51.1
  Episode 1350/1500  avg(100): 47.8
  Episode 1400/1500  avg(100): 47.9
  Episode 1450/1500  avg(100): 106.0
  Episode 1500/1500  avg(100): 180.1
Trial 60 done: best_avg=180.1, final_avg=180.1, tail_iqm=50.0

============================================================
Trial 62: fractional [32-16] lr=0.00045784385373240957
============================================================
  Episode 50/1500  avg(100): 18.1
  Episode 100/1500  avg(100): 18.2
  Episode 150/1500  avg(100): 73.2
  Episode 200/1500  avg(100): 133.7
  Episode 250/1500  avg(100): 153.0
  Episode 300/1500  avg(100): 186.7
  Episode 350/1500  avg(100): 174.5
  Episode 400/1500  avg(100): 173.4
  Episode 450/1500  avg(100): 206.3
  Episode 500/1500  avg(100): 138.0
  Episode 550/1500  avg(100): 114.6
  Episode 600/1500  avg(100): 179.5
  Episode 650/1500  avg(100): 205.8
  Episode 700/1500  avg(100): 228.5
  Episode 750/1500  avg(100): 222.5
  Episode 800/1500  avg(100): 161.9
  Episode 850/1500  avg(100): 166.2
  Episode 900/1500  avg(100): 197.1
  Episode 950/1500  avg(100): 160.8
  Episode 1000/1500  avg(100): 141.0
  Episode 1050/1500  avg(100): 294.8
  Episode 1100/1500  avg(100): 420.0
  Episode 1150/1500  avg(100): 432.4
  Episode 1200/1500  avg(100): 332.4
  Episode 1250/1500  avg(100): 311.8
  Episode 1300/1500  avg(100): 405.0
  Episode 1350/1500  avg(100): 329.1
  Episode 1400/1500  avg(100): 360.6
  Episode 1450/1500  avg(100): 391.0
  Episode 1500/1500  avg(100): 283.3
Trial 62 done: best_avg=442.0, final_avg=283.3, tail_iqm=357.9

============================================================
Trial 65: fractional [32-8] lr=0.00034507324605293887
============================================================
  Episode 50/1500  avg(100): 19.4
  Episode 100/1500  avg(100): 16.5
  Episode 150/1500  avg(100): 13.6
  Episode 200/1500  avg(100): 17.6
  Episode 250/1500  avg(100): 56.9
  Episode 300/1500  avg(100): 152.9
  Episode 350/1500  avg(100): 196.6
  Episode 400/1500  avg(100): 206.6
  Episode 450/1500  avg(100): 241.5
  Episode 500/1500  avg(100): 233.2
  Episode 550/1500  avg(100): 210.1
  Episode 600/1500  avg(100): 215.8
  Episode 650/1500  avg(100): 280.9
  Episode 700/1500  avg(100): 356.5
  Episode 750/1500  avg(100): 395.9
  Episode 800/1500  avg(100): 411.6
  Episode 850/1500  avg(100): 297.0
  Episode 900/1500  avg(100): 195.3
  Episode 950/1500  avg(100): 353.8
  Episode 1000/1500  avg(100): 493.5
  Episode 1050/1500  avg(100): 488.9
  Episode 1100/1500  avg(100): 492.0
  Episode 1150/1500  avg(100): 460.1
  Episode 1200/1500  avg(100): 458.7
  Episode 1250/1500  avg(100): 481.3
  Episode 1300/1500  avg(100): 486.0
  Episode 1350/1500  avg(100): 495.3
  Episode 1400/1500  avg(100): 485.9
  Episode 1450/1500  avg(100): 485.8
  Episode 1500/1500  avg(100): 485.7
Trial 65 done: best_avg=495.4, final_avg=485.7, tail_iqm=482.8
  -> Converged at episode: 1242

============================================================
Trial 70: fractional [32-16] lr=0.0011210639067154324
============================================================
  Episode 50/1500  avg(100): 17.5
  Episode 100/1500  avg(100): 39.8
  Episode 150/1500  avg(100): 107.6
  Episode 