[I 2026-05-15 08:14:12,973] A new study created in RDB with name: fractional-1500
[I 2026-05-15 12:58:09,835] Trial 2 finished with value: 95.17068783068783 and parameters: {'batch_size': 256, 'gamma': 0.9563103284532963, 'eps_start': 0.8190015462186501, 'eps_end': 0.08827934638888804, 'eps_decay': 1375, 'tau': 0.008569917637546928, 'lr': 0.0006148953432009332, 'num_steps': 30, 'hidden1_size': 8, 'hidden2_size': 4, 'lam': 0.2716323913824717, 'history_length': 32}. Best is trial 2 with value: 95.17068783068783.
[I 2026-05-15 15:07:26,372] Trial 7 finished with value: 178.35888888888888 and parameters: {'batch_size': 128, 'gamma': 0.9931646599612974, 'eps_start': 0.8069672754417964, 'eps_end': 0.05593282147596165, 'eps_decay': 2640, 'tau': 0.002166900369697117, 'lr': 0.0007203834601787301, 'num_steps': 10, 'hidden1_size': 64, 'hidden2_size': 4, 'lam': 0.21867261737424204, 'history_length': 4}. Best is trial 3 with value: 259.12465608465607.
[I 2026-05-15 18:52:28,932] Trial 12 finished with value: 202.48624338624336 and parameters: {'batch_size': 256, 'gamma': 0.9739288706170947, 'eps_start': 0.8492577202781492, 'eps_end': 0.09127924697490505, 'eps_decay': 1592, 'tau': 0.007649743555562192, 'lr': 0.004750008007727373, 'num_steps': 30, 'hidden1_size': 64, 'hidden2_size': 16, 'lam': 0.08125016111248219, 'history_length': 8}. Best is trial 9 with value: 369.42719576719577.
[I 2026-05-15 18:52:30,246] Trial 18 pruned. Constraint violated: hidden2_size > hidden1_size
[I 2026-05-15 20:24:59,182] Trial 19 finished with value: 243.06809523809525 and parameters: {'batch_size': 256, 'gamma': 0.9876414536264166, 'eps_start': 0.816463227444452, 'eps_end': 0.005008396407187481, 'eps_decay': 1453, 'tau': 0.0032470132504745512, 'lr': 0.003981231593124313, 'num_steps': 10, 'hidden1_size': 8, 'hidden2_size': 8, 'lam': 0.29853566493740663, 'history_length': 32}. Best is trial 9 with value: 369.42719576719577.
[I 2026-05-15 21:49:25,964] Trial 21 finished with value: 13.284021164021166 and parameters: {'batch_size': 64, 'gamma': 0.9949590685569621, 'eps_start': 0.860920805306136, 'eps_end': 0.09900259586692509, 'eps_decay': 2430, 'tau': 0.008942681725207551, 'lr': 0.0002892375414408426, 'num_steps': 20, 'hidden1_size': 32, 'hidden2_size': 32, 'lam': 0.2008451337527507, 'history_length': 64}. Best is trial 17 with value: 418.34285714285716.
[I 2026-05-16 01:58:22,414] Trial 23 finished with value: 452.5764021164021 and parameters: {'batch_size': 256, 'gamma': 0.9745717207258516, 'eps_start': 0.9752250844029551, 'eps_end': 0.01405096128798906, 'eps_decay': 2729, 'tau': 0.009607174845229275, 'lr': 0.0001875353069750906, 'num_steps': 20, 'hidden1_size': 64, 'hidden2_size': 4, 'lam': 0.2994853174575765, 'history_length': 64}. Best is trial 23 with value: 452.5764021164021.
[I 2026-05-16 03:29:52,538] Trial 32 finished with value: 167.1474074074074 and parameters: {'batch_size': 64, 'gamma': 0.97508470386643, 'eps_start': 0.9421721217761707, 'eps_end': 0.030067322409144955, 'eps_decay': 1891, 'tau': 0.001175815025926028, 'lr': 0.00016040201434634255, 'num_steps': 20, 'hidden1_size': 32, 'hidden2_size': 4, 'lam': 0.10852039159211027, 'history_length': 64}. Best is trial 23 with value: 452.5764021164021.
[I 2026-05-16 04:49:43,175] Trial 33 finished with value: 117.06798941798942 and parameters: {'batch_size': 256, 'gamma': 0.9794849830469777, 'eps_start': 0.8565944763590454, 'eps_end': 0.04582808129861286, 'eps_decay': 1006, 'tau': 0.005910661037742564, 'lr': 0.00010234302499059213, 'num_steps': 20, 'hidden1_size': 32, 'hidden2_size': 8, 'lam': 0.15518662198333003, 'history_length': 16}. Best is trial 23 with value: 452.5764021164021.
[I 2026-05-16 07:40:23,399] Trial 38 finished with value: 185.0541798941799 and parameters: {'batch_size': 256, 'gamma': 0.9594424284555537, 'eps_start': 0.9493045852476827, 'eps_end': 0.017786789147738777, 'eps_decay': 2631, 'tau': 0.004401905104304308, 'lr': 0.00019465935294259629, 'num_steps': 20, 'hidden1_size': 64, 'hidden2_size': 4, 'lam': 0.24502562361557034, 'history_length': 32}. Best is trial 23 with value: 452.5764021164021.
[I 2026-05-16 09:12:02,639] Trial 39 finished with value: 122.4162962962963 and parameters: {'batch_size': 256, 'gamma': 0.9504426835067179, 'eps_start': 0.8671209644972346, 'eps_end': 0.011649440136467598, 'eps_decay': 2964, 'tau': 0.006835951991819863, 'lr': 0.0002822526889429715, 'num_steps': 20, 'hidden1_size': 16, 'hidden2_size': 4, 'lam': 0.28723659574331595, 'history_length': 64}. Best is trial 23 with value: 452.5764021164021.
[I 2026-05-16 11:26:18,578] Trial 43 finished with value: 160.0503703703704 and parameters: {'batch_size': 64, 'gamma': 0.9719870048705781, 'eps_start': 0.8913674726511174, 'eps_end': 0.02810199740545484, 'eps_decay': 2854, 'tau': 0.002623223113858291, 'lr': 0.00023894697920267606, 'num_steps': 20, 'hidden1_size': 32, 'hidden2_size': 4, 'lam': 0.2176654498096934, 'history_length': 64}. Best is trial 23 with value: 452.5764021164021.
[I 2026-05-16 15:21:28,445] Trial 47 finished with value: 272.5865079365079 and parameters: {'batch_size': 256, 'gamma': 0.953171551273083, 'eps_start': 0.8081526565322433, 'eps_end': 0.022786742360401718, 'eps_decay': 1405, 'tau': 0.0016510775328148863, 'lr': 0.0005264122563554771, 'num_steps': 20, 'hidden1_size': 64, 'hidden2_size': 8, 'lam': 0.2627004287019569, 'history_length': 4}. Best is trial 23 with value: 452.5764021164021.
[I 2026-05-16 23:14:31,185] Trial 51 finished with value: 479.62227513227515 and parameters: {'batch_size': 256, 'gamma': 0.9660422823161813, 'eps_start': 0.8248177541300287, 'eps_end': 0.032231911818133216, 'eps_decay': 1113, 'tau': 0.00391344658188194, 'lr': 0.00035434473483701506, 'num_steps': 30, 'hidden1_size': 32, 'hidden2_size': 16, 'lam': 0.20020832914719877, 'history_length': 8}. Best is trial 51 with value: 479.62227513227515.
[I 2026-05-17 05:55:30,683] Trial 57 finished with value: 341.6948677248677 and parameters: {'batch_size': 256, 'gamma': 0.9846030853982057, 'eps_start': 0.9783545498648374, 'eps_end': 0.03408827945208456, 'eps_decay': 1127, 'tau': 0.004587092217959698, 'lr': 0.0007372679807469634, 'num_steps': 30, 'hidden1_size': 32, 'hidden2_size': 16, 'lam': 0.22965331714796466, 'history_length': 8}. Best is trial 51 with value: 479.62227513227515.
[I 2026-05-17 14:54:55,448] Trial 63 finished with value: 332.437619047619 and parameters: {'batch_size': 256, 'gamma': 0.9771080993323846, 'eps_start': 0.9875347650613456, 'eps_end': 0.0084911629404679, 'eps_decay': 2319, 'tau': 0.0024356206194796094, 'lr': 0.00035031570993422346, 'num_steps': 30, 'hidden1_size': 32, 'hidden2_size': 16, 'lam': 0.16967879114792409, 'history_length': 8}. Best is trial 51 with value: 479.62227513227515.
[I 2026-05-17 23:05:47,990] Trial 69 finished with value: 367.67883597883593 and parameters: {'batch_size': 64, 'gamma': 0.9688711983648369, 'eps_start': 0.9633347780686692, 'eps_end': 0.015218717783061364, 'eps_decay': 1056, 'tau': 0.0031468156754498396, 'lr': 0.0009284815743499514, 'num_steps': 30, 'hidden1_size': 32, 'hidden2_size': 16, 'lam': 0.20579166753031167, 'history_length': 128}. Best is trial 65 with value: 480.7416402116402.
[I 2026-05-18 02:37:16,323] Trial 75 finished with value: 294.60285714285715 and parameters: {'batch_size': 64, 'gamma': 0.9667839083215423, 'eps_start': 0.9580069504861072, 'eps_end': 0.008448069456205798, 'eps_decay': 1312, 'tau': 0.0037757746022306334, 'lr': 0.001201156820879092, 'num_steps': 10, 'hidden1_size': 32, 'hidden2_size': 16, 'lam': 0.1608333035608673, 'history_length': 8}. Best is trial 71 with value: 486.6985714285714.
[I 2026-05-18 05:17:46,316] Trial 79 finished with value: 409.0706878306878 and parameters: {'batch_size': 64, 'gamma': 0.9954042791402343, 'eps_start': 0.9508415460281195, 'eps_end': 0.020293954702674852, 'eps_decay': 1172, 'tau': 0.001437816015947251, 'lr': 0.00037495088129903595, 'num_steps': 10, 'hidden1_size': 32, 'hidden2_size': 8, 'lam': 0.11696220643554232, 'history_length': 8}. Best is trial 71 with value: 486.6985714285714.
[I 2026-05-18 09:21:33,223] Trial 83 finished with value: 482.16539682539684 and parameters: {'batch_size': 256, 'gamma': 0.9963234276391429, 'eps_start': 0.9370138941139385, 'eps_end': 0.020419361044357577, 'eps_decay': 1435, 'tau': 0.0014940896562958086, 'lr': 0.0003355970603332938, 'num_steps': 10, 'hidden1_size': 32, 'hidden2_size': 8, 'lam': 0.09607361233249223, 'history_length': 8}. Best is trial 78 with value: 497.7857142857143.
[I 2026-05-18 10:04:28,570] Trial 89 finished with value: 28.825608465608468 and parameters: {'batch_size': 256, 'gamma': 0.9989156253254114, 'eps_start': 0.9250634095230115, 'eps_end': 0.016869357649331132, 'eps_decay': 1695, 'tau': 0.0023836471310239634, 'lr': 0.00020624256137305048, 'num_steps': 10, 'hidden1_size': 32, 'hidden2_size': 8, 'lam': 0.07094609112371161, 'history_length': 8}. Best is trial 78 with value: 497.7857142857143.
[I 2026-05-18 11:24:08,773] Trial 91 finished with value: 50.44005291005292 and parameters: {'batch_size': 256, 'gamma': 0.9977397569956663, 'eps_start': 0.914965159628989, 'eps_end': 0.012447779178112725, 'eps_decay': 1750, 'tau': 0.001031569350165695, 'lr': 0.000586193269532999, 'num_steps': 10, 'hidden1_size': 32, 'hidden2_size': 8, 'lam': 0.13927930330146465, 'history_length': 8}. Best is trial 78 with value: 497.7857142857143.
[I 2026-05-18 15:17:53,402] Trial 94 finished with value: 477.71375661375663 and parameters: {'batch_size': 256, 'gamma': 0.9927527424891267, 'eps_start': 0.9341877761709441, 'eps_end': 0.017632581370799268, 'eps_decay': 1615, 'tau': 0.0019375027392495347, 'lr': 0.00026816961852437485, 'num_steps': 10, 'hidden1_size': 32, 'hidden2_size': 8, 'lam': 0.16538783064912232, 'history_length': 8}. Best is trial 78 with value: 497.7857142857143.
[I 2026-05-18 17:27:22,362] Trial 97 finished with value: 101.41492063492065 and parameters: {'batch_size': 256, 'gamma': 0.99221501880124, 'eps_start': 0.9328489623846968, 'eps_end': 0.010217832759674889, 'eps_decay': 1555, 'tau': 0.0021306103679207184, 'lr': 0.009677788617002789, 'num_steps': 10, 'hidden1_size': 32, 'hidden2_size': 8, 'lam': 0.16237865692529949, 'history_length': 8}. Best is trial 78 with value: 497.7857142857143.
[I 2026-05-18 20:01:10,718] Trial 100 finished with value: 487.06878306878303 and parameters: {'batch_size': 256, 'gamma': 0.9929064573465107, 'eps_start': 0.93731422491937, 'eps_end': 0.02676195884303522, 'eps_decay': 1940, 'tau': 0.005647679469109807, 'lr': 0.00029310906215873346, 'num_steps': 10, 'hidden1_size': 32, 'hidden2_size': 8, 'lam': 0.14966988781646728, 'history_length': 8}. Best is trial 78 with value: 497.7857142857143.
[I 2026-05-18 22:50:13,878] Trial 102 finished with value: 184.74592592592595 and parameters: {'batch_size': 256, 'gamma': 0.9885956711367081, 'eps_start': 0.937453941455287, 'eps_end': 0.030316059952936188, 'eps_decay': 1946, 'tau': 0.005749762945270153, 'lr': 0.0003005982106163544, 'num_steps': 10, 'hidden1_size': 32, 'hidden2_size': 8, 'lam': 0.15079347185311334, 'history_length': 16}. Best is trial 78 with value: 497.7857142857143.
[I 2026-05-19 01:20:56,239] Trial 107 finished with value: 313.11724867724865 and parameters: {'batch_size': 256, 'gamma': 0.9960917159855956, 'eps_start': 0.9044583688967126, 'eps_end': 0.026286184517080598, 'eps_decay': 1794, 'tau': 0.00608593515723072, 'lr': 0.0004012131139289527, 'num_steps': 10, 'hidden1_size': 32, 'hidden2_size': 8, 'lam': 0.173307501342363, 'history_length': 16}. Best is trial 78 with value: 497.7857142857143.
[I 2026-05-19 05:02:00,098] Trial 109 finished with value: 327.2115873015874 and parameters: {'batch_size': 256, 'gamma': 0.9942596336346482, 'eps_start': 0.9214516273140836, 'eps_end': 0.02275867650100171, 'eps_decay': 1374, 'tau': 0.006389019201762403, 'lr': 0.0005027562039025639, 'num_steps': 10, 'hidden1_size': 32, 'hidden2_size': 32, 'lam': 0.14175967604035858, 'history_length': 8}. Best is trial 78 with value: 497.7857142857143.
[I 2026-05-19 09:55:40,886] Trial 112 finished with value: 492.76925925925923 and parameters: {'batch_size': 64, 'gamma': 0.9912051068919839, 'eps_start': 0.9462517397019465, 'eps_end': 0.010502369531034847, 'eps_decay': 1482, 'tau': 0.006779323516353062, 'lr': 0.0004681128455014501, 'num_steps': 10, 'hidden1_size': 32, 'hidden2_size': 8, 'lam': 0.13417974367846208, 'history_length': 8}. Best is trial 78 with value: 497.7857142857143.
[I 2026-05-19 11:56:48,901] Trial 117 finished with value: 209.89915343915345 and parameters: {'batch_size': 64, 'gamma': 0.9969211321797737, 'eps_start': 0.9310196128908459, 'eps_end': 0.005286699161356906, 'eps_decay': 2013, 'tau': 0.0072750276625437975, 'lr': 0.00023375336071928548, 'num_steps': 10, 'hidden1_size': 32, 'hidden2_size': 32, 'lam': 0.11692179181776882, 'history_length': 8}. Best is trial 78 with value: 497.7857142857143.
