[I 2026-05-19 05:50:00,211] Trial 113 pruned. Constraint violated: hidden2_size > hidden1_size
Search space loaded from: configs/search_spaces/fractional.yaml
Using device: cuda

Study: fractional-1500
Neuron type: fractional
Trials: 31
Storage: sqlite:///optuna_studies/fractional-v3.db


============================================================
Trial 3: fractional [16-16] lr=0.0012801829044147815
============================================================
  Episode 50/1500  avg(100): 28.7
  Episode 100/1500  avg(100): 85.7
  Episode 150/1500  avg(100): 116.6
  Episode 200/1500  avg(100): 126.9
  Episode 250/1500  avg(100): 135.3
  Episode 300/1500  avg(100): 121.9
  Episode 350/1500  avg(100): 135.8
  Episode 400/1500  avg(100): 100.5
  Episode 450/1500  avg(100): 138.9
  Episode 500/1500  avg(100): 298.9
  Episode 550/1500  avg(100): 333.6
  Episode 600/1500  avg(100): 371.5
  Episode 650/1500  avg(100): 387.1
  Episode 700/1500  avg(100): 282.9
  Episode 750/1500  avg(100): 212.5
  Episode 800/1500  avg(100): 235.9
  Episode 850/1500  avg(100): 313.3
  Episode 900/1500  avg(100): 258.0
  Episode 950/1500  avg(100): 151.9
  Episode 1000/1500  avg(100): 173.9
  Episode 1050/1500  avg(100): 334.1
  Episode 1100/1500  avg(100): 374.4
  Episode 1150/1500  avg(100): 324.3
  Episode 1200/1500  avg(100): 367.6
  Episode 1250/1500  avg(100): 325.0
  Episode 1300/1500  avg(100): 222.1
  Episode 1350/1500  avg(100): 199.5
  Episode 1400/1500  avg(100): 172.0
  Episode 1450/1500  avg(100): 188.2
  Episode 1500/1500  avg(100): 363.4
Trial 3 done: best_avg=401.4, final_avg=363.4, tail_iqm=262.0

============================================================
Trial 10: fractional [64-16] lr=0.0011501133903296578
============================================================
  Episode 50/1500  avg(100): 16.7
  Episode 100/1500  avg(100): 18.9
  Episode 150/1500  avg(100): 68.5
  Episode 200/1500  avg(100): 158.7
  Episode 250/1500  avg(100): 137.9
  Episode 300/1500  avg(100): 72.0
  Episode 350/1500  avg(100): 73.3
  Episode 400/1500  avg(100): 66.2
  Episode 450/1500  avg(100): 99.0
  Episode 500/1500  avg(100): 151.8
  Episode 550/1500  avg(100): 266.4
  Episode 600/1500  avg(100): 381.9
  Episode 650/1500  avg(100): 319.6
  Episode 700/1500  avg(100): 259.0
  Episode 750/1500  avg(100): 262.9
  Episode 800/1500  avg(100): 223.7
  Episode 850/1500  avg(100): 235.5
  Episode 900/1500  avg(100): 251.2
  Episode 950/1500  avg(100): 287.2
  Episode 1000/1500  avg(100): 359.4
  Episode 1050/1500  avg(100): 368.2
  Episode 1100/1500  avg(100): 286.4
  Episode 1150/1500  avg(100): 142.2
  Episode 1200/1500  avg(100): 72.5
  Episode 1250/1500  avg(100): 62.8
  Episode 1300/1500  avg(100): 238.7
  Episode 1350/1500  avg(100): 429.2
  Episode 1400/1500  avg(100): 398.8
  Episode 1450/1500  avg(100): 345.7
  Episode 1500/1500  avg(100): 345.2
Trial 10 done: best_avg=455.1, final_avg=345.2, tail_iqm=254.4

============================================================
Trial 13: fractional [32-32] lr=0.006591378668774602
============================================================
  Episode 50/1500  avg(100): 17.1
  Episode 100/1500  avg(100): 15.0
  Episode 150/1500  avg(100): 15.2
  Episode 200/1500  avg(100): 37.3
  Episode 250/1500  avg(100): 71.2
  Episode 300/1500  avg(100): 105.2
  Episode 350/1500  avg(100): 183.8
  Episode 400/1500  avg(100): 183.6
  Episode 450/1500  avg(100): 136.5
  Episode 500/1500  avg(100): 132.9
  Episode 550/1500  avg(100): 115.7
  Episode 600/1500  avg(100): 106.4
  Episode 650/1500  avg(100): 106.0
  Episode 700/1500  avg(100): 137.2
  Episode 750/1500  avg(100): 149.4
  Episode 800/1500  avg(100): 104.6
  Episode 850/1500  avg(100): 64.9
  Episode 900/1500  avg(100): 73.9
  Episode 950/1500  avg(100): 78.7
  Episode 1000/1500  avg(100): 70.2
  Episode 1050/1500  avg(100): 70.7
  Episode 1100/1500  avg(100): 65.3
  Episode 1150/1500  avg(100): 68.7
  Episode 1200/1500  avg(100): 77.9
  Episode 1250/1500  avg(100): 89.2
  Episode 1300/1500  avg(100): 100.9
  Episode 1350/1500  avg(100): 108.7
  Episode 1400/1500  avg(100): 127.5
  Episode 1450/1500  avg(100): 161.6
  Episode 1500/1500  avg(100): 158.1
Trial 13 done: best_avg=190.2, final_avg=158.1, tail_iqm=103.2

============================================================
Trial 17: fractional [32-8] lr=0.0002400460699375719
============================================================
  Episode 50/1500  avg(100): 15.4
  Episode 100/1500  avg(100): 13.6
  Episode 150/1500  avg(100): 11.3
  Episode 200/1500  avg(100): 21.7
  Episode 250/1500  avg(100): 48.2
  Episode 300/1500  avg(100): 92.3
  Episode 350/1500  avg(100): 104.4
  Episode 400/1500  avg(100): 83.7
  Episode 450/1500  avg(100): 75.1
  Episode 500/1500  avg(100): 82.2
  Episode 550/1500  avg(100): 142.5
  Episode 600/1500  avg(100): 248.0
  Episode 650/1500  avg(100): 337.4
  Episode 700/1500  avg(100): 342.1
  Episode 750/1500  avg(100): 326.4
  Episode 800/1500  avg(100): 361.0
  Episode 850/1500  avg(100): 409.8
  Episode 900/1500  avg(100): 423.3
  Episode 950/1500  avg(100): 345.8
  Episode 1000/1500  avg(100): 173.2
  Episode 1050/1500  avg(100): 41.5
  Episode 1100/1500  avg(100): 17.1
  Episode 1150/1500  avg(100): 17.1
  Episode 1200/1500  avg(100): 194.3
  Episode 1250/1500  avg(100): 435.4
  Episode 1300/1500  avg(100): 500.0
  Episode 1350/1500  avg(100): 495.5
  Episode 1400/1500  avg(100): 490.6
  Episode 1450/1500  avg(100): 377.6
  Episode 1500/1500  avg(100): 326.8
Trial 17 done: best_avg=500.0, final_avg=326.8, tail_iqm=421.0

============================================================
Trial 22: fractional [16-16] lr=0.0013914553712030446
============================================================
  Episode 50/1500  avg(100): 17.5
  Episode 100/1500  avg(100): 18.1
  Episode 150/1500  avg(100): 34.3
  Episode 200/1500  avg(100): 73.9
  Episode 250/1500  avg(100): 89.3
  Episode 300/1500  avg(100): 85.5
  Episode 350/1500  avg(100): 91.4
  Episode 400/1500  avg(100): 128.9
  Episode 450/1500  avg(100): 171.8
  Episode 500/1500  avg(100): 143.2
  Episode 550/1500  avg(100): 126.9
  Episode 600/1500  avg(100): 131.8
  Episode 650/1500  avg(100): 209.3
  Episode 700/1500  avg(100): 223.3
  Episode 750/1500  avg(100): 180.1
  Episode 800/1500  avg(100): 290.2
  Episode 850/1500  avg(100): 275.9
  Episode 900/1500  avg(100): 203.1
  Episode 950/1500  avg(100): 205.6
  Episode 1000/1500  avg(100): 205.6
  Episode 1050/1500  avg(100): 228.0
  Episode 1100/1500  avg(100): 251.8
  Episode 1150/1500  avg(100): 225.6
  Episode 1200/1500  avg(100): 151.3
  Episode 1250/1500  avg(100): 111.6
  Episode 1300/1500  avg(100): 106.0
  Episode 1350/1500  avg(100): 108.7
  Episode 1400/1500  avg(100): 122.3
  Episode 1450/1500  avg(100): 134.4
  Episode 1500/1500  avg(100): 151.8
Trial 22 done: best_avg=308.2, final_avg=151.8, tail_iqm=124.0

============================================================
Trial 26: fractional [8-4] lr=0.0001377359094770867
============================================================
  Episode 50/1500  avg(100): 16.3
  Episode 100/1500  avg(100): 14.6
  Episode 150/1500  avg(100): 12.2
  Episode 200/1500  avg(100): 10.9
  Episode 250/1500  avg(100): 10.0
  Episode 300/1500  avg(100): 9.8
  Episode 350/1500  avg(100): 9.9
  Episode 400/1500  avg(100): 9.6
  Episode 450/1500  avg(100): 9.7
  Episode 500/1500  avg(100): 9.8
  Episode 550/1500  avg(100): 9.6
  Episode 600/1500  avg(100): 9.7
  Episode 650/1500  avg(100): 9.6
  Episode 700/1500  avg(100): 9.3
  Episode 750/1500  avg(100): 9.3
  Episode 800/1500  avg(100): 9.5
  Episode 850/1500  avg(100): 9.6
  Episode 900/1500  avg(100): 9.5
  Episode 950/1500  avg(100): 9.5
  Episode 1000/1500  avg(100): 9.6
  Episode 1050/1500  avg(100): 9.5
  Episode 1100/1500  avg(100): 9.4
  Episode 1150/1500  avg(100): 9.6
  Episode 1200/1500  avg(100): 9.6
  Episode 1250/1500  avg(100): 9.7
  Episode 1300/1500  avg(100): 9.6
  Episode 1350/1500  avg(100): 9.4
  Episode 1400/1500  avg(100): 9.4
  Episode 1450/1500  avg(100): 9.6
  Episode 1500/1500  avg(100): 9.6
Trial 26 done: best_avg=14.6, final_avg=9.6, tail_iqm=9.6

============================================================
Trial 28: fractional [32-8] lr=0.00042308193843725256
============================================================
  Episode 50/1500  avg(100): 16.4
  Episode 100/1500  avg(100): 14.5
  Episode 150/1500  avg(100): 16.9
  Episode 200/1500  avg(100): 68.4
  Episode 250/1500  avg(100): 124.8
  Episode 300/1500  avg(100): 213.4
  Episode 350/1500  avg(100): 380.3
  Episode 400/1500  avg(100): 462.1
  Episode 450/1500  avg(100): 367.0
  Episode 500/1500  avg(100): 366.7
  Episode 550/1500  avg(100): 409.0
  Episode 600/1500  avg(100): 316.4
  Episode 650/1500  avg(100): 364.5
  Episode 700/1500  avg(100): 359.7
  Episode 750/1500  avg(100): 251.2
  Episode 800/1500  avg(100): 335.8
  Episode 850/1500  avg(100): 328.7
  Episode 900/1500  avg(100): 127.7
  Episode 950/1500  avg(100): 40.9
  Episode 1000/1500  avg(100): 48.8
  Episode 1050/1500  avg(100): 40.0
  Episode 1100/1500  avg(100): 25.5
  Episode 1150/1500  avg(100): 14.1
  Episode 1200/1500  avg(100): 13.4
  Episode 1250/1500  avg(100): 50.5
  Episode 1300/1500  avg(100): 168.7
  Episode 1350/1500  avg(100): 291.8
  Episode 1400/1500  avg(100): 337.3
  Episode 1450/1500  avg(100): 319.5
  Episode 1500/1500  avg(100): 374.5
Trial 28 done: best_avg=471.8, final_avg=374.5, tail_iqm=186.2

============================================================
Trial 35: fractional [32-8] lr=0.00018280499923712821
============================================================
  Episode 50/1500  avg(100): 15.7
  Episode 100/1500  avg(100): 14.6
  Episode 150/1500  avg(100): 12.8
  Episode 200/1500  avg(100): 13.4
  Episode 250/1500  avg(100): 17.2
  Episode 300/1500  avg(100): 15.3
  Episode 350/1500  avg(100): 10.6
  Episode 400/1500  avg(100): 10.4
  Episode 450/1500  avg(100): 38.0
  Episode 500/1500  avg(100): 94.4
  Episode 550/1500  avg(100): 119.3
  Episode 600/1500  avg(100): 120.5
  Episode 650/1500  avg(100): 132.6
  Episode 700/1500  avg(100): 161.2
  Episode 750/1500  avg(100): 195.4
  Episode 800/1500  avg(100): 203.7
  Episode 850/1500  avg(100): 212.4
  Episode 900/1500  avg(100): 232.5
  Episode 950/1500  avg(100): 227.3
  Episode 1000/1500  avg(100): 229.4
  Episode 1050/1500  avg(100): 268.5
  Episode 1100/1500  avg(100): 271.7
  Episode 1150/1500  avg(100): 148.2
  Episode 1200/1500  avg(100): 130.1
  Episode 1250/1500  avg(100): 252.2
  Episode 1300/1500  avg(100): 157.5
  Episode 1350/1500  avg(100): 19.2
  Episode 1400/1500  avg(100): 61.4
  Episode 1450/1500  avg(100): 246.7
  Episode 1500/1500  avg(100): 427.0
Trial 35 done: best_avg=427.0, final_avg=427.0, tail_iqm=153.3

============================================================
Trial 40: fractional [16-4] lr=0.00028959937656171316
============================================================
  Episode 50/1500  avg(100): 17.8
  Episode 100/1500  avg(100): 16.0
  Episode 150/1500  avg(100): 13.7
  Episode 200/1500  avg(100): 14.8
  Episode 250/1500  avg(100): 15.9
  Episode 300/1500  avg(100): 13.0
  Episode 350/1500  avg(100): 10.3
  Episode 400/1500  avg(100): 10.3
  Episode 450/1500  avg(100): 23.1
  Episode 500/1500  avg(100): 41.9
  Episode 550/1500  avg(100): 64.5
  Episode 600/1500  avg(100): 80.7
  Episode 650/1500  avg(100): 88.7
  Episode 700/1500  avg(100): 133.1
  Episode 750/1500  avg(100): 151.6
  Episode 800/1500  avg(100): 152.8
  Episode 850/1500  avg(100): 186.7
  Episode 900/1500  avg(100): 184.9
  Episode 950/1500  avg(100): 163.6
  Episode 1000/1500  avg(100): 150.3
  Episode 1050/1500  avg(100): 143.2
  Episode 1100/1500  avg(100): 168.4
  Episode 1150/1500  avg(100): 166.2
  Episode 1200/1500  avg(100): 158.9
  Episode 1250/1500  avg(100): 177.2
  Episode 1300/1500  avg(100): 164.2
  Episode 1350/1500  avg(100): 143.3
  Episode 1400/1500  avg(100): 122.3
  Episode 1450/1500  avg(100): 106.1
  Episode 1500/1500  avg(100): 115.2
Trial 40 done: best_avg=191.2, final_avg=115.2, tail_iqm=150.3

============================================================
Trial 45: fractional [64-4] lr=0.0005110843811643752
============================================================
  Episode 50/1500  avg(100): 16.9
  Episode 100/1500  avg(100): 14.0
  Episode 150/1500  avg(100): 12.7
  Episode 200/1500  avg(100): 17.4
  Episode 250/1500  avg(100): 109.5
  Episode 300/1500  avg(100): 228.0
  Episode 350/1500  avg(100): 247.3
  Episode 400/1500  avg(100): 240.1
  Episode 450/1500  avg(100): 271.3
  Episode 500/1500  avg(100): 332.4
  Episode 550/1500  avg(100): 332.5
  Episode 600/1500  avg(100): 236.2
  Episode 650/1500  avg(100): 178.3
  Episode 700/1500  avg(100): 195.1
  Episode 750/1500  avg(100): 228.3
  Episode 800/1500  avg(100): 242.9
  Episode 850/1500  avg(100): 202.4
  Episode 900/1500  avg(100): 165.2
  Episode 950/1500  avg(100): 160.2
  Episode 1000/1500  avg(100): 156.1
  Episode 1050/1500  avg(100): 156.4
  Episode 1100/1500  avg(100): 152.6
  Episode 1150/1500  avg(100): 145.1
  Episode 1200/1500  avg(100): 140.7
  Episode 1250/1500  avg(100): 141.3
  Episode 1300/1500  avg(100): 144.2
  Episode 1350/1500  avg(100): 141.0
  Episode 1400/1500  avg(100): 137.7
  Episode 1450/1500  avg(100): 136.1
  Episode 1500/1500  avg(100): 135.0
Trial 45 done: best_avg=354.0, final_avg=135.0, tail_iqm=140.4

============================================================
Trial 49: fractional [32-8] lr=0.0005604490914308063
============================================================
  Episode 50/1500  avg(100): 19.0
  Episode 100/1500  avg(100): 17.0
  Episode 150/1500  avg(100): 13.9
  Episode 200/1500  avg(100): 15.2
  Episode 250/1500  avg(100): 68.9
  Episode 300/1500  avg(100): 132.7
  Episode 350/1500  avg(100): 130.4
  Episode 400/1500  avg(100): 121.2
  Episode 450/1500  avg(100): 128.4
  Episode 500/1500  avg(100): 142.6
  Episode 550/1500  avg(100): 161.1
  Episode 600/1500  avg(100): 176.3
  Episode 650/1500  avg(100): 289.0
  Episode 700/1500  avg(100): 331.6
  Episode 750/1500  avg(100): 282.6
  Episode 800/1500  avg(100): 376.8
  Episode 850/1500  avg(100): 479.6
  Episode 900/1500  avg(100): 500.0
  Episode 950/1500  avg(100): 500.0
  Episode 1000/1500  avg(100): 500.0
  Episode 1050/1500  avg(100): 487.1
  Episode 1100/1500  avg(100): 477.6
  Episode 1150/1500  avg(100): 490.5
  Episode 1200/1500  avg(100): 482.7
  Episode 1250/1500  avg(100): 384.1
  Episode 1300/1500  avg(100): 348.4
  Episode 1350/1500  avg(100): 434.0
  Episode 1400/1500  avg(100): 454.9
  Episode 1450/1500  avg(100): 453.9
  Episode 1500/1500  avg(100): 397.4
Trial 49 done: best_avg=500.0, final_avg=397.4, tail_iqm=445.0

============================================================
Trial 56: fractional [32-32] lr=0.0007544718739423091
============================================================
  Episode 50/1500  avg(100): 17.1
  Episode 100/1500  avg(100): 44.4
  Episode 150/1500  avg(100): 97.6
  Episode 200/1500  avg(100): 120.4
  Episode 250/1500  avg(100): 74.4
  Episode 300/1500  avg(100): 51.9
  Episode 350/1500  avg(100): 175.0
  Episode 400/1500  avg(100): 214.2
  Episode 450/1500  avg(100): 170.0
  Episode 500/1500  avg(100): 102.2
  Episode 550/1500  avg(100): 15.7
  Episode 600/1500  avg(100): 42.9
  Episode 650/1500  avg(100): 86.5
  Episode 700/1500  avg(100): 76.8
  Episode 750/1500  avg(100): 63.0
  Episode 800/1500  avg(100): 72.2
  Episode 850/1500  avg(100): 40.8
  Episode 900/1500  avg(100): 15.2
  Episode 950/1500  avg(100): 77.9
  Episode 1000/1500  avg(100): 93.9
  Episode 1050/1500  avg(100): 90.1
  Episode 1100/1500  avg(100): 86.6
  Episode 1150/1500  avg(100): 82.6
  Episode 1200/1500  avg(100): 155.2
  Episode 1250/1500  avg(100): 153.4
  Episode 1300/1500  avg(100): 154.8
  Episode 1350/1500  avg(100): 284.2
  Episode 1400/1500  avg(100): 324.9
  Episode 1450/1500  avg(100): 304.1
  Episode 1500/1500  avg(100): 413.9
Trial 56 done: best_avg=413.9, final_avg=413.9, tail_iqm=216.1

============================================================
Trial 59: fractional [32-16] lr=0.00016249467904597955
============================================================
  Episode 50/1500  avg(100): 16.7
  Episode 100/1500  avg(100): 14.9
  Episode 150/1500  avg(100): 12.2
  Episode 200/1500  avg(100): 11.9
  Episode 250/1500  avg(100): 13.4
  Episode 300/1500  avg(100): 14.9
  Episode 350/1500  avg(100): 16.6
  Episode 400/1500  avg(100): 13.6
  Episode 450/1500  avg(100): 9.6
  Episode 500/1500  avg(100): 9.7
  Episode 550/1500  avg(100): 9.8
  Episode 600/1500  avg(100): 23.9
  Episode 650/1500  avg(100): 33.8
  Episode 700/1500  avg(100): 27.2
  Episode 750/1500  avg(100): 24.9
  Episode 800/1500  avg(100): 34.2
  Episode 850/1500  avg(100): 52.7
  Episode 900/1500  avg(100): 45.9
  Episode 950/1500  avg(100): 30.1
  Episode 1000/1500  avg(100): 31.5
  Episode 1050/1500  avg(100): 46.3
  Episode 1100/1500  avg(100): 76.0
  Episode 1150/1500  avg(100): 87.8
  Episode 1200/1500  avg(100): 88.5
  Episode 1250/1500  avg(100): 100.3
  Episode 1300/1500  avg(100): 151.0
  Episode 1350/1500  avg(100): 166.7
  Episode 1400/1500  avg(100): 105.2
  Episode 1450/1500  avg(100): 64.2
  Episode 1500/1500  avg(100): 55.9
Trial 59 done: best_avg=172.7, final_avg=55.9, tail_iqm=97.3

============================================================
Trial 61: fractional [32-16] lr=0.00044912982093711813
============================================================
  Episode 50/1500  avg(100): 17.6
  Episode 100/1500  avg(100): 16.6
  Episode 150/1500  avg(100): 37.2
  Episode 200/1500  avg(100): 130.3
  Episode 250/1500  avg(100): 191.3
  Episode 300/1500  avg(100): 218.1
  Episode 350/1500  avg(100): 213.2
  Episode 400/1500  avg(100): 225.9
  Episode 450/1500  avg(100): 302.5
  Episode 500/1500  avg(100): 405.2
  Episode 550/1500  avg(100): 444.9
  Episode 600/1500  avg(100): 342.4
  Episode 650/1500  avg(100): 264.6
  Episode 700/1500  avg(100): 288.7
  Episode 750/1500  avg(100): 383.4
  Episode 800/1500  avg(100): 450.2
  Episode 850/1500  avg(100): 463.1
  Episode 900/1500  avg(100): 469.0
  Episode 950/1500  avg(100): 447.6
  Episode 1000/1500  avg(100): 460.4
  Episode 1050/1500  avg(100): 481.8
  Episode 1100/1500  avg(100): 409.3
  Episode 1150/1500  avg(100): 376.2
  Episode 1200/1500  avg(100): 443.0
  Episode 1250/1500  avg(100): 494.2
  Episode 1300/1500  avg(100): 488.5
  Episode 1350/1500  avg(100): 409.6
  Episode 1400/1500  avg(100): 303.2
  Episode 1450/1500  avg(100): 292.0
  Episode 1500/1500  avg(100): 347.4
Trial 61 done: best_avg=500.0, final_avg=347.4, tail_iqm=406.3

============================================================
Trial 67: fractional [32-16] lr=0.0009710580527857302
============================================================
  Episode 50/1500  avg(100): 16.1
  Episode 100/1500  avg(100): 20.8
  Episode 150/1500  avg(100): 121.3
  Episode 200/1500  avg(100): 204.6
  Episode 250/1500  avg(100): 190.9
  Episode 300/1500  avg(100): 232.7
  Episode 350/1500  avg(100): 232.8
  Episode 400/1500  avg(100): 217.2
  Episode 450/1500  avg(100): 242.4
  Episode 500/1500  avg(100): 251.3
  Episode 550/1500  avg(100): 326.9
  Episode 600/1500  avg(100): 427.1
  Episode 650/1500  avg(100): 298.5
  Episode 700/1500  avg(100): 266.0
  Episode 750/1500  avg(100): 419.5
  Episode 800/1500  avg(100): 418.2
  Episode 850/1500  avg(100): 257.1
  Episode 900/1500  avg(100): 136.3
  Episode 950/1500  avg(100): 148.3
  Episode 1000/1500  avg(100): 153.9
  Episode 1050/1500  avg(100): 163.5
  Episode 1100/1500  avg(100): 217.0
  Episode 1150/1500  avg(100): 385.8
  Episode 1200/1500  avg(100): 469.2
  Episode 1250/1500  avg(100): 329.2
  Episode 1300/1500  avg(100): 234.6
  Episode 1350/1500  avg(100): 327.6
  Episode 1400/1500  avg(100): 371.8
  Episode 1450/1500  avg(100): 233.1
  Episode 1500/1500  avg(100): 126.5
Trial 67 done: best_avg=484.3, final_avg=126.5, tail_iqm=325.7

============================================================
Trial 71: fractional [32-8] lr=0.00038757654386252857
============================================================
  Episode 50/1500  avg(100): 16.1
  Episode 100/1500  avg(100): 15.2
  Episode 150/1500  avg(100): 16.6
  Episode 200/1500  avg(100): 28.3
  Episode 250/1500  avg(100): 63.3
  Episode 300/1500  avg(100): 95.6
  Episode 350/1500  avg(100): 104.2
  Episode 400/1500  avg(100): 101.6
  Episode 450/1500  avg(100): 102.8
  Episode 500/1500  avg(100): 104.1
  Episode 550/1500  avg(100): 121.4
  Episode 600/1500  avg(100): 163.2
  Episode 650/1500  avg(100): 245.0
  Episode 700/1500  avg(100): 234.4
  Episode 750/1500  avg(100): 192.9
  Episode 800/1500  avg(100): 261.9
  Episode 850/1500  avg(100): 397.3
  Episode 900/1500  avg(100): 497.3
  Episode 950/1500  avg(100): 500.0
  Episode 1000/1500  avg(100): 409.5
  Episode 1050/1500  avg(100): 384.1
  Episode 1100/1500  avg(100): 278.9
  Episode 1150/1500  avg(100): 188.1
  Episode 1200/1500  avg(100): 349.4
  Episode 1250/1500  avg(100): 465.6
  Episode 1300/1500  avg(100): 500.0
  Episode 1350/1500  avg(100): 500.0
  Episode 1400/1500  avg(100): 500.0
  Episode 1450/1500  avg(100): 500.0
  Episode 1500/1500  avg(100): 500.0
Trial 71 done: best_avg=500.0, final_avg=500.0, tail_iqm=488.8
  -> Converged at episode: 1254

============================================================
Trial 76: fractional [32-8] lr=0.00048514755501861273
============================================================
  Episode 50/1500  avg(100): 16.5
  Episode 100/1500  avg(100): 14.7
  Episode 150/1500  avg(100): 14.1
  Episode 200/1500  avg(100): 42.0
  Episode 250/1500  avg(100): 80.1
  Episode 300/1500  avg(100): 116.2
  Episode 350/1500  avg(100): 137.2
  Episode 400/1500  avg(100): 154.9
  Episode 450/1500  avg(100): 160.4
  Episode 500/1500  avg(100): 255.5
  Episode 550/1500  avg(100): 428.4
  Episode 600/1500  avg(100): 309.1
  Episode 6