[I 2026-05-15 08:14:12,993] Using an existing study with name 'fractional-1500' instead of creating a new one.
[I 2026-05-15 14:05:43,887] Trial 3 finished with value: 259.12465608465607 and parameters: {'batch_size': 256, 'gamma': 0.9657642782399312, 'eps_start': 0.9943365006609439, 'eps_end': 0.010972816475963508, 'eps_decay': 1592, 'tau': 0.009551886592949543, 'lr': 0.0012801829044147815, 'num_steps': 30, 'hidden1_size': 16, 'hidden2_size': 16, 'lam': 0.14404195220970722, 'history_length': 128}. Best is trial 3 with value: 259.12465608465607.
[I 2026-05-15 17:05:23,206] Trial 10 finished with value: 250.3415343915344 and parameters: {'batch_size': 128, 'gamma': 0.9862196021330211, 'eps_start': 0.9648941015584083, 'eps_end': 0.07075898094039422, 'eps_decay': 1776, 'tau': 0.003656787992128934, 'lr': 0.0011501133903296578, 'num_steps': 10, 'hidden1_size': 64, 'hidden2_size': 16, 'lam': 0.13373650857101893, 'history_length': 4}. Best is trial 3 with value: 259.12465608465607.
[I 2026-05-15 18:28:17,435] Trial 13 finished with value: 99.99185185185186 and parameters: {'batch_size': 256, 'gamma': 0.9879787315621471, 'eps_start': 0.8825806374038377, 'eps_end': 0.05240332899405089, 'eps_decay': 2322, 'tau': 0.0019699584332491457, 'lr': 0.006591378668774602, 'num_steps': 10, 'hidden1_size': 32, 'hidden2_size': 32, 'lam': 0.17795323121405315, 'history_length': 4}. Best is trial 9 with value: 369.42719576719577.
[I 2026-05-15 21:36:16,270] Trial 17 finished with value: 418.34285714285716 and parameters: {'batch_size': 64, 'gamma': 0.9901253476802562, 'eps_start': 0.8236651328363784, 'eps_end': 0.033322308835462534, 'eps_decay': 1119, 'tau': 0.004802441311534184, 'lr': 0.0002400460699375719, 'num_steps': 10, 'hidden1_size': 32, 'hidden2_size': 8, 'lam': 0.1801891476807136, 'history_length': 64}. Best is trial 17 with value: 418.34285714285716.
[I 2026-05-15 23:44:26,581] Trial 22 finished with value: 122.40566137566138 and parameters: {'batch_size': 128, 'gamma': 0.9526348829362512, 'eps_start': 0.9787531443880022, 'eps_end': 0.052973092096219886, 'eps_decay': 2220, 'tau': 0.0023671840794480406, 'lr': 0.0013914553712030446, 'num_steps': 10, 'hidden1_size': 16, 'hidden2_size': 16, 'lam': 0.26902513912789766, 'history_length': 4}. Best is trial 15 with value: 427.12772486772485.
[I 2026-05-16 00:00:27,704] Trial 26 finished with value: 8.915714285714285 and parameters: {'batch_size': 128, 'gamma': 0.9596316078022826, 'eps_start': 0.8798413730109523, 'eps_end': 0.03555763551452829, 'eps_decay': 1250, 'tau': 0.00832859473122511, 'lr': 0.0001377359094770867, 'num_steps': 20, 'hidden1_size': 8, 'hidden2_size': 4, 'lam': 0.1682945698579008, 'history_length': 4}. Best is trial 15 with value: 427.12772486772485.
[I 2026-05-16 00:00:28,965] Trial 27 pruned. Constraint violated: hidden2_size > hidden1_size
[I 2026-05-16 04:38:44,095] Trial 28 finished with value: 184.03089947089947 and parameters: {'batch_size': 256, 'gamma': 0.9985637892278082, 'eps_start': 0.8324169951431157, 'eps_end': 0.04251709194417863, 'eps_decay': 1919, 'tau': 0.006202030836502501, 'lr': 0.00042308193843725256, 'num_steps': 20, 'hidden1_size': 32, 'hidden2_size': 8, 'lam': 0.10892930778702602, 'history_length': 16}. Best is trial 23 with value: 452.5764021164021.
[I 2026-05-16 07:47:39,768] Trial 35 finished with value: 150.65656084656086 and parameters: {'batch_size': 256, 'gamma': 0.9635243938379036, 'eps_start': 0.8432915855413365, 'eps_end': 0.01926112732225361, 'eps_decay': 2053, 'tau': 0.005428887994920896, 'lr': 0.00018280499923712821, 'num_steps': 20, 'hidden1_size': 32, 'hidden2_size': 8, 'lam': 0.24803603822097522, 'history_length': 64}. Best is trial 23 with value: 452.5764021164021.
[I 2026-05-16 10:04:21,959] Trial 40 finished with value: 148.66333333333336 and parameters: {'batch_size': 256, 'gamma': 0.9503161130721938, 'eps_start': 0.8669362429566856, 'eps_end': 0.01200025229955689, 'eps_decay': 2774, 'tau': 0.009914249479212702, 'lr': 0.00028959937656171316, 'num_steps': 20, 'hidden1_size': 16, 'hidden2_size': 4, 'lam': 0.2827166190096154, 'history_length': 64}. Best is trial 23 with value: 452.5764021164021.
[I 2026-05-16 13:49:17,038] Trial 45 finished with value: 136.40433862433864 and parameters: {'batch_size': 256, 'gamma': 0.9542670961832042, 'eps_start': 0.8082532577966017, 'eps_end': 0.025089377258595367, 'eps_decay': 1635, 'tau': 0.0027803157016953184, 'lr': 0.0005110843811643752, 'num_steps': 20, 'hidden1_size': 64, 'hidden2_size': 4, 'lam': 0.2608963484090606, 'history_length': 64}. Best is trial 23 with value: 452.5764021164021.
[I 2026-05-16 22:05:18,552] Trial 49 finished with value: 442.92957671957674 and parameters: {'batch_size': 256, 'gamma': 0.9905796291014994, 'eps_start': 0.9993367251464464, 'eps_end': 0.02255720387792506, 'eps_decay': 2233, 'tau': 0.0017495948187773187, 'lr': 0.0005604490914308063, 'num_steps': 30, 'hidden1_size': 32, 'hidden2_size': 8, 'lam': 0.19420822446320624, 'history_length': 8}. Best is trial 23 with value: 452.5764021164021.
[I 2026-05-17 01:44:15,193] Trial 56 finished with value: 212.84825396825394 and parameters: {'batch_size': 256, 'gamma': 0.9906738323382901, 'eps_start': 0.9814068965934736, 'eps_end': 0.06792598082245652, 'eps_decay': 2076, 'tau': 0.0049448344005226285, 'lr': 0.0007544718739423091, 'num_steps': 30, 'hidden1_size': 32, 'hidden2_size': 32, 'lam': 0.27710655607280726, 'history_length': 8}. Best is trial 51 with value: 479.62227513227515.
[I 2026-05-17 03:04:57,230] Trial 59 finished with value: 94.83804232804232 and parameters: {'batch_size': 64, 'gamma': 0.994148748129796, 'eps_start': 0.9727405511805564, 'eps_end': 0.03336416207473786, 'eps_decay': 1292, 'tau': 0.0044537597748934635, 'lr': 0.00016249467904597955, 'num_steps': 30, 'hidden1_size': 32, 'hidden2_size': 16, 'lam': 0.1930615812524651, 'history_length': 8}. Best is trial 51 with value: 479.62227513227515.
[I 2026-05-17 12:22:07,727] Trial 61 finished with value: 403.83248677248673 and parameters: {'batch_size': 64, 'gamma': 0.9683089792438959, 'eps_start': 0.9625780588817728, 'eps_end': 0.006244712647360316, 'eps_decay': 1103, 'tau': 0.0031483949829267605, 'lr': 0.00044912982093711813, 'num_steps': 30, 'hidden1_size': 32, 'hidden2_size': 16, 'lam': 0.23111640555195462, 'history_length': 8}. Best is trial 51 with value: 479.62227513227515.
[I 2026-05-17 19:22:29,064] Trial 67 finished with value: 323.26603174603173 and parameters: {'batch_size': 64, 'gamma': 0.9649043426650903, 'eps_start': 0.9900507401219769, 'eps_end': 0.015099147731243512, 'eps_decay': 1226, 'tau': 0.0040756407740209985, 'lr': 0.0009710580527857302, 'num_steps': 30, 'hidden1_size': 32, 'hidden2_size': 16, 'lam': 0.20469557272116587, 'history_length': 8}. Best is trial 65 with value: 480.7416402116402.
[I 2026-05-17 23:24:59,109] Trial 71 finished with value: 486.6985714285714 and parameters: {'batch_size': 64, 'gamma': 0.9963602279043333, 'eps_start': 0.9629006642055522, 'eps_end': 0.007033738876184558, 'eps_decay': 1311, 'tau': 0.0031414055248155043, 'lr': 0.00038757654386252857, 'num_steps': 10, 'hidden1_size': 32, 'hidden2_size': 8, 'lam': 0.1578854051718898, 'history_length': 8}. Best is trial 71 with value: 486.6985714285714.
[I 2026-05-18 01:01:22,537] Trial 76 finished with value: 98.70169312169313 and parameters: {'batch_size': 64, 'gamma': 0.9968242155661059, 'eps_start': 0.9415314273121812, 'eps_end': 0.008149323373242218, 'eps_decay': 1871, 'tau': 0.003608402193070195, 'lr': 0.00048514755501861273, 'num_steps': 10, 'hidden1_size': 32, 'hidden2_size': 8, 'lam': 0.185937263377725, 'history_length': 8}. Best is trial 71 with value: 486.6985714285714.
[I 2026-05-18 04:12:23,216] Trial 77 finished with value: 275.3356084656085 and parameters: {'batch_size': 64, 'gamma': 0.988788724741568, 'eps_start': 0.9833758195587332, 'eps_end': 0.007666105341182744, 'eps_decay': 1512, 'tau': 0.003707555267410639, 'lr': 0.000376073987533872, 'num_steps': 10, 'hidden1_size': 32, 'hidden2_size': 8, 'lam': 0.12154041727390365, 'history_length': 8}. Best is trial 71 with value: 486.6985714285714.
[I 2026-05-18 04:58:38,503] Trial 80 finished with value: 64.25925925925925 and parameters: {'batch_size': 128, 'gamma': 0.9868198990631758, 'eps_start': 0.9746232995124195, 'eps_end': 0.024603266378442838, 'eps_decay': 1174, 'tau': 0.0034073709199911838, 'lr': 0.00041660250552411657, 'num_steps': 10, 'hidden1_size': 8, 'hidden2_size': 8, 'lam': 0.1849959131744716, 'history_length': 32}. Best is trial 71 with value: 486.6985714285714.
[I 2026-05-18 09:08:33,986] Trial 82 finished with value: 490.14322751322754 and parameters: {'batch_size': 64, 'gamma': 0.9921615323996014, 'eps_start': 0.934113911751119, 'eps_end': 0.01240975511146003, 'eps_decay': 1434, 'tau': 0.0052938909066203915, 'lr': 0.0003265857020263979, 'num_steps': 10, 'hidden1_size': 32, 'hidden2_size': 8, 'lam': 0.16615344361561207, 'history_length': 8}. Best is trial 78 with value: 497.7857142857143.
[I 2026-05-18 10:18:08,651] Trial 88 finished with value: 174.74555555555554 and parameters: {'batch_size': 64, 'gamma': 0.9909109769225765, 'eps_start': 0.9141908382389418, 'eps_end': 0.03807953960586016, 'eps_decay': 1718, 'tau': 0.005325365282109677, 'lr': 0.00020604916513811006, 'num_steps': 10, 'hidden1_size': 32, 'hidden2_size': 8, 'lam': 0.13877863584623368, 'history_length': 8}. Best is trial 78 with value: 497.7857142857143.
[I 2026-05-18 13:38:19,086] Trial 92 finished with value: 255.33502645502648 and parameters: {'batch_size': 256, 'gamma': 0.9978119481720696, 'eps_start': 0.9443758972529528, 'eps_end': 0.01840695388971725, 'eps_decay': 1846, 'tau': 0.0019792269816935482, 'lr': 0.0002641075314294709, 'num_steps': 10, 'hidden1_size': 64, 'hidden2_size': 8, 'lam': 0.1662957963237144, 'history_length': 8}. Best is trial 78 with value: 497.7857142857143.
[I 2026-05-18 17:44:17,345] Trial 96 finished with value: 478.6928571428571 and parameters: {'batch_size': 256, 'gamma': 0.9933896859609241, 'eps_start': 0.9307094914167161, 'eps_end': 0.02385630378745052, 'eps_decay': 1653, 'tau': 0.004243256663099778, 'lr': 0.00029554042560424966, 'num_steps': 10, 'hidden1_size': 32, 'hidden2_size': 8, 'lam': 0.16334078658964699, 'history_length': 16}. Best is trial 78 with value: 497.7857142857143.
[I 2026-05-18 20:48:00,862] Trial 101 finished with value: 122.72830687830688 and parameters: {'batch_size': 256, 'gamma': 0.9930491704381257, 'eps_start': 0.9279326701035204, 'eps_end': 0.013555920793694415, 'eps_decay': 1657, 'tau': 0.005113076916231072, 'lr': 0.0003141408399544788, 'num_steps': 10, 'hidden1_size': 32, 'hidden2_size': 8, 'lam': 0.15190336260271986, 'history_length': 16}. Best is trial 78 with value: 497.7857142857143.
[I 2026-05-19 00:57:46,298] Trial 104 finished with value: 438.391164021164 and parameters: {'batch_size': 256, 'gamma': 0.9890186456426073, 'eps_start': 0.937513157967687, 'eps_end': 0.020173256820467694, 'eps_decay': 1946, 'tau': 0.006081114656135395, 'lr': 0.0003553182020453659, 'num_steps': 10, 'hidden1_size': 32, 'hidden2_size': 8, 'lam': 0.1297669115932858, 'history_length': 16}. Best is trial 78 with value: 497.7857142857143.
[I 2026-05-19 05:49:58,934] Trial 108 finished with value: 487.2120105820106 and parameters: {'batch_size': 256, 'gamma': 0.9965837860643152, 'eps_start': 0.9219478417512332, 'eps_end': 0.010779447429296405, 'eps_decay': 1806, 'tau': 0.006299818176475178, 'lr': 0.00040544900324417847, 'num_steps': 10, 'hidden1_size': 32, 'hidden2_size': 32, 'lam': 0.17293101250382487, 'history_length': 16}. Best is trial 78 with value: 497.7857142857143.
