[I 2026-05-19 08:02:07,741] Trial 111 finished with value: 424.88243386243386 and parameters: {'batch_size': 256, 'gamma': 0.9943669186264567, 'eps_start': 0.9235817899878135, 'eps_end': 0.01068727131337693, 'eps_decay': 2142, 'tau': 0.0064928365779497, 'lr': 0.0004741535669115157, 'num_steps': 10, 'hidden1_size': 32, 'hidden2_size': 32, 'lam': 0.14366989822825865, 'history_length': 8}. Best is trial 78 with value: 497.7857142857143.
Search space loaded from: configs/search_spaces/fractional.yaml
Using device: cuda

Study: fractional-1500
Neuron type: fractional
Trials: 32
Storage: sqlite:///optuna_studies/fractional-v3.db


============================================================
Trial 1: fractional [16-4] lr=0.00018901027366320173
============================================================
  Episode 50/1500  avg(100): 26.0
  Episode 100/1500  avg(100): 19.4
  Episode 150/1500  avg(100): 11.9
  Episode 200/1500  avg(100): 12.1
  Episode 250/1500  avg(100): 23.3
  Episode 300/1500  avg(100): 28.9
  Episode 350/1500  avg(100): 22.3
  Episode 400/1500  avg(100): 16.6
  Episode 450/1500  avg(100): 12.1
  Episode 500/1500  avg(100): 10.8
  Episode 550/1500  avg(100): 11.4
  Episode 600/1500  avg(100): 13.8
  Episode 650/1500  avg(100): 15.9
  Episode 700/1500  avg(100): 16.1
  Episode 750/1500  avg(100): 15.6
  Episode 800/1500  avg(100): 15.9
  Episode 850/1500  avg(100): 17.0
  Episode 900/1500  avg(100): 17.6
  Episode 950/1500  avg(100): 19.5
  Episode 1000/1500  avg(100): 21.4
  Episode 1050/1500  avg(100): 19.9
  Episode 1100/1500  avg(100): 17.8
  Episode 1150/1500  avg(100): 17.0
  Episode 1200/1500  avg(100): 17.8
  Episode 1250/1500  avg(100): 19.1
  Episode 1300/1500  avg(100): 20.7
  Episode 1350/1500  avg(100): 65.9
  Episode 1400/1500  avg(100): 120.8
  Episode 1450/1500  avg(100): 129.6
  Episode 1500/1500  avg(100): 129.1
Trial 1 done: best_avg=156.1, final_avg=129.1, tail_iqm=46.7

============================================================
Trial 5: fractional [64-16] lr=0.000543550299287344
============================================================
  Episode 50/1500  avg(100): 15.3
  Episode 100/1500  avg(100): 58.2
  Episode 150/1500  avg(100): 115.9
  Episode 200/1500  avg(100): 145.2
  Episode 250/1500  avg(100): 155.2
  Episode 300/1500  avg(100): 180.8
  Episode 350/1500  avg(100): 295.4
  Episode 400/1500  avg(100): 367.2
  Episode 450/1500  avg(100): 342.9
  Episode 500/1500  avg(100): 299.5
  Episode 550/1500  avg(100): 240.4
  Episode 600/1500  avg(100): 196.6
  Episode 650/1500  avg(100): 216.2
  Episode 700/1500  avg(100): 248.8
  Episode 750/1500  avg(100): 270.8
  Episode 800/1500  avg(100): 272.9
  Episode 850/1500  avg(100): 259.1
  Episode 900/1500  avg(100): 237.7
  Episode 950/1500  avg(100): 249.2
  Episode 1000/1500  avg(100): 280.6
  Episode 1050/1500  avg(100): 221.7
  Episode 1100/1500  avg(100): 169.7
  Episode 1150/1500  avg(100): 156.2
  Episode 1200/1500  avg(100): 132.4
  Episode 1250/1500  avg(100): 119.7
  Episode 1300/1500  avg(100): 157.9
  Episode 1350/1500  avg(100): 240.7
  Episode 1400/1500  avg(100): 319.3
  Episode 1450/1500  avg(100): 277.2
  Episode 1500/1500  avg(100): 197.6
Trial 5 done: best_avg=373.4, final_avg=197.6, tail_iqm=191.5

============================================================
Trial 9: fractional [16-8] lr=0.0004274283851615047
============================================================
  Episode 50/1500  avg(100): 17.5
  Episode 100/1500  avg(100): 15.8
  Episode 150/1500  avg(100): 13.9
  Episode 200/1500  avg(100): 14.2
  Episode 250/1500  avg(100): 28.7
  Episode 300/1500  avg(100): 74.5
  Episode 350/1500  avg(100): 78.0
  Episode 400/1500  avg(100): 48.8
  Episode 450/1500  avg(100): 144.2
  Episode 500/1500  avg(100): 217.5
  Episode 550/1500  avg(100): 156.9
  Episode 600/1500  avg(100): 135.2
  Episode 650/1500  avg(100): 161.6
  Episode 700/1500  avg(100): 142.2
  Episode 750/1500  avg(100): 109.2
  Episode 800/1500  avg(100): 94.7
  Episode 850/1500  avg(100): 112.6
  Episode 900/1500  avg(100): 119.7
  Episode 950/1500  avg(100): 126.9
  Episode 1000/1500  avg(100): 149.4
  Episode 1050/1500  avg(100): 180.9
  Episode 1100/1500  avg(100): 210.7
  Episode 1150/1500  avg(100): 285.0
  Episode 1200/1500  avg(100): 401.1
  Episode 1250/1500  avg(100): 438.8
  Episode 1300/1500  avg(100): 455.2
  Episode 1350/1500  avg(100): 465.2
  Episode 1400/1500  avg(100): 319.9
  Episode 1450/1500  avg(100): 135.1
  Episode 1500/1500  avg(100): 102.8
Trial 9 done: best_avg=471.6, final_avg=102.8, tail_iqm=370.7

============================================================
Trial 14: fractional [16-8] lr=0.002458889466079336
============================================================
  Episode 50/1500  avg(100): 20.2
  Episode 100/1500  avg(100): 45.9
  Episode 150/1500  avg(100): 85.8
  Episode 200/1500  avg(100): 127.3
  Episode 250/1500  avg(100): 140.5
  Episode 300/1500  avg(100): 120.8
  Episode 350/1500  avg(100): 101.4
  Episode 400/1500  avg(100): 85.5
  Episode 450/1500  avg(100): 82.1
  Episode 500/1500  avg(100): 79.6
  Episode 550/1500  avg(100): 75.2
  Episode 600/1500  avg(100): 71.5
  Episode 650/1500  avg(100): 67.3
  Episode 700/1500  avg(100): 66.9
  Episode 750/1500  avg(100): 73.2
  Episode 800/1500  avg(100): 69.1
  Episode 850/1500  avg(100): 64.5
  Episode 900/1500  avg(100): 67.5
  Episode 950/1500  avg(100): 69.9
  Episode 1000/1500  avg(100): 79.9
  Episode 1050/1500  avg(100): 82.7
  Episode 1100/1500  avg(100): 86.0
  Episode 1150/1500  avg(100): 129.9
  Episode 1200/1500  avg(100): 141.8
  Episode 1250/1500  avg(100): 162.7
  Episode 1300/1500  avg(100): 176.5
  Episode 1350/1500  avg(100): 129.6
  Episode 1400/1500  avg(100): 108.1
  Episode 1450/1500  avg(100): 90.8
  Episode 1500/1500  avg(100): 78.0
Trial 14 done: best_avg=181.7, final_avg=78.0, tail_iqm=131.1

============================================================
Trial 16: fractional [8-8] lr=0.00021894715401205237
============================================================
  Episode 50/1500  avg(100): 17.3
  Episode 100/1500  avg(100): 14.5
  Episode 150/1500  avg(100): 11.5
  Episode 200/1500  avg(100): 12.0
  Episode 250/1500  avg(100): 13.8
  Episode 300/1500  avg(100): 15.8
  Episode 350/1500  avg(100): 19.0
  Episode 400/1500  avg(100): 24.2
  Episode 450/1500  avg(100): 20.9
  Episode 500/1500  avg(100): 11.9
  Episode 550/1500  avg(100): 9.3
  Episode 600/1500  avg(100): 9.4
  Episode 650/1500  avg(100): 9.5
  Episode 700/1500  avg(100): 9.4
  Episode 750/1500  avg(100): 9.5
  Episode 800/1500  avg(100): 12.9
  Episode 850/1500  avg(100): 18.6
  Episode 900/1500  avg(100): 22.6
  Episode 950/1500  avg(100): 24.7
  Episode 1000/1500  avg(100): 27.6
  Episode 1050/1500  avg(100): 34.0
  Episode 1100/1500  avg(100): 37.3
  Episode 1150/1500  avg(100): 33.2
  Episode 1200/1500  avg(100): 38.5
  Episode 1250/1500  avg(100): 82.8
  Episode 1300/1500  avg(100): 109.6
  Episode 1350/1500  avg(100): 92.4
  Episode 1400/1500  avg(100): 100.4
  Episode 1450/1500  avg(100): 125.2
  Episode 1500/1500  avg(100): 143.3
Trial 16 done: best_avg=143.3, final_avg=143.3, tail_iqm=93.1

============================================================
Trial 20: fractional [64-16] lr=0.00044272281408728954
============================================================
  Episode 50/1500  avg(100): 18.5
  Episode 100/1500  avg(100): 17.8
  Episode 150/1500  avg(100): 74.8
  Episode 200/1500  avg(100): 151.8
  Episode 250/1500  avg(100): 162.6
  Episode 300/1500  avg(100): 163.8
  Episode 350/1500  avg(100): 228.1
  Episode 400/1500  avg(100): 321.6
  Episode 450/1500  avg(100): 418.1
  Episode 500/1500  avg(100): 466.4
  Episode 550/1500  avg(100): 437.4
  Episode 600/1500  avg(100): 402.5
  Episode 650/1500  avg(100): 405.1
  Episode 700/1500  avg(100): 411.2
  Episode 750/1500  avg(100): 389.2
  Episode 800/1500  avg(100): 356.6
  Episode 850/1500  avg(100): 259.8
  Episode 900/1500  avg(100): 239.8
  Episode 950/1500  avg(100): 239.6
  Episode 1000/1500  avg(100): 125.1
  Episode 1050/1500  avg(100): 52.5
  Episode 1100/1500  avg(100): 41.0
  Episode 1150/1500  avg(100): 54.4
  Episode 1200/1500  avg(100): 70.7
  Episode 1250/1500  avg(100): 84.0
  Episode 1300/1500  avg(100): 86.7
  Episode 1350/1500  avg(100): 94.2
  Episode 1400/1500  avg(100): 124.5
  Episode 1450/1500  avg(100): 166.9
  Episode 1500/1500  avg(100): 340.7
Trial 20 done: best_avg=469.9, final_avg=340.7, tail_iqm=94.7

============================================================
Trial 29: fractional [32-8] lr=0.00012319834169960186
============================================================
  Episode 50/1500  avg(100): 13.9
  Episode 100/1500  avg(100): 13.0
  Episode 150/1500  avg(100): 11.6
  Episode 200/1500  avg(100): 10.8
  Episode 250/1500  avg(100): 10.9
  Episode 300/1500  avg(100): 11.8
  Episode 350/1500  avg(100): 13.7
  Episode 400/1500  avg(100): 17.5
  Episode 450/1500  avg(100): 20.5
  Episode 500/1500  avg(100): 21.4
  Episode 550/1500  avg(100): 24.1
  Episode 600/1500  avg(100): 26.5
  Episode 650/1500  avg(100): 18.0
  Episode 700/1500  avg(100): 9.5
  Episode 750/1500  avg(100): 9.6
  Episode 800/1500  avg(100): 9.6
  Episode 850/1500  avg(100): 9.5
  Episode 900/1500  avg(100): 9.6
  Episode 950/1500  avg(100): 9.7
  Episode 1000/1500  avg(100): 9.6
  Episode 1050/1500  avg(100): 9.7
  Episode 1100/1500  avg(100): 9.7
  Episode 1150/1500  avg(100): 9.5
  Episode 1200/1500  avg(100): 9.6
  Episode 1250/1500  avg(100): 9.5
  Episode 1300/1500  avg(100): 9.4
  Episode 1350/1500  avg(100): 9.6
  Episode 1400/1500  avg(100): 9.6
  Episode 1450/1500  avg(100): 9.5
  Episode 1500/1500  avg(100): 9.5
Trial 29 done: best_avg=28.1, final_avg=9.5, tail_iqm=9.5

============================================================
Trial 30: fractional [32-8] lr=0.0003773332946077577
============================================================
  Episode 50/1500  avg(100): 15.8
  Episode 100/1500  avg(100): 14.2
  Episode 150/1500  avg(100): 12.3
  Episode 200/1500  avg(100): 13.9
  Episode 250/1500  avg(100): 48.7
  Episode 300/1500  avg(100): 134.8
  Episode 350/1500  avg(100): 206.3
  Episode 400/1500  avg(100): 220.8
  Episode 450/1500  avg(100): 207.6
  Episode 500/1500  avg(100): 194.8
  Episode 550/1500  avg(100): 185.0
  Episode 600/1500  avg(100): 173.3
  Episode 650/1500  avg(100): 172.1
  Episode 700/1500  avg(100): 175.0
  Episode 750/1500  avg(100): 177.6
  Episode 800/1500  avg(100): 168.0
  Episode 850/1500  avg(100): 168.5
  Episode 900/1500  avg(100): 145.8
  Episode 950/1500  avg(100): 78.4
  Episode 1000/1500  avg(100): 89.2
  Episode 1050/1500  avg(100): 150.6
  Episode 1100/1500  avg(100): 178.7
  Episode 1150/1500  avg(100): 202.5
  Episode 1200/1500  avg(100): 237.6
  Episode 1250/1500  avg(100): 355.7
  Episode 1300/1500  avg(100): 441.6
  Episode 1350/1500  avg(100): 321.4
  Episode 1400/1500  avg(100): 251.1
  Episode 1450/1500  avg(100): 341.8
  Episode 1500/1500  avg(100): 444.3
Trial 30 done: best_avg=449.3, final_avg=444.3, tail_iqm=313.3

============================================================
Trial 36: fractional [32-4] lr=0.0001960969722065273
============================================================
  Episode 50/1500  avg(100): 17.9
  Episode 100/1500  avg(100): 15.7
  Episode 150/1500  avg(100): 12.8
  Episode 200/1500  avg(100): 11.5
  Episode 250/1500  avg(100): 10.7
  Episode 300/1500  avg(100): 10.6
  Episode 350/1500  avg(100): 10.3
  Episode 400/1500  avg(100): 10.2
  Episode 450/1500  avg(100): 26.9
  Episode 500/1500  avg(100): 47.1
  Episode 550/1500  avg(100): 35.2
  Episode 600/1500  avg(100): 23.6
  Episode 650/1500  avg(100): 68.6
  Episode 700/1500  avg(100): 124.8
  Episode 750/1500  avg(100): 142.5
  Episode 800/1500  avg(100): 152.9
  Episode 850/1500  avg(100): 153.8
  Episode 900/1500  avg(100): 200.3
  Episode 950/1500  avg(100): 286.4
  Episode 1000/1500  avg(100): 278.1
  Episode 1050/1500  avg(100): 192.6
  Episode 1100/1500  avg(100): 185.1
  Episode 1150/1500  avg(100): 259.5
  Episode 1200/1500  avg(100): 355.8
  Episode 1250/1500  avg(100): 457.5
  Episode 1300/1500  avg(100): 467.5
  Episode 1350/1500  avg(100): 352.3
  Episode 1400/1500  avg(100): 280.2
  Episode 1450/1500  avg(100): 390.7
  Episode 1500/1500  avg(100): 469.9
Trial 36 done: best_avg=500.0, final_avg=469.9, tail_iqm=374.8

============================================================
Trial 42: fractional [32-4] lr=0.0002921884447418915
============================================================
  Episode 50/1500  avg(100): 19.9
  Episode 100/1500  avg(100): 17.7
  Episode 150/1500  avg(100): 16.0
  Episode 200/1500  avg(100): 14.5
  Episode 250/1500  avg(100): 12.1
  Episode 300/1500  avg(100): 18.6
  Episode 350/1500  avg(100): 26.6
  Episode 400/1500  avg(100): 29.6
  Episode 450/1500  avg(100): 33.3
  Episode 500/1500  avg(100): 35.5
  Episode 550/1500  avg(100): 34.1
  Episode 600/1500  avg(100): 28.7
  Episode 650/1500  avg(100): 23.1
  Episode 700/1500  avg(100): 21.2
  Episode 750/1500  avg(100): 20.6
  Episode 800/1500  avg(100): 20.2
  Episode 850/1500  avg(100): 24.4
  Episode 900/1500  avg(100): 33.8
  Episode 950/1500  avg(100): 73.0
  Episode 1000/1500  avg(100): 117.3
  Episode 1050/1500  avg(100): 139.1
  Episode 1100/1500  avg(100): 155.1
  Episode 1150/1500  avg(100): 158.2
  Episode 1200/1500  avg(100): 151.7
  Episode 1250/1500  avg(100): 141.8
  Episode 1300/1500  avg(100): 137.3
  Episode 1350/1500  avg(100): 140.6
  Episode 1400/1500  avg(100): 146.6
  Episode 1450/1500  avg(100): 151.1
  Episode 1500/1500  avg(100): 150.7
Trial 42 done: best_avg=162.2, final_avg=150.7, tail_iqm=147.1

============================================================
Trial 44: fractional [64-4] lr=0.0005649831409364721
============================================================
  Episode 50/1500  avg(100): 17.9
  Episode 100/1500  avg(100): 15.7
  Episode 150/1500  avg(100): 17.1
  Episode 200/1500  avg(100): 89.6
  Episode 250/1500  avg(100): 166.5
  Episode 300/1500  avg(100): 273.4
  Episode 350/1500  avg(100): 402.5
  Episode 400/1500  avg(100): 370.3
  Episode 450/1500  avg(100): 225.1
  Episode 500/1500  avg(100): 136.9
  Episode 550/1500  avg(100): 86.0
  Episode 600/1500  avg(100): 69.7
  Episode 650/1500  avg(100): 102.8
  Episode 700/1500  avg(100): 119.0
  Episode 750/1500  avg(100): 169.6
  Episode 800/1500  avg(100): 187.3
  Episode 850/1500  avg(100): 171.0
  Episode 900/1500  avg(100): 154.9
  Episode 950/1500  avg(100): 149.6
  Episode 1000/1500  avg(100): 170.4
  Episode 1050/1500  avg(100): 196.7
  Episode 1100/1500  avg(100): 204.3
  Episode 1150/1500  avg(100): 169.5
  Episode 1200/1500  avg(100): 177.6
  Episode 1250/1500  avg(100): 332.7
  Episode 1300/1500  avg(100): 382.8
  Episode 1350/1500  avg(100): 367.1
  Episode 1400/1500  avg(100): 446.1
  Episode 1450/1500  avg(100): 471.2
  Episode 1500/1500  avg(100): 485.1
Trial 44 done: best_avg=485.1, final_avg=485.1, tail_iqm=369.5
  -> Converged at episode: 1463

============================================================
Trial 50: fractional [32-8] lr=0.0003407379264139357
============================================================
  Episode 50/1500  avg(100): 15.3
  Episode 100/1500  avg(100): 14.6
  Episode 150/1500  avg(100): 14.5
  Episode 200/1500  avg(100): 35.5
  Episode 250/1500  avg(100): 111.9
  Episode 300/1500  avg(100): 169.2
  Episode 350/1500  avg(100): 175.7
  Episode 400/1500  avg(100): 169.3
  Episode 450/1500  avg(100): 149.4
  Episode 500/1500  avg(100): 145.2
  Episode 550/1500  avg(100): 148.6
  Episode 600/1500  avg(100): 153.7
  Episode 650/1500  avg(100): 159.7
  Episode 700/1500  avg(100): 155.3
  Episode 750/1500  avg(100): 144.4
  Episode 800/1500  avg(100): 147.5
  Episode 850/1500  avg(100): 132.7
  Episode 900/1500  avg(100): 97.4
  Episode 950/1500  avg(100): 144.1
  Episode 1000/1500  avg(100): 176.1
  Episode 1050/1500  avg(100): 153.8
  Episode 1100/1500  avg(100): 176.0
  Episode 1150/1500  avg(100): 199.8
  Episode 1200/1500  avg(100): 271.9
  Episode 1250/1500  avg(100): 214.9
  Episode 1300/1500  avg(100): 194.6
  Episode 1350/1500  avg(100): 364.3
  Episode 1400/1500  avg(100): 367.0
  Episode 1450/1500  avg(100): 268.7
  Episode 1500/1500  avg(100): 193.5
Trial 50 done: best_avg=388.9, final_avg=193.5, tail_iqm=249.9

============================================================
Trial 52: fractional [16-16] lr=0.00022240171429593192
============================================================
  Episode 50/1500  avg(100): 16.7
  Episode 100/1500  avg(100): 14.2
  Episode 150/1500  avg(100): 11.5
  Episode 200/1500  avg(100): 12.4
  Episode 250/1500  avg(100): 14.7
  Episode 300/1500  avg(100): 17.6
  Episode 350/1500  avg(100): 23.5
  Episode 400/1500  avg(100): 30.4
  Episode 450/1500  avg(100): 26.3
  Episode 500/1500  avg(100): 19.2
  Episode 550/1500  avg(100): 20.0
  Episode 600/1500  avg(100): 21.8
  Episode 650/1500  avg(100): 22.7
  Episode 700/1500  avg(100): 20.5
  Episode 750/1500  avg(100): 16.9
  Episode 800/1500  avg(100): 14.9
  Episode 850/1500  avg(100): 13.3
  Episode 900/1500  avg(100): 12.5
  Episode 950/1500  avg(100): 13.2
  Episode 1000/1500  avg(100): 14.4
  Episode 1050/1500  avg(100): 16.8
  Episode 1100/1500  avg(100): 19.5
  Episode 1150/1500  avg(100): 35.7
  Episode 1200/1500  avg(100): 54.9
  Episode 1250/1500  avg(100): 124.1
  Episode 1300/1500  avg(100): 195.3
  Episode 1350/1500  avg(100): 182.9
  Episode 1400/1500  avg(100): 129.9
  Episode 1450/1500  avg(100): 97.1
  Episode 1500/1500  avg(100): 109.8
Trial 52 done: best_avg=198.6, final_avg=109.8, tail_iqm=117.0

============================================================
Trial 54: fractional [64-4] lr=0.0006507297756627922
============================================================
  Episode 50/1500  avg(100): 18.3
  Episode 100/1500  avg(100): 16.2
  Episode 150/1500  avg(100): 70.3
  Episode 200/1500  avg(100): 139.5
  Episode 250/1500  avg(100): 131.6
  Episode 300/1500  avg(100): 89.3
  Episode 350/1500  avg(100): 80.5
  Episode 400/1500  avg(100): 99.2
  Episode 450/1500  avg(100): 109.6
  Episode 500/1500  avg(100): 121.1
  Episode 550/1500  avg(100): 126.4
  Episode 600/1500  avg(100): 141.7
  Episode 650/1500  avg(100): 164.1
  Episode 700/1500  avg(100): 188.8
  Episode 750/1500  avg(100): 300.9
  Episode 800/1500  avg(100): 408.3
  Episode 850/1500  avg(100): 450.2
  Episode 900/1500  avg(100): 435.5
  Episode 950/1500  avg(100): 351.1
  Episode 1000/1500  avg(100): 350.7
  Episode 1050/1500  avg(100): 397.1
  Episode 1100/1500  avg(100): 344.4
  Episode 1150/1500  avg(100): 249.6
  Episode 1200/1500  avg(100): 207.2
  Episode 1250/1500  avg(100): 282.2
  Episode 1300/1500  avg(100): 387.5
  Episode 1350/1500  avg(100): 376.9
  Episode 1400/1500  avg(100): 364.6
  Episode 1450/1500  avg(100): 419.8
  Episode 1500/1500  avg(100): 374.5
Trial 54 done: best_avg=467.6, final_avg=374.5, tail_iqm=343.4

============================================================
Trial 58: fractional [32-16] lr=0.00016074884252544142
============================================================
  Episode 50/1500  avg(100): 19.8
  Episode 100/1500  avg(100): 16.0
  Episode 150/1500  avg(100): 12.2
  Episode 200/1500  avg(100): 14.7
  Episode 250/1500  avg(100): 14.8
  Episode 300/1500  avg(100): 10.9
  Episode 350/1500  avg(100): 9.9
  Episode 400/1500  avg(100): 20.7
  Episode 450/1500  avg(100): 60.6
  Episode 500/1500  avg(100): 85.7
  Episode 550/1500  avg(100): 77.7
  Episode 600/1500  avg(100): 103.3
  Episode 650/1500  avg(100): 145.6
  Episode 700/1500  avg(100): 164.7
  Episode 750/1500  avg(100): 234.3
  Episode 800/1500  avg(100): 343.2
  Episode 850/1500  avg(100): 441.4
  Episode 900/1500  avg(100): 494.9
  Episode 950/1500  avg(100): 463.1
  Episode 1000/1500  avg(100): 426.2
  Episode 1050/1500  avg(100): 380.2
  Episode 1100/1500  avg(100): 330.9
  Episode 1150/1500  avg(100): 376.2
  Episode 1200/1500  avg(100): 459.9
  Episode 1250/1500  avg(100): 434.9
  Episode 1300/1500  avg(100): 239.9
  Episode 1350/1500  avg(100): 176.1
  Episode 1400/1500  avg(100): 285.8
  Episode 1450/1500  avg(100): 410.0
  Episode 1500/1500  avg(100): 452.3
Trial 58 done: best_avg=497.3, final_avg=452.3, tail_iqm=367.5

============================================================
Trial 64: fractional [32-8] lr=0.0003354437207467447
============================================================
  Episode 50/1500  avg(100): 16.8
  Episode 100/1500  avg(100): 14.7
  Episode 150/1500  avg(100): 12.8
  Episode 200/1500  avg(100): 14.7
  Episode 250/1500  avg(100): 52.9
  Episode 300/1500  avg(100): 103.7
  Episode 350/1500  avg(100): 121.8
  Episode 400/1500  avg(100): 155.1
  Episode 450/1500  avg(100): 210.0
  Episode 500/1500  avg(100): 211.7
  Episode 550/1500  avg(100): 155.6
  Episode 600/1500  avg(100): 128.1
  Episode 650/1500  avg(100): 140.5
  Episode 700/1500  avg(100): 174.2
  Episode 750/1500  avg(100): 180.1
  Episode 800/1500  avg(100): 151.2
  Episode 850/1500  avg(100): 154.4
  Episode 900/1500  avg(100): 193.0
  Episode 950/1500  avg(100): 202.0
  Episode 1000/1500  avg(100): 180.6
  Episode 1050/1500  avg(100): 152.6
  Episode 1100/1500  avg(100): 162.7
  Episode 1150/1500  avg(100): 166.9
  Episode 1200/1500  avg(100): 130.3
  Episode 1250/1500  avg(100): 166.7
  Episode 1300/1500  avg(100): 306.2
  Episode 1350/1500  avg(100): 410.1
  Episode 1400/1500  avg(100): 415.8
  Episode 1450/1500  avg(100): 327.1
  Episode 1500/1500  avg(100): 325.7
Trial 64 done: best_avg=444.3, final_avg=325.7, tail_iqm=285.2

============================================================
Trial 66: fractional [32-8] lr=0.0001223094160908948
============================================================
  Episode 50/1500  avg(100): 21.4
  Episode 100/1500  avg(100): 17.6
  Episode 150/1500  avg(100): 12.9
  Episode 200/1500  avg(100): 11.4
  Episode