[I 2026-05-15 08:14:12,992] Using an existing study with name 'fractional-1500' instead of creating a new one.
[I 2026-05-15 08:40:18,331] Trial 1 finished with value: 45.60074074074074 and parameters: {'batch_size': 256, 'gamma': 0.9927649060293039, 'eps_start': 0.930134209165221, 'eps_end': 0.09001666357289352, 'eps_decay': 1695, 'tau': 0.00886502191471105, 'lr': 0.00018901027366320173, 'num_steps': 10, 'hidden1_size': 16, 'hidden2_size': 4, 'lam': 0.053941731543215146, 'history_length': 8}. Best is trial 1 with value: 45.60074074074074.
[I 2026-05-15 13:59:20,241] Trial 5 finished with value: 187.3885185185185 and parameters: {'batch_size': 128, 'gamma': 0.9619518179316436, 'eps_start': 0.8153685438850228, 'eps_end': 0.06364637154729641, 'eps_decay': 2392, 'tau': 0.00836161977133121, 'lr': 0.000543550299287344, 'num_steps': 30, 'hidden1_size': 64, 'hidden2_size': 16, 'lam': 0.05422749844379192, 'history_length': 8}. Best is trial 5 with value: 187.3885185185185.
[I 2026-05-15 13:59:20,728] Trial 8 pruned. Constraint violated: hidden2_size > hidden1_size
[I 2026-05-15 17:12:15,153] Trial 9 finished with value: 369.42719576719577 and parameters: {'batch_size': 256, 'gamma': 0.9580842160048121, 'eps_start': 0.8030280571130234, 'eps_end': 0.07216690904843225, 'eps_decay': 1979, 'tau': 0.002105314838467585, 'lr': 0.0004274283851615047, 'num_steps': 20, 'hidden1_size': 16, 'hidden2_size': 8, 'lam': 0.2973045365810584, 'history_length': 4}. Best is trial 9 with value: 369.42719576719577.
[I 2026-05-15 18:27:25,062] Trial 14 finished with value: 129.61169312169312 and parameters: {'batch_size': 128, 'gamma': 0.9516929173703285, 'eps_start': 0.9128304759679533, 'eps_end': 0.08474694437287812, 'eps_decay': 2143, 'tau': 0.007422205505244909, 'lr': 0.002458889466079336, 'num_steps': 10, 'hidden1_size': 16, 'hidden2_size': 8, 'lam': 0.18434405255593161, 'history_length': 32}. Best is trial 9 with value: 369.42719576719577.
[I 2026-05-15 19:00:30,436] Trial 16 finished with value: 91.04867724867725 and parameters: {'batch_size': 64, 'gamma': 0.9548016806162161, 'eps_start': 0.9291510974335998, 'eps_end': 0.015434857466538526, 'eps_decay': 1195, 'tau': 0.0034507048394730464, 'lr': 0.00021894715401205237, 'num_steps': 10, 'hidden1_size': 8, 'hidden2_size': 8, 'lam': 0.16695630649278942, 'history_length': 128}. Best is trial 9 with value: 369.42719576719577.
[I 2026-05-16 00:29:47,236] Trial 20 finished with value: 89.42486772486772 and parameters: {'batch_size': 64, 'gamma': 0.9815480839063881, 'eps_start': 0.9686968286876567, 'eps_end': 0.0911174329154579, 'eps_decay': 2114, 'tau': 0.0035143024772614742, 'lr': 0.00044272281408728954, 'num_steps': 30, 'hidden1_size': 64, 'hidden2_size': 16, 'lam': 0.10566834600813148, 'history_length': 128}. Best is trial 15 with value: 427.12772486772485.
[I 2026-05-16 00:48:01,439] Trial 29 finished with value: 7.360582010582009 and parameters: {'batch_size': 256, 'gamma': 0.9983862641597395, 'eps_start': 0.8307375543780511, 'eps_end': 0.03957316394316269, 'eps_decay': 1014, 'tau': 0.006336078336994781, 'lr': 0.00012319834169960186, 'num_steps': 20, 'hidden1_size': 32, 'hidden2_size': 8, 'lam': 0.23655174708963828, 'history_length': 16}. Best is trial 15 with value: 427.12772486772485.
[I 2026-05-16 04:43:06,867] Trial 30 finished with value: 311.1577248677249 and parameters: {'batch_size': 256, 'gamma': 0.9628674046238902, 'eps_start': 0.8420742654674436, 'eps_end': 0.04172498166927384, 'eps_decay': 1804, 'tau': 0.0012578397121702956, 'lr': 0.0003773332946077577, 'num_steps': 20, 'hidden1_size': 32, 'hidden2_size': 8, 'lam': 0.10443054457149106, 'history_length': 16}. Best is trial 23 with value: 452.5764021164021.
[I 2026-05-16 08:23:30,824] Trial 36 finished with value: 372.4055026455027 and parameters: {'batch_size': 256, 'gamma': 0.9500242009154058, 'eps_start': 0.8628630779023974, 'eps_end': 0.018165888502966104, 'eps_decay': 2044, 'tau': 0.0027984993560383085, 'lr': 0.0001960969722065273, 'num_steps': 20, 'hidden1_size': 32, 'hidden2_size': 4, 'lam': 0.25279243459093176, 'history_length': 64}. Best is trial 23 with value: 452.5764021164021.
[I 2026-05-16 09:54:18,868] Trial 42 finished with value: 144.6900529100529 and parameters: {'batch_size': 64, 'gamma': 0.9710419863064086, 'eps_start': 0.868257007561289, 'eps_end': 0.01118241430767998, 'eps_decay': 2967, 'tau': 0.006819298042787572, 'lr': 0.0002921884447418915, 'num_steps': 20, 'hidden1_size': 32, 'hidden2_size': 4, 'lam': 0.22049405887996426, 'history_length': 64}. Best is trial 23 with value: 452.5764021164021.
[I 2026-05-16 14:36:44,294] Trial 44 finished with value: 365.42619047619047 and parameters: {'batch_size': 256, 'gamma': 0.9535848812770077, 'eps_start': 0.8104870626124305, 'eps_end': 0.022811863610982766, 'eps_decay': 2811, 'tau': 0.0026748290732741724, 'lr': 0.0005649831409364721, 'num_steps': 20, 'hidden1_size': 64, 'hidden2_size': 4, 'lam': 0.260726860313518, 'history_length': 64}. Best is trial 23 with value: 452.5764021164021.
[I 2026-05-16 19:08:27,878] Trial 50 finished with value: 247.85386243386242 and parameters: {'batch_size': 256, 'gamma': 0.9570537890948818, 'eps_start': 0.8220559005588592, 'eps_end': 0.032231217538097705, 'eps_decay': 2218, 'tau': 0.0016516200318502413, 'lr': 0.0003407379264139357, 'num_steps': 30, 'hidden1_size': 32, 'hidden2_size': 8, 'lam': 0.12868959529443913, 'history_length': 8}. Best is trial 23 with value: 452.5764021164021.
[I 2026-05-16 19:49:08,936] Trial 52 finished with value: 115.06597883597883 and parameters: {'batch_size': 128, 'gamma': 0.9897991152984553, 'eps_start': 0.997387402290927, 'eps_end': 0.014700086001476934, 'eps_decay': 1114, 'tau': 0.005176779562906065, 'lr': 0.00022240171429593192, 'num_steps': 10, 'hidden1_size': 16, 'hidden2_size': 16, 'lam': 0.1905269440772859, 'history_length': 32}. Best is trial 23 with value: 452.5764021164021.
[I 2026-05-17 00:57:19,298] Trial 54 finished with value: 339.32402116402113 and parameters: {'batch_size': 256, 'gamma': 0.9832920725939933, 'eps_start': 0.8234200976036677, 'eps_end': 0.06510388905900924, 'eps_decay': 2859, 'tau': 0.003815312372517375, 'lr': 0.0006507297756627922, 'num_steps': 20, 'hidden1_size': 64, 'hidden2_size': 4, 'lam': 0.27839089153244095, 'history_length': 64}. Best is trial 51 with value: 479.62227513227515.
[I 2026-05-17 07:04:40,814] Trial 58 finished with value: 365.04798941798936 and parameters: {'batch_size': 256, 'gamma': 0.9935159930233718, 'eps_start': 0.9793700954445125, 'eps_end': 0.034074841451279335, 'eps_decay': 1162, 'tau': 0.004760098629059927, 'lr': 0.00016074884252544142, 'num_steps': 30, 'hidden1_size': 32, 'hidden2_size': 16, 'lam': 0.19752890855070293, 'history_length': 8}. Best is trial 51 with value: 479.62227513227515.
[I 2026-05-17 11:54:18,181] Trial 64 finished with value: 283.0762433862434 and parameters: {'batch_size': 256, 'gamma': 0.9681664075060673, 'eps_start': 0.8015407581571193, 'eps_end': 0.008741775444874107, 'eps_decay': 1748, 'tau': 0.0022777717488149845, 'lr': 0.0003354437207467447, 'num_steps': 30, 'hidden1_size': 32, 'hidden2_size': 8, 'lam': 0.1763987691804646, 'history_length': 8}. Best is trial 51 with value: 479.62227513227515.
[I 2026-05-17 13:18:15,076] Trial 66 finished with value: 190.14846560846564 and parameters: {'batch_size': 256, 'gamma': 0.96516933904128, 'eps_start': 0.9919141659104914, 'eps_end': 0.05998631034159319, 'eps_decay': 1996, 'tau': 0.0020407131865077086, 'lr': 0.0001223094160908948, 'num_steps': 10, 'hidden1_size': 32, 'hidden2_size': 8, 'lam': 0.29818718733430066, 'history_length': 4}. Best is trial 51 with value: 479.62227513227515.
[I 2026-05-17 22:49:00,191] Trial 68 finished with value: 260.14608465608467 and parameters: {'batch_size': 64, 'gamma': 0.9766712658666644, 'eps_start': 0.8364991784728675, 'eps_end': 0.015421590318156736, 'eps_decay': 1207, 'tau': 0.004095313365683536, 'lr': 0.001007822070603875, 'num_steps': 30, 'hidden1_size': 32, 'hidden2_size': 16, 'lam': 0.2083124214402315, 'history_length': 8}. Best is trial 65 with value: 480.7416402116402.
[I 2026-05-18 01:52:46,241] Trial 73 finished with value: 381.8385185185185 and parameters: {'batch_size': 64, 'gamma': 0.9733274356592325, 'eps_start': 0.9571285956885838, 'eps_end': 0.02891759796132639, 'eps_decay': 1042, 'tau': 0.003115662242316967, 'lr': 0.00024841942254993395, 'num_steps': 10, 'hidden1_size': 32, 'hidden2_size': 8, 'lam': 0.1474028741708403, 'history_length': 128}. Best is trial 71 with value: 486.6985714285714.
[I 2026-05-18 05:32:32,648] Trial 78 finished with value: 497.7857142857143 and parameters: {'batch_size': 64, 'gamma': 0.9964933938925247, 'eps_start': 0.9544110662471411, 'eps_end': 0.012088104962771216, 'eps_decay': 1523, 'tau': 0.0034439772606456934, 'lr': 0.0003981427344038167, 'num_steps': 10, 'hidden1_size': 32, 'hidden2_size': 8, 'lam': 0.16343495082209825, 'history_length': 8}. Best is trial 78 with value: 497.7857142857143.
[I 2026-05-18 07:56:32,030] Trial 84 finished with value: 281.884126984127 and parameters: {'batch_size': 64, 'gamma': 0.9957785563633659, 'eps_start': 0.9498631285390856, 'eps_end': 0.011976545493888583, 'eps_decay': 1446, 'tau': 0.0013277721360082017, 'lr': 0.000295496827201107, 'num_steps': 10, 'hidden1_size': 32, 'hidden2_size': 8, 'lam': 0.09460643655776127, 'history_length': 8}. Best is trial 78 with value: 497.7857142857143.
[I 2026-05-18 10:37:02,152] Trial 87 finished with value: 492.68296296296296 and parameters: {'batch_size': 64, 'gamma': 0.9923298725178611, 'eps_start': 0.9262078516265908, 'eps_end': 0.02072505608291273, 'eps_decay': 1837, 'tau': 0.005225279412644209, 'lr': 0.00030158830633778976, 'num_steps': 10, 'hidden1_size': 32, 'hidden2_size': 8, 'lam': 0.12356353266410275, 'history_length': 8}. Best is trial 78 with value: 497.7857142857143.
[I 2026-05-18 15:47:16,758] Trial 93 finished with value: 485.25645502645494 and parameters: {'batch_size': 256, 'gamma': 0.9928019486919717, 'eps_start': 0.9353819425658583, 'eps_end': 0.012619922349379132, 'eps_decay': 1823, 'tau': 0.0019990179116898287, 'lr': 0.00026219226567768446, 'num_steps': 10, 'hidden1_size': 64, 'hidden2_size': 8, 'lam': 0.14951929304570977, 'history_length': 8}. Best is trial 78 with value: 497.7857142857143.
[I 2026-05-18 20:38:34,075] Trial 98 finished with value: 401.9764021164021 and parameters: {'batch_size': 256, 'gamma': 0.9934997821888347, 'eps_start': 0.9348116222939422, 'eps_end': 0.013450808830335857, 'eps_decay': 1643, 'tau': 0.005696314032637279, 'lr': 0.0002694334234021175, 'num_steps': 10, 'hidden1_size': 64, 'hidden2_size': 8, 'lam': 0.15064965466146665, 'history_length': 8}. Best is trial 78 with value: 497.7857142857143.
[I 2026-05-18 22:15:19,068] Trial 103 finished with value: 149.05619047619047 and parameters: {'batch_size': 64, 'gamma': 0.9887332571688837, 'eps_start': 0.9266385219002468, 'eps_end': 0.030044415412292545, 'eps_decay': 1944, 'tau': 0.005147694942125182, 'lr': 0.00032163756337833194, 'num_steps': 10, 'hidden1_size': 32, 'hidden2_size': 8, 'lam': 0.15092521032757167, 'history_length': 8}. Best is trial 78 with value: 497.7857142857143.
[I 2026-05-19 03:03:05,698] Trial 106 finished with value: 451.23894179894177 and parameters: {'batch_size': 256, 'gamma': 0.9960694170305241, 'eps_start': 0.9379766368759062, 'eps_end': 0.019591133920037796, 'eps_decay': 1818, 'tau': 0.006263377924832764, 'lr': 0.0004008977277296707, 'num_steps': 10, 'hidden1_size': 32, 'hidden2_size': 8, 'lam': 0.17230782483975932, 'history_length': 16}. Best is trial 78 with value: 497.7857142857143.
