[I 2026-05-15 08:14:12,977] Using an existing study with name 'fractional-1500' instead of creating a new one.
[I 2026-05-15 08:14:13,811] Trial 0 pruned. Constraint violated: hidden2_size > hidden1_size
[I 2026-05-15 10:11:18,093] Trial 4 finished with value: 50.85756613756614 and parameters: {'batch_size': 256, 'gamma': 0.9847320739365414, 'eps_start': 0.8789717041159885, 'eps_end': 0.08026063523833521, 'eps_decay': 2276, 'tau': 0.004876318107017944, 'lr': 0.0017612719820731563, 'num_steps': 20, 'hidden1_size': 64, 'hidden2_size': 16, 'lam': 0.08041927585933968, 'history_length': 64}. Best is trial 4 with value: 50.85756613756614.
[I 2026-05-15 14:25:38,543] Trial 6 finished with value: 169.00962962962964 and parameters: {'batch_size': 64, 'gamma': 0.9701534989871938, 'eps_start': 0.9670806273086905, 'eps_end': 0.09126396329465296, 'eps_decay': 2935, 'tau': 0.008614927634105835, 'lr': 0.004042758620292669, 'num_steps': 30, 'hidden1_size': 16, 'hidden2_size': 8, 'lam': 0.1340980003789477, 'history_length': 8}. Best is trial 3 with value: 259.12465608465607.
[I 2026-05-15 17:50:46,711] Trial 11 finished with value: 340.31396825396826 and parameters: {'batch_size': 64, 'gamma': 0.9657010325494562, 'eps_start': 0.9257784743957651, 'eps_end': 0.006186413527467826, 'eps_decay': 1508, 'tau': 0.0047987102257962405, 'lr': 0.0009745233534783372, 'num_steps': 10, 'hidden1_size': 16, 'hidden2_size': 16, 'lam': 0.2717415063330079, 'history_length': 128}. Best is trial 9 with value: 369.42719576719577.
[I 2026-05-15 22:38:21,918] Trial 15 finished with value: 427.12772486772485 and parameters: {'batch_size': 256, 'gamma': 0.9615930991233909, 'eps_start': 0.9205919375425557, 'eps_end': 0.023988390109954627, 'eps_decay': 1748, 'tau': 0.004034663860655166, 'lr': 0.00019557567724449063, 'num_steps': 20, 'hidden1_size': 32, 'hidden2_size': 16, 'lam': 0.1260662654335542, 'history_length': 32}. Best is trial 15 with value: 427.12772486772485.
[I 2026-05-15 22:38:23,584] Trial 24 pruned. Constraint violated: hidden2_size > hidden1_size
[I 2026-05-16 01:29:01,390] Trial 25 finished with value: 83.04179894179894 and parameters: {'batch_size': 256, 'gamma': 0.9679451081023212, 'eps_start': 0.830493964312444, 'eps_end': 0.08598267321268994, 'eps_decay': 1688, 'tau': 0.006162835553630639, 'lr': 0.007420895548542003, 'num_steps': 30, 'hidden1_size': 8, 'hidden2_size': 4, 'lam': 0.09082436854113547, 'history_length': 128}. Best is trial 15 with value: 427.12772486772485.
[I 2026-05-16 04:22:08,996] Trial 31 finished with value: 161.04322751322752 and parameters: {'batch_size': 256, 'gamma': 0.9589412595782387, 'eps_start': 0.8013171810070703, 'eps_end': 0.030990821282988426, 'eps_decay': 1928, 'tau': 0.0010122328192136336, 'lr': 0.0003743965684443557, 'num_steps': 20, 'hidden1_size': 32, 'hidden2_size': 8, 'lam': 0.15311399450761798, 'history_length': 16}. Best is trial 23 with value: 452.5764021164021.
[I 2026-05-16 04:45:02,665] Trial 34 finished with value: 16.990899470899468 and parameters: {'batch_size': 256, 'gamma': 0.9635619830197218, 'eps_start': 0.8464995312215391, 'eps_end': 0.042524141027263734, 'eps_decay': 1977, 'tau': 0.005711858361285612, 'lr': 0.00010000501859699888, 'num_steps': 20, 'hidden1_size': 32, 'hidden2_size': 8, 'lam': 0.2607136757603281, 'history_length': 64}. Best is trial 23 with value: 452.5764021164021.
[I 2026-05-16 08:16:19,771] Trial 37 finished with value: 344.94783068783073 and parameters: {'batch_size': 256, 'gamma': 0.9582396197856792, 'eps_start': 0.860800597478944, 'eps_end': 0.018376951723705577, 'eps_decay': 2546, 'tau': 0.00407328177990789, 'lr': 0.00019064643179071944, 'num_steps': 20, 'hidden1_size': 32, 'hidden2_size': 4, 'lam': 0.2845131666693764, 'history_length': 32}. Best is trial 23 with value: 452.5764021164021.
[I 2026-05-16 10:14:51,767] Trial 41 finished with value: 166.22915343915346 and parameters: {'batch_size': 256, 'gamma': 0.9714982209801024, 'eps_start': 0.9203420524726365, 'eps_end': 0.026823849016422235, 'eps_decay': 1630, 'tau': 0.0030104456957957787, 'lr': 0.0002818154304146647, 'num_steps': 20, 'hidden1_size': 16, 'hidden2_size': 4, 'lam': 0.2167877881844338, 'history_length': 64}. Best is trial 23 with value: 452.5764021164021.
[I 2026-05-16 12:24:02,585] Trial 46 finished with value: 165.38629629629628 and parameters: {'batch_size': 256, 'gamma': 0.9535451434114434, 'eps_start': 0.8093521013841812, 'eps_end': 0.0738484582065939, 'eps_decay': 1377, 'tau': 0.002764987570714656, 'lr': 0.00014140799425117385, 'num_steps': 20, 'hidden1_size': 64, 'hidden2_size': 4, 'lam': 0.2590193919873197, 'history_length': 4}. Best is trial 23 with value: 452.5764021164021.
[I 2026-05-16 19:19:31,762] Trial 48 finished with value: 365.0160317460318 and parameters: {'batch_size': 256, 'gamma': 0.9563208073224935, 'eps_start': 0.998373004600495, 'eps_end': 0.021852817523136038, 'eps_decay': 2206, 'tau': 0.001803823881839785, 'lr': 0.0005888433108894431, 'num_steps': 30, 'hidden1_size': 64, 'hidden2_size': 8, 'lam': 0.1369790488675291, 'history_length': 4}. Best is trial 23 with value: 452.5764021164021.
[I 2026-05-16 20:23:47,704] Trial 53 finished with value: 87.05121693121694 and parameters: {'batch_size': 128, 'gamma': 0.9667711469869494, 'eps_start': 0.940541610412022, 'eps_end': 0.07588302987435619, 'eps_decay': 1522, 'tau': 0.0039671450724981456, 'lr': 0.0002264664195682778, 'num_steps': 10, 'hidden1_size': 16, 'hidden2_size': 16, 'lam': 0.20200559164550716, 'history_length': 32}. Best is trial 23 with value: 452.5764021164021.
[I 2026-05-17 02:32:14,185] Trial 55 finished with value: 313.0253968253968 and parameters: {'batch_size': 256, 'gamma': 0.9834267366000323, 'eps_start': 0.8213852173192717, 'eps_end': 0.06424241003591066, 'eps_decay': 2517, 'tau': 0.004425588697979545, 'lr': 0.0007266841757077024, 'num_steps': 20, 'hidden1_size': 64, 'hidden2_size': 32, 'lam': 0.2804242458477798, 'history_length': 64}. Best is trial 51 with value: 479.62227513227515.
[I 2026-05-17 04:30:32,963] Trial 60 finished with value: 47.51968253968255 and parameters: {'batch_size': 64, 'gamma': 0.9917649404438174, 'eps_start': 0.9097141717977623, 'eps_end': 0.03496639792731522, 'eps_decay': 1102, 'tau': 0.003290316772775317, 'lr': 0.00018380024080136598, 'num_steps': 30, 'hidden1_size': 32, 'hidden2_size': 16, 'lam': 0.22989933681476937, 'history_length': 8}. Best is trial 51 with value: 479.62227513227515.
[I 2026-05-17 10:54:08,643] Trial 62 finished with value: 355.45513227513226 and parameters: {'batch_size': 256, 'gamma': 0.9610225321189965, 'eps_start': 0.9602858013389871, 'eps_end': 0.04964734062963914, 'eps_decay': 2330, 'tau': 0.00490150179963415, 'lr': 0.00045784385373240957, 'num_steps': 30, 'hidden1_size': 32, 'hidden2_size': 16, 'lam': 0.1787128982168793, 'history_length': 8}. Best is trial 51 with value: 479.62227513227515.
[I 2026-05-17 15:45:38,081] Trial 65 finished with value: 480.7416402116402 and parameters: {'batch_size': 256, 'gamma': 0.965643058205077, 'eps_start': 0.9865053544452973, 'eps_end': 0.00782631759254749, 'eps_decay': 1861, 'tau': 0.002213335979669379, 'lr': 0.00034507324605293887, 'num_steps': 10, 'hidden1_size': 32, 'hidden2_size': 8, 'lam': 0.1657548170458668, 'history_length': 8}. Best is trial 65 with value: 480.7416402116402.
[I 2026-05-17 20:15:02,437] Trial 70 finished with value: 380.7702645502645 and parameters: {'batch_size': 64, 'gamma': 0.969347100622882, 'eps_start': 0.9714067086095213, 'eps_end': 0.015431709246432168, 'eps_decay': 1266, 'tau': 0.004111971151065067, 'lr': 0.0011210639067154324, 'num_steps': 10, 'hidden1_size': 32, 'hidden2_size': 16, 'lam': 0.15897601532236444, 'history_length': 8}. Best is trial 65 with value: 480.7416402116402.
[I 2026-05-17 22:52:28,527] Trial 72 finished with value: 232.91703703703703 and parameters: {'batch_size': 64, 'gamma': 0.9613602346640133, 'eps_start': 0.9651650193037866, 'eps_end': 0.005111222772888544, 'eps_decay': 1304, 'tau': 0.0031542224956994506, 'lr': 0.00025160540444378577, 'num_steps': 10, 'hidden1_size': 32, 'hidden2_size': 8, 'lam': 0.14511389338622963, 'history_length': 128}. Best is trial 65 with value: 480.7416402116402.
[I 2026-05-18 04:39:36,820] Trial 74 finished with value: 365.81555555555553 and parameters: {'batch_size': 64, 'gamma': 0.9688021489869649, 'eps_start': 0.9550195964425212, 'eps_end': 0.009618601046234023, 'eps_decay': 1087, 'tau': 0.003649703061376406, 'lr': 0.0014365770414120774, 'num_steps': 10, 'hidden1_size': 32, 'hidden2_size': 16, 'lam': 0.15651357074712122, 'history_length': 8}. Best is trial 71 with value: 486.6985714285714.
[I 2026-05-18 05:36:38,590] Trial 81 finished with value: 64.10788359788359 and parameters: {'batch_size': 128, 'gamma': 0.9948589008288453, 'eps_start': 0.9741902822754575, 'eps_end': 0.025239428108161224, 'eps_decay': 1164, 'tau': 0.001389534918660972, 'lr': 0.00040431358942321624, 'num_steps': 10, 'hidden1_size': 8, 'hidden2_size': 8, 'lam': 0.17296117537330888, 'history_length': 32}. Best is trial 78 with value: 497.7857142857143.
[I 2026-05-18 07:39:29,776] Trial 85 finished with value: 235.61555555555555 and parameters: {'batch_size': 64, 'gamma': 0.9966482413233955, 'eps_start': 0.934876688152147, 'eps_end': 0.01291481595625845, 'eps_decay': 1560, 'tau': 0.001730068451249532, 'lr': 0.0003267784468305603, 'num_steps': 10, 'hidden1_size': 32, 'hidden2_size': 8, 'lam': 0.09715035314301738, 'history_length': 8}. Best is trial 78 with value: 497.7857142857143.
[I 2026-05-18 09:58:04,064] Trial 86 finished with value: 153.07502645502643 and parameters: {'batch_size': 64, 'gamma': 0.9919313452907795, 'eps_start': 0.9511979995710461, 'eps_end': 0.02094484098149429, 'eps_decay': 1437, 'tau': 0.0014281468744615996, 'lr': 0.0003259655982395986, 'num_steps': 10, 'hidden1_size': 32, 'hidden2_size': 8, 'lam': 0.12398708651009475, 'history_length': 8}. Best is trial 78 with value: 497.7857142857143.
[I 2026-05-18 11:59:07,824] Trial 90 finished with value: 108.17634920634922 and parameters: {'batch_size': 256, 'gamma': 0.997793638787985, 'eps_start': 0.9197872115322687, 'eps_end': 0.017612405964895488, 'eps_decay': 1347, 'tau': 0.0024258171490276733, 'lr': 0.000635549914961826, 'num_steps': 10, 'hidden1_size': 32, 'hidden2_size': 8, 'lam': 0.06980634842366708, 'history_length': 8}. Best is trial 78 with value: 497.7857142857143.
[I 2026-05-18 17:02:24,563] Trial 95 finished with value: 453.012328042328 and parameters: {'batch_size': 256, 'gamma': 0.9935529685257714, 'eps_start': 0.9445122158878705, 'eps_end': 0.027406637474918963, 'eps_decay': 1847, 'tau': 0.00559063293181682, 'lr': 0.00025726396975410556, 'num_steps': 10, 'hidden1_size': 32, 'hidden2_size': 8, 'lam': 0.1648811675422528, 'history_length': 8}. Best is trial 78 with value: 497.7857142857143.
[I 2026-05-18 21:21:24,230] Trial 99 finished with value: 487.19380952380953 and parameters: {'batch_size': 256, 'gamma': 0.992594237696753, 'eps_start': 0.9338080242404443, 'eps_end': 0.027698763229851146, 'eps_decay': 1625, 'tau': 0.005731194234578911, 'lr': 0.0002691316607617942, 'num_steps': 10, 'hidden1_size': 32, 'hidden2_size': 8, 'lam': 0.14926334684312256, 'history_length': 8}. Best is trial 78 with value: 497.7857142857143.
[I 2026-05-19 02:17:39,247] Trial 105 finished with value: 485.62873015873015 and parameters: {'batch_size': 256, 'gamma': 0.9885746718051631, 'eps_start': 0.9386476979057339, 'eps_end': 0.0313238279080741, 'eps_decay': 1947, 'tau': 0.0059860168923687885, 'lr': 0.0003956348786634179, 'num_steps': 10, 'hidden1_size': 32, 'hidden2_size': 8, 'lam': 0.13078634566187625, 'history_length': 8}. Best is trial 78 with value: 497.7857142857143.
